Timestamp,gyro,leftEncoder,rightEncoder
1541718272.396857,5772,0,0
0.050617,6348,0,0
0.051034,5864,0,0
0.049993,6086,0,0
0.050011,6028,0,0
0.050010,6085,0,0
0.050261,5746,0,0
0.050105,6024,0,0
0.050163,6198,0,0
0.050086,6172,0,0
0.051074,6185,0,0
0.050020,6034,0,0
0.050016,4147,0,0
0.051060,6106,0,0
0.050241,6080,0,0
0.050214,5751,0,0
0.050066,6153,0,0
0.050132,6127,0,0
0.050119,5935,0,0
0.050014,5732,0,0
0.050205,6411,0,0
0.050116,5864,0,0
0.050046,5997,0,0
0.050127,5781,0,0
0.050009,6076,0,0
0.050710,6525,-23,13
0.050101,8241,-225,216
0.050035,33670,-358,381
0.050038,96611,-672,597
0.050095,143084,-973,933
0.050152,164899,-1154,1157
0.050164,184014,-1319,1358
0.050001,196431,-1455,1490
0.050006,230211,-1651,1672
0.050190,246502,-1729,1732
0.050036,239356,-1728,1738
0.051002,259692,-1828,1887
0.050108,232959,-1771,1806
0.051069,241104,-1772,1785
0.050081,239175,-1780,1793
0.050006,239624,-1736,1736
0.050287,239617,-1782,1767
0.051049,228047,-1783,1782
0.050251,255172,-1792,1787
0.050141,230584,-1772,1767
0.050021,243318,-1829,1810
0.051063,243101,-1819,1819
0.050184,240664,-1752,1751
0.050030,245101,-1866,1847
0.050007,247298,-1922,1919
0.050009,276233,-2027,2011
0.050042,282480,-2110,2080
0.050041,273418,-2070,2048
0.050040,286613,-2088,2102
0.050026,283461,-2047,2055
0.050036,282804,-2083,2097
0.050136,284021,-2062,2094
0.051040,268697,-2086,2099
0.050172,282875,-2078,2077
0.050082,287577,-2113,2095
0.050004,273774,-2063,2057
0.050236,287384,-2107,2122
0.050031,289564,-2077,2096
0.050021,282637,-2101,2103
0.050056,283055,-2076,2049
0.050752,287047,-2082,2098
0.049999,275515,-2084,2117
0.050079,289672,-2091,2093
0.051004,287970,-2107,2105
0.050997,288000,-2149,2147
0.051007,286437,-2139,2132
0.050977,283754,-2081,2089
0.051025,284443,-2113,2147
0.051022,302463,-2145,2159
0.050981,276326,-2106,2109
0.050976,303414,-2153,2170
0.051018,288777,-2148,2158
0.051031,283757,-2158,2150
0.050080,297504,-2036,2061
0.051036,283123,-2131,2131
0.050098,294919,-2075,2071
0.051054,281678,-2111,2127
0.051015,297183,-2075,2065
0.050018,270106,-2078,2078
0.050997,295872,-2091,2123
0.050979,280626,-2102,2117
0.051011,297034,-2271,2274
0.050991,273229,-1955,1958
0.051045,283745,-2135,2131
0.051039,281858,-2072,2064
0.050965,281686,-2119,2114
0.051069,282193,-2125,2126
0.050048,282559,-2058,2070
0.051008,283407,-2055,2079
0.050956,283526,-2113,2124
0.050989,282937,-2138,2145
0.051013,299888,-2114,2129
0.051010,272232,-2087,2078
0.050908,295155,-2144,2136
0.051013,282506,-2063,2084
0.050023,269338,-2078,2091
0.051050,295556,-2170,2118
0.050959,300476,-2144,2122
0.051036,290723,-2083,2123
0.050009,276168,-2075,2108
0.050613,284440,-2115,2133
0.050972,284530,-2118,2130
0.050082,283158,-2105,2070
0.050935,283019,-2136,2100
0.051009,281971,-2072,2083
0.050976,296803,-2120,2106
0.050657,284214,-2085,2104
0.050560,285476,-2083,2089
0.050100,274072,-2051,2019
0.050838,286523,-2151,2125
0.050023,283218,-2030,2024
0.050050,268337,-2074,2065
0.050009,282623,-2077,2084
0.050035,285677,-2083,2089
0.050068,283461,-2080,2075
0.050070,269960,-2037,2027
0.050097,281740,-2072,2081
0.050004,282094,-2047,2056
0.050251,281409,-2065,2071
0.050104,268239,-2079,2100
0.050243,283305,-2068,2063
0.050089,282679,-2083,2074
0.050021,268248,-2017,2031
0.050140,281063,-2098,2086
0.051043,281573,-2067,2061
0.051023,280548,-2108,2127
0.051032,293654,-2118,2138
0.050016,269022,-2024,2048
0.050010,280934,-2065,2086
0.050033,279949,-2050,2086
0.049997,281568,-2068,2073
0.050021,266398,-2029,2045
0.050037,280498,-2057,2091
0.050030,281875,-2057,2090
0.050045,264398,-2026,2015
0.050044,278472,-2067,2047
0.051078,284555,-2100,2121
0.050290,289084,-2060,2109
0.050063,275451,-2012,2044
0.050018,285662,-2090,2112
0.050680,284034,-2088,2111
0.051040,283832,-2140,2147
0.050052,285365,-2063,2064
0.051033,285634,-2151,2118
0.051009,288672,-2078,2094
0.051007,289225,-2141,2156
0.051033,306396,-2141,2133
0.050004,276820,-2044,2055
0.050223,287345,-2110,2126
0.051047,287850,-2129,2138
0.050057,286045,-2107,2116
0.051044,287211,-2092,2091
0.050051,285590,-2098,2091
0.050030,270204,-2098,2086
0.050052,283292,-2070,2066
0.050001,281918,-2040,2042
0.051050,280155,-2120,2133
0.051007,279114,-2070,2070
0.050079,281050,-2085,2068
0.050039,280132,-2077,2063
0.049997,265705,-2086,2054
0.051039,278290,-2089,2037
0.050018,279300,-2081,2054
0.050076,279229,-2065,2080
0.050092,265652,-2038,2026
0.051055,280836,-2118,2115
0.051054,296355,-2135,2148
0.050091,284430,-2100,2088
0.050100,271828,-2070,2055
0.050001,274174,-2114,2102
0.050028,301747,-2130,2101
0.051059,286980,-2095,2099
0.051046,282341,-2142,2147
0.050022,266560,-2035,1998
0.050076,283978,-2102,2072
0.050037,288654,-2030,2062
0.049999,287835,-2078,2096
0.050139,271984,-2096,2091
0.050055,284383,-2041,2019
0.050205,284563,-2087,2076
0.050728,285614,-2069,2067
0.050192,284815,-2067,2076
0.050243,271718,-2079,2081
0.050029,285362,-2029,2026
0.050380,285184,-2078,2069
0.050038,286282,-2074,2067
0.050015,271093,-2078,2094
0.050224,282010,-2078,2084
0.050014,280357,-2027,2035
0.051026,280700,-2109,2118
0.050462,280746,-2090,2098
0.050686,282041,-2083,2110
0.051008,285357,-2128,2119
0.051357,283484,-2136,2152
0.050225,282399,-2016,2056
0.050501,279041,-2067,2090
0.050573,279301,-2121,2118
0.050695,281591,-2069,2085
0.050066,279612,-2097,2066
0.050581,265690,-2071,2050
0.050653,280013,-2062,2060
0.050729,280820,-2072,2080
0.050178,280236,-2068,2062
0.050543,280943,-2056,2074
0.050395,284239,-2084,2098
0.051018,286715,-2170,2176
0.050111,272989,-2039,2041
0.049998,285225,-2099,2079
0.050004,282392,-2094,2077
0.050097,282455,-2033,2033
0.050057,268756,-2057,2062
0.050104,272825,-2032,2006
0.051048,266083,-1913,1904
0.051006,259565,-1829,1812
0.051047,259771,-1670,1646
0.051042,209557,-1472,1442
0.050990,180926,-1320,1295
0.050819,149964,-1118,1103
0.051049,131855,-946,937
0.050025,112933,-752,745
0.050469,89676,-606,588
0.051030,62839,-428,407
0.051077,30368,-249,200
0.050047,2603,-123,90
0.050008,-4249,-88,109
0.050052,-1504,-11,32
0.050042,3152,0,10
0.050409,7218,0,10
0.050424,7530,0,17
0.050432,6628,0,15
0.050174,7257,1,14
0.050012,7563,0,27
0.051046,7607,0,28
0.051042,7292,0,17
0.050080,6008,0,7
0.051017,6315,0,0
0.050010,5891,0,0
0.051011,6273,0,0
0.050126,6191,0,0
0.051044,6106,0,0
0.050014,6442,0,0
0.051014,5839,0,0
0.050082,6123,0,0
0.051038,6083,0,0
0.050047,6200,0,0
0.051036,6209,0,0
0.050054,5827,0,0
0.051043,6398,0,0
0.050066,5913,0,0
0.050028,6118,0,0
0.051021,6153,0,0
0.050088,6211,0,0
0.050008,6161,0,0
0.051040,6168,0,0
0.051022,6120,0,0
0.051044,6028,0,0
0.050013,6102,0,0
0.051042,6051,0,0
0.051010,6200,0,0
0.051047,6130,0,0
0.050555,6103,0,0
0.050992,6074,0,0
0.051053,6197,0,0
0.051011,6013,0,0
0.050025,6027,0,0
0.050014,6247,0,0
0.050062,5869,0,0
0.050017,5988,0,0
0.050983,6234,0,0
0.050974,6056,0,0
0.050994,6150,0,0
0.049995,6108,0,0
0.050522,6164,0,0
0.050477,6103,0,0
0.050115,5897,0,0
0.050330,6398,0,0
0.050033,5846,0,0
0.050740,6410,0,0
0.050151,5785,0,0
0.050602,6160,0,0
0.050380,6207,0,0
0.050576,6211,0,0
0.050023,5734,0,0
0.050107,6225,0,0
0.050037,6141,0,0
0.050178,6030,0,0
0.050921,5827,0,0
