Timestamp,gyro,leftEncoder,rightEncoder
1541717707.933466,6871,0,0
0.050326,4765,0,0
0.050023,5821,0,0
0.050962,5949,0,0
0.050022,6046,0,0
0.051033,5994,0,0
0.050016,6102,0,0
0.050011,5760,0,0
0.050048,5976,0,0
0.050209,5928,0,0
0.050268,5994,0,0
0.050059,5965,0,0
0.050994,5910,0,0
0.050084,5671,0,0
0.050059,6050,0,0
0.051065,5982,0,0
0.050254,5984,0,0
0.050268,6080,0,0
0.050077,5937,0,0
0.050184,5752,0,0
0.050122,6123,0,0
0.051047,5908,0,0
0.050080,6048,0,0
0.050978,5974,0,0
0.050019,5943,0,0
0.050142,5968,0,0
0.050179,6056,0,0
0.050090,5677,0,0
0.050201,5929,0,0
0.050491,5624,0,0
0.051034,6288,0,0
0.051044,6022,0,0
0.050992,5859,0,0
0.050221,5775,0,0
0.050318,6043,0,0
0.050277,5895,0,0
0.050390,5739,0,0
0.050414,6253,0,0
0.050568,5681,0,0
0.050095,6054,0,0
0.050097,5879,0,0
0.050230,5581,0,0
0.050376,6246,-45,11
0.050403,6761,-244,205
0.050283,21272,-399,391
0.050083,76360,-660,582
0.050213,142907,-1072,1036
0.051059,197126,-1324,1368
0.050280,196811,-1424,1491
0.050180,211332,-1456,1485
0.050223,208448,-1478,1530
0.050229,202090,-1434,1493
0.050456,198412,-1426,1461
0.050206,188588,-1439,1453
0.050004,196321,-1403,1406
0.051072,195564,-1467,1445
0.050326,195313,-1454,1428
0.050181,195551,-1413,1399
0.050141,185963,-1433,1448
0.050355,195078,-1399,1417
0.050351,187568,-1340,1330
0.050305,175135,-1213,1207
0.050518,160354,-1172,1168
0.050177,140430,-1073,1081
0.050454,134481,-961,962
0.050442,114788,-831,817
0.050426,105220,-683,657
0.050459,86134,-508,483
0.050482,57137,-340,294
0.050622,23772,-183,116
0.051038,1374,-102,116
0.051074,-792,-61,76
0.050991,2323,-37,13
0.050188,4113,-26,44
0.050372,8105,0,51
0.050058,10452,0,37
0.050445,7026,0,28
0.050201,5912,0,10
0.050344,6552,0,9
0.050224,6977,0,17
0.050085,6862,0,9
0.050295,5778,0,5
0.050224,6046,0,0
0.051041,5850,0,0
0.050947,6352,0,0
0.050015,5716,-18,24
0.050020,12741,-167,210
0.050980,40865,-317,329
0.050209,65663,-383,375
0.051061,68460,-385,369
0.050970,58217,-272,287
0.050960,43278,-151,120
0.050171,25921,-96,71
0.051041,2097,-41,5
0.050538,-5970,-58,48
0.050601,-3550,-17,34
0.050053,3479,0,4
0.050057,8039,0,15
0.050230,7643,0,18
0.050679,6397,0,4
0.050271,6016,0,0
0.050615,5963,0,-1
0.050542,5696,0,0
0.050330,6263,0,-2
0.050105,5658,0,0
0.050103,5880,0,0
0.050200,6038,0,0
0.050338,5692,0,0
0.050211,5951,0,0
0.050782,5960,0,0
0.050122,5824,0,0
0.050257,5648,0,0
0.050922,6232,0,0
0.050965,6027,0,0
0.050725,5893,0,0
0.050440,5845,0,0
0.050071,5831,0,0
0.050266,5886,0,0
0.050013,5888,0,0
0.050496,6001,0,0
0.050091,5950,0,0
0.050684,5671,0,0
0.050894,6363,0,0
0.050254,5705,0,0
0.051054,6250,0,0
0.050983,5668,0,0
0.050177,5945,0,0
0.050156,5996,0,0
0.050074,5951,0,0
0.049993,6092,0,0
0.050139,5931,0,0
0.050108,5642,0,0
0.051063,6004,0,0
0.051068,5959,0,0
0.050043,5909,0,0
0.050044,5920,0,0
0.050290,5645,0,0
0.050262,6262,0,0
0.050034,5657,0,0
0.051057,6259,0,0
0.050272,5659,0,0
0.050187,5859,0,0
0.050086,5757,0,0
0.051026,6254,0,0
0.050173,5781,0,0
0.050307,5878,0,0
0.050130,6043,0,0
0.050051,5529,0,0
0.050389,5915,0,0
0.050694,6098,0,0
0.050005,6028,0,0
0.051044,5972,0,0
0.050139,6041,0,0
0.051027,5773,0,0
0.050030,6218,0,0
0.050061,6000,0,0
0.050045,5679,0,0
0.050021,5958,0,0
0.050129,5626,0,0
0.050106,6055,0,0
0.050112,5973,0,0
0.050111,6078,0,0
0.050080,5702,0,0
0.051061,6369,0,0
0.050018,5954,0,0
0.051056,5724,0,0
0.051031,6185,0,0
0.051003,5583,0,0
0.050112,5871,0,0
0.051046,6115,0,0
0.051031,6007,0,0
0.051000,5857,0,0
0.051006,5966,0,0
0.051041,5914,0,0
0.051056,5983,0,0
0.051000,5897,0,0
0.050058,5906,0,0
0.050997,5918,0,0
0.051007,5955,0,0
0.051013,5980,0,0
0.051041,6098,0,0
0.050967,5937,0,0
0.051040,6151,0,0
0.051003,6092,41,16
0.051011,7769,264,228
0.050104,14093,487,404
0.050246,9428,680,720
0.050033,4566,865,836
0.050972,2712,1069,1073
0.050864,9521,1168,1166
0.051047,15389,1213,1263
0.051015,11263,1190,1222
0.050997,2215,1207,1232
0.051017,4301,1188,1208
0.051009,7195,1188,1195
0.050059,10127,1202,1182
0.050970,11053,1224,1224
0.051028,8052,1192,1226
0.051010,-1077,1254,1266
0.051027,718,1308,1244
0.051037,3993,1357,1340
0.051017,4161,1354,1367
0.051013,4590,1390,1374
0.051034,5659,1521,1506
0.050015,6975,1594,1590
0.050978,3722,1672,1678
0.050160,3359,1787,1772
0.050995,5482,1902,1895
0.051042,10220,2014,2038
0.050994,6317,2010,2031
0.051013,4180,2069,2062
0.051039,8135,2093,2096
0.050976,10555,2066,2118
0.051011,9482,2137,2155
0.050030,5367,2060,2090
0.050153,2501,2103,2101
0.050114,1572,2073,2058
0.050164,4583,2080,2057
0.050130,4601,2049,2034
0.050097,7745,2081,2077
0.050141,5695,2073,2081
0.051063,6274,2076,2068
0.051020,7913,2052,2098
0.050982,8268,1981,2150
0.050072,11082,1779,2080
0.050094,17050,1597,2060
0.050999,46651,1518,2121
0.050994,60332,1391,2101
0.051038,59096,1397,2091
0.050413,58322,1356,2048
0.051038,57440,1358,2100
0.050959,57317,1309,2052
0.051004,53771,1326,2111
0.050999,50786,1337,2099
0.050124,46298,1298,2026
0.050979,52580,1341,2111
0.051047,50570,1349,2108
0.050107,52593,1352,2050
0.050132,50842,1452,2059
0.050094,52732,1654,2050
0.050004,35571,1709,2033
0.050037,9353,1900,2060
0.051014,3567,2086,2119
0.050232,2145,2073,2091
0.051065,2639,2132,2124
0.050008,4878,2087,2075
0.051014,8577,2078,2078
0.050027,8456,2053,2079
0.050066,4296,2059,2057
0.050051,9674,2039,2022
0.050066,13915,2052,2090
0.050135,15173,2067,2057
0.050194,7681,2056,1939
0.051053,549,2096,1814
0.050166,-15584,2045,1730
0.050978,-22707,2101,1955
0.050331,-13275,2080,1948
0.050064,-4980,2033,1910
0.050109,2325,2048,2016
0.050244,6702,2041,1984
0.050136,7323,2029,1928
0.050077,1010,2062,1830
0.050071,-8136,2066,1650
0.050104,-26488,2066,1581
0.050623,-35678,2130,1809
0.050085,-28833,2060,1853
0.050133,-7994,2056,1833
0.050141,9636,2021,1938
0.050068,10036,1997,1907
0.050637,3659,2103,1880
0.050049,-6041,2072,1668
0.051034,-26454,2123,1642
0.050182,-34978,2068,1767
0.050146,-26679,2034,1855
0.050061,-12023,2038,1814
0.050002,2154,2042,1965
0.050049,11050,2030,2045
0.050127,12364,2098,2154
0.050261,7746,2065,2111
0.050073,7686,2063,2096
0.050035,6679,2060,2076
0.050094,6939,2020,2028
0.050117,8362,2070,2092
0.050049,5859,2057,2077
0.051039,4963,2112,2120
0.050211,5592,2062,2065
0.050204,5303,2061,2060
0.050051,6392,2064,2059
0.050170,7139,2043,2055
0.050105,536,1968,1974
0.050133,-1466,1866,1842
0.050167,1614,1702,1695
0.050088,11023,1549,1554
0.050092,24003,1390,1384
0.050184,4023,1206,1218
0.050087,-3292,1046,1044
0.050138,2052,877,877
0.050079,4909,798,706
0.050081,3662,876,543
0.051042,-10035,1066,348
0.050687,-55816,1151,114
0.050964,-114121,1599,-14
0.050460,-139885,1909,-207
0.050652,-144201,1994,-433
0.050862,-170806,2073,-746
0.050407,-207174,2042,-1130
0.050505,-227621,2049,-1591
0.050414,-277006,2126,-1940
0.050716,-261781,2091,-2060
0.050368,-274631,2068,-2098
0.050718,-275695,2102,-2155
0.050116,-276330,2051,-2131
0.050163,-259400,2057,-2096
0.050077,-257431,2065,-2081
0.050006,-269902,2030,-2037
0.050997,-264827,1959,-1976
0.050205,-253019,1835,-1861
0.050382,-236212,1747,-1747
0.050257,-219076,1524,-1535
0.050076,-185152,1360,-1378
0.050162,-152327,1204,-1201
0.050357,-118478,1022,-1039
0.050990,-112496,876,-881
0.050016,-85920,672,-657
0.050992,-69520,529,-516
0.051015,-41568,355,-358
0.051039,-18585,188,-218
0.050058,325,108,-120
0.051038,10660,143,-26
0.051041,14166,328,184
0.050096,-731,404,396
0.050072,-12493,729,548
0.051052,-6127,1177,1014
0.051018,2893,1581,1516
0.051048,7813,1762,1779
0.050956,12877,1848,1884
0.051020,14551,1873,1941
0.051011,8210,1889,1937
0.049994,4200,1837,1863
0.050134,889,1841,1851
0.050102,2036,1839,1794
0.050106,6556,1832,1806
0.050114,7946,1838,1843
0.050233,4301,1832,1830
0.050277,3745,1821,1788
0.050059,7231,1841,1829
0.050518,9704,1836,1857
0.050035,9820,1839,1870
0.050694,5938,1877,1892
0.050694,2121,1833,1826
0.050546,3210,1891,1868
0.051048,6330,1869,1835
0.050961,10204,1883,1884
0.050694,6712,1874,1896
0.050481,4386,1830,1831
0.050559,3922,1845,1837
0.050039,4141,1842,1824
0.050811,5248,1878,1854
0.050561,6968,1838,1827
0.050606,4661,1886,1887
0.050044,5382,1827,1817
0.051014,5665,1821,1821
0.050320,5525,1875,1873
0.050644,5713,1824,1819
0.050345,4796,1833,1832
0.050776,5471,1865,1860
0.050455,4454,1838,1829
0.050546,4846,1828,1819
0.050118,5540,1836,1832
0.050034,6326,1810,1816
0.051006,4516,1852,1864
0.050175,703,1836,1830
0.050030,2374,1833,1813
0.050043,3495,1845,1834
0.050065,3088,1819,1803
0.050056,4155,1755,1750
0.050178,4033,1751,1753
0.050217,2678,1638,1660
0.050015,3426,1490,1570
0.051036,9630,1353,1543
0.050332,28295,1154,1542
0.050096,41004,1098,1642
0.050173,48678,1178,1601
0.050088,52178,1306,1659
0.050221,22456,1444,1758
0.050979,4741,1731,1792
0.050427,7003,1821,1824
0.050575,6407,1895,1941
0.050316,-19,1847,1834
0.050636,4287,1862,1823
0.050484,9852,1903,1898
0.050589,13008,1856,1886
0.050394,10898,1897,1932
0.050418,7168,1869,1887
0.050732,6225,1859,1865
0.050546,4419,1861,1867
0.050516,4551,1721,1738
0.050331,4242,1608,1712
0.050628,5758,1582,1835
0.050591,12707,1724,1827
0.050522,20691,1864,1823
0.050491,24651,1839,1884
0.050485,10844,1801,1911
0.050478,3575,1918,1932
0.050332,4479,2006,1996
0.050109,3495,1919,1924
0.050094,3854,1908,1924
0.051064,5032,1837,1872
0.050250,4188,1651,1687
0.051058,4382,1543,1700
0.050106,21299,1411,1704
0.050106,28555,1637,1797
0.050253,26630,1696,1750
0.050025,12218,1590,1709
0.050068,116,1741,1748
0.050047,4323,1826,1792
0.050062,7101,1710,1742
0.051045,5857,1611,1643
0.050095,-557,1419,1625
0.051001,13798,1383,1740
0.051030,29146,1564,1762
0.049999,35519,1661,1702
0.050020,19687,1520,1708
0.050014,4240,1693,1742
0.050225,6587,1720,1736
0.049997,5800,1589,1631
0.051005,5420,1436,1590
0.050092,20060,1351,1648
0.051012,30266,1553,1767
0.050858,27419,1668,1760
0.050046,6533,1523,1631
0.051039,1491,1730,1718
0.050080,2401,1653,1648
0.050027,-2726,1561,1597
0.050108,412,1378,1559
0.050057,27762,1327,1619
0.050117,34324,1457,1668
0.050129,39323,1606,1697
0.051054,15006,1554,1728
0.051019,776,1682,1695
0.050996,2326,1722,1756
0.050129,2549,1565,1651
0.051059,8926,1396,1657
0.050128,31252,1208,1677
0.050154,47105,1139,1709
0.050084,52924,1282,1652
0.050263,47431,1365,1740
0.050154,12995,1573,1801
0.050088,4533,1897,1897
0.050053,8352,1985,1984
0.050212,7615,2021,2052
0.050187,6570,2038,2066
0.050117,6282,2033,2050
0.050243,6279,2059,2068
0.050069,6073,2001,2017
0.050042,6039,2046,2055
0.050185,5875,2034,2047
0.050069,6092,2047,2057
0.050096,5286,2067,2076
0.051069,4981,2060,2061
0.050050,5485,2046,2043
0.050339,5786,2057,2062
0.050068,5249,2056,2062
0.050084,5722,2060,2059
0.051040,6492,2084,2101
0.050211,1511,2016,2009
0.050042,2704,2084,2068
0.050111,6106,2091,2085
0.051055,6169,2122,2132
0.050919,4937,2071,2069
0.050273,5966,2073,2065
0.050114,4932,2071,2065
0.050258,5619,2069,2058
0.050013,7260,2058,2064
0.050156,1613,2079,2099
0.050058,-325,2027,1972
0.050112,6232,2077,2043
0.050122,10616,2099,2108
0.050311,10570,2074,2095
0.050105,7802,2072,2091
0.050042,4298,2053,2072
0.050079,4555,2062,2040
0.050265,7528,2061,2050
0.050011,8023,2015,2030
0.050018,7662,2047,2070
0.050038,7035,2044,2058
0.050288,6924,2056,2069
0.050082,7385,2055,2068
0.050027,6202,2056,2073
0.050030,5490,2010,2020
0.050304,5979,2058,2061
0.050043,5325,2053,2058
0.050080,5636,2051,2043
0.050120,3701,1989,1989
0.050152,3169,1939,1952
0.050056,2039,1815,1811
0.050077,427,1647,1644
0.050099,1444,1452,1453
0.051013,12138,1350,1339
0.050031,5647,1142,1140
0.050993,2897,989,995
0.050978,5423,816,821
0.051017,8007,632,629
0.051029,5313,455,433
0.050035,1785,288,251
0.050058,4872,165,144
0.050035,9347,102,121
0.050017,11917,136,17
0.051015,7086,282,-141
0.050591,-30176,387,-350
0.050061,-77839,717,-544
0.050958,-120969,954,-790
0.051006,-128057,1029,-945
0.050966,-132918,1034,-1034
0.051048,-135031,988,-1050
0.051012,-132186,1013,-1091
0.051028,-133460,1028,-1083
0.050011,-133587,1019,-1018
0.050040,-128856,1045,-1022
0.050901,-140323,1058,-1032
0.050982,-131782,1053,-1032
0.050993,-129163,1013,-1007
0.050089,-123076,1015,-1019
0.050013,-129262,1013,-1008
0.051001,-129726,1029,-1042
0.050947,-135745,1027,-1024
0.051042,-123168,1011,-1007
0.050733,-129229,999,-1008
0.050623,-129245,999,-1004
0.051007,-129008,1027,-1017
0.051020,-136139,1023,-1034
0.050967,-129631,1001,-991
0.050141,-122947,1003,-1006
0.051002,-128978,1014,-1000
0.050967,-135471,1020,-1018
0.050969,-121157,969,-977
0.050995,-129284,926,-945
0.050105,-108059,803,-825
0.050053,-98764,665,-670
0.050980,-80950,488,-494
0.050941,-53380,337,-334
0.051013,-15957,254,-153
0.050237,6498,438,47
0.051006,6008,503,257
0.050944,-26022,793,539
0.050914,-30853,1252,840
0.050942,-14347,1580,1286
0.050106,1324,1719,1634
0.050010,8174,1773,1798
0.050571,10834,1762,1816
0.050245,8130,1795,1850
0.050256,7287,1780,1812
0.050265,8320,1780,1799
0.050586,8913,1760,1779
0.050224,7576,1770,1801
0.050293,6304,1771,1798
0.050899,6451,1815,1841
0.050074,6266,1779,1800
0.050193,6549,1734,1757
0.050862,6283,1838,1855
0.050144,6240,1797,1799
0.050188,6296,1810,1817
0.050151,6593,1809,1819
0.050341,5484,1817,1818
0.050156,4245,1829,1826
0.050200,5548,1828,1821
0.050241,5988,1835,1834
0.050126,5850,1849,1849
0.050295,6522,1815,1817
0.050174,7444,1834,1848
0.050141,6004,1842,1854
0.050168,5519,1860,1864
0.050184,6515,1861,1869
0.050180,5885,1849,1852
0.050273,7005,1878,1881
0.050907,7827,1879,1907
0.050163,1344,1834,1840
0.050239,-1052,1873,1837
0.050179,5502,1876,1839
0.050183,10442,1880,1878
0.050196,10720,1877,1898
0.050168,6815,1871,1891
0.050428,3540,1861,1864
0.050845,5963,1892,1873
0.050724,7009,1853,1845
0.050689,7415,1877,1877
0.050784,5937,1903,1910
0.050686,5853,1838,1834
0.050544,5738,1905,1904
0.050194,5063,1846,1844
0.050467,6219,1900,1889
0.050947,5770,1859,1860
0.051017,4967,1903,1905
0.050596,5267,1880,1871
0.050484,5551,1892,1888
0.051030,5711,1876,1881
0.050944,7012,1859,1865
0.050607,5071,1889,1902
0.050552,5395,1905,1903
0.050667,5540,1879,1881
0.050594,5350,1900,1896
0.050937,5867,1876,1877
0.050559,5012,1897,1902
0.050643,4806,1873,1866
0.050475,5042,1857,1851
0.050451,4573,1906,1899
0.050564,4729,1875,1864
0.050534,3206,1857,1842
0.050437,5892,1871,1856
0.050484,6452,1901,1901
0.050527,4971,1859,1855
0.050662,7901,1860,1855
0.050435,6100,1904,1911
0.050372,5199,1842,1835
0.050168,5193,1852,1843
0.050260,4850,1834,1825
0.050242,5570,1833,1822
0.050177,7571,1775,1777
0.050170,5675,1749,1769
0.050305,-3832,1643,1637
0.050268,-11032,1498,1496
0.050238,-1623,1346,1340
0.050329,19348,1164,1150
0.050359,26269,1002,991
0.050276,9906,826,803
0.050175,-2695,655,670
0.050265,-247,499,506
0.050176,8302,325,337
0.050205,9177,165,136
0.050124,935,103,57
0.050139,1987,62,78
0.050199,8029,55,54
0.050157,12917,19,7
0.050427,10583,7,15
0.050150,6209,0,7
0.050269,4220,0,6
0.050155,5381,-1,5
0.050304,6057,56,-7
0.050262,2934,253,-212
0.050152,-24611,412,-375
0.050203,-83201,658,-555
0.050725,-113652,889,-781
0.050126,-121498,990,-910
0.050995,-127745,1004,-1000
0.050138,-132909,1005,-1029
0.050154,-136769,1004,-1054
0.050754,-130748,1018,-1073
0.050117,-136517,1024,-1072
0.050229,-135823,1028,-1059
0.050220,-132372,1028,-1040
0.050380,-128310,1024,-1025
0.050285,-123327,1035,-1014
0.050307,-132263,1029,-1021
0.050481,-133987,1030,-1031
0.050469,-133303,1045,-1052
0.050762,-132997,1032,-1033
0.050354,-132081,1025,-1026
0.050313,-132573,1033,-1024
0.050378,-124805,1023,-1032
0.050328,-136889,1049,-1047
0.050290,-122781,1015,-1012
0.050160,-129635,1022,-1022
0.050460,-128626,1034,-1022
0.050261,-131090,1032,-1022
0.050254,-132267,1020,-1021
0.050375,-125625,1023,-1036
0.050224,-130612,1018,-1027
0.050304,-130778,1023,-1030
0.050498,-129775,1015,-1017
0.050887,-129910,1010,-1020
0.050373,-124950,919,-942
0.050293,-109674,813,-827
0.050349,-101185,662,-665
0.050129,-80191,491,-510
0.050125,-43134,317,-324
0.050223,-6399,152,-169
0.050230,10882,112,-117
0.050225,12920,80,-48
0.050402,8773,35,-16
0.050273,5695,29,-2
0.050180,5572,0,5
0.050729,7360,-220,175
0.050113,17485,-425,428
0.050479,76904,-501,512
0.050058,119585,-743,698
0.050114,114922,-739,721
0.050024,106996,-614,636
0.050039,84714,-442,462
0.050059,65697,-290,282
0.050126,17865,-117,96
0.050001,-13611,-89,93
0.050071,-13605,-54,38
0.051050,-7097,-15,4
0.050290,5844,-3,0
0.051023,10857,-2,15
0.051049,8870,-3,24
0.050021,7463,0,6
0.050084,6413,0,14
0.050022,6603,0,12
0.050131,7015,32,48
0.051021,14363,252,215
0.050673,23659,463,453
0.050016,12018,665,765
0.051017,4803,1114,1098
0.050973,5786,1550,1561
0.051060,10481,1826,1850
0.050995,7194,2004,2051
0.051032,3646,2175,2203
0.050128,349,2123,2144
0.050035,-64,2056,2077
0.050292,790,2096,2113
0.050067,5217,2092,2052
0.050472,13239,2113,2073
0.050064,14237,2035,2023
0.050200,12696,2026,2034
0.050840,8234,2072,2092
0.050567,9845,2077,2086
0.050099,8544,2098,2121
0.050589,3668,2086,2093
0.050373,4294,2077,2056
0.050987,6239,2069,2053
0.051007,9793,2098,2110
0.050557,5026,2057,2079
0.050066,2313,2092,2095
0.050345,4647,2052,2040
0.051053,5827,2128,2118
0.050698,6343,2074,2070
0.050503,6358,2067,2077
0.050915,5254,2109,2113
0.050989,6745,2105,2104
0.050566,6346,2062,2068
0.050046,5164,2067,2076
0.050247,4671,2027,2029
0.051016,4544,2122,2124
0.051004,4619,2070,2070
0.050366,5387,2070,2070
0.050987,5447,2110,2118
0.050571,4974,2090,2095
0.050974,5709,2113,2114
0.050611,6306,2070,2075
0.051036,5282,2096,2100
0.050018,4890,2025,2025
0.050926,5145,2110,2107
0.050492,5508,2078,2071
0.050137,6364,2074,2076
0.050035,7762,2035,2047
0.050067,5148,2080,2092
0.050073,4770,2092,2089
0.051046,4769,2082,2075
0.050465,4866,2093,2075
0.050049,7156,2075,2062
0.051017,5814,2086,2091
0.050914,2158,2108,2080
0.050977,4385,2075,2040
0.050957,10185,2116,2118
0.051001,10297,2133,2152
0.050963,6936,2090,2097
0.050995,3526,2126,2135
0.050983,1584,2217,2198
0.050891,7740,1987,1947
0.050953,9656,2070,2076
0.050951,1495,2124,2136
0.050460,714,2114,2103
0.050960,2852,2083,2065
0.051020,4696,2141,2118
0.050354,7041,2076,2074
0.050514,5393,2073,2082
0.051024,4768,2124,2115
0.050098,5785,2017,2013
0.050302,6006,2065,2070
0.050150,6461,2086,2093
0.051039,6755,2064,2080
0.050127,3927,2071,2076
0.050964,4539,2098,2082
0.050421,5399,2067,2062
0.050999,5179,2043,2039
0.050018,4717,2056,2050
0.050925,5850,2097,2093
0.050039,5194,2008,2006
0.050991,4672,2096,2094
0.050948,5002,2084,2084
0.050586,4654,2063,2062
0.049904,5073,2019,2012
0.050987,7004,2109,2108
0.050490,6985,2063,2077
0.050468,5341,2061,2069
0.050990,5475,2062,2067
0.050910,5562,2111,2107
0.050977,6527,2091,2093
0.050447,7780,2067,2078
0.050048,5039,2017,2024
0.050265,3234,2037,2017
0.051037,8456,2106,2092
0.050494,12448,2086,2108
0.050977,11812,2123,2152
0.050585,5404,2074,2105
0.051019,3015,2057,2047
0.050998,6373,2109,2084
0.050166,8829,2048,2058
0.051004,3523,2094,2108
0.050995,1069,2084,2082
0.050405,4157,2099,2077
0.050992,6666,2121,2096
0.050948,7655,2085,2083
0.050922,8283,2120,2132
0.050223,6716,2062,2070
0.051048,5958,2052,2063
0.050436,6100,2080,2086
0.051019,6831,2113,2125
0.050970,5569,2072,2086
0.050479,5301,2124,2127
0.050958,4942,2083,2088
0.050244,5325,2074,2077
0.050925,4113,2076,2081
0.050393,4193,2077,2077
0.050014,5098,2079,2073
0.050975,5875,2116,2113
0.051018,5366,2071,2069
0.051007,5049,2112,2108
0.050190,5083,2045,2044
0.050953,5623,2128,2111
0.051001,6959,2105,2112
0.050403,7653,2047,2055
0.050110,5321,2079,2086
0.050104,4327,2084,2078
0.050991,5196,2092,2080
0.050606,6967,2103,2092
0.050233,7035,2074,2079
0.050251,5928,2084,2086
0.050478,3308,2093,2073
0.051018,6198,2074,2045
0.051064,9684,2116,2111
0.050977,8424,2159,2172
0.050097,4206,2057,2055
0.050075,3493,2116,2105
0.050128,4219,2079,2061
0.050082,7811,2054,2035
0.050094,6235,2068,2074
0.050044,1154,2063,2060
0.050516,673,2098,2087
0.049996,2148,2082,2061
0.050088,4304,2113,2093
0.050192,5799,2066,2064
0.051025,5625,2099,2095
0.050079,5761,2071,2066
0.050037,6327,2043,2037
0.050249,6351,2075,2073
0.050240,5080,2033,2036
0.050062,5344,2046,2055
0.050000,5417,2033,2044
0.050053,6332,2064,2072
0.050009,6377,2083,2096
0.050195,6608,2067,2081
0.051039,6878,2106,2118
0.051097,6261,2134,2145
0.050044,5892,2047,2046
0.050152,4991,2081,2075
0.050298,5255,2051,2049
0.050303,2923,1936,1943
0.050755,1441,1851,1829
0.050282,1389,1635,1630
0.050902,10110,1496,1488
0.050609,7805,1333,1329
0.050816,3302,1159,1159
0.050129,4714,961,966
0.050554,4822,916,799
0.050362,3538,1085,628
0.050529,-20505,1191,442
0.050337,-77263,1469,250
0.050999,-117469,1853,69
0.051310,-139034,2033,-57
0.050046,-132370,1987,-240
0.050037,-158489,2045,-561
0.050353,-190627,2079,-961
0.050534,-225422,2079,-1403
0.050070,-255008,2073,-1783
0.050333,-270730,2070,-1986
0.050061,-260861,2063,-2054
0.050530,-273082,2086,-2117
0.051015,-272040,2046,-2112
0.050998,-275481,2083,-2110
0.050433,-270812,1933,-1955
0.050072,-256945,1832,-1855
0.051035,-237957,1649,-1666
0.050239,-189243,1494,-1502
0.050569,-163367,1317,-1339
0.050748,-141875,1145,-1173
0.050031,-125274,970,-978
0.050684,-106640,802,-806
0.051002,-85402,646,-648
0.050273,-58229,449,-447
0.050033,-26102,289,-298
0.050525,-6547,152,-168
0.050956,7027,94,-106
0.050487,11086,78,-8
0.050044,11515,24,0
0.050011,10020,12,0
0.050329,7289,16,0
0.050634,5884,31,1
0.051029,4822,80,33
0.050523,2577,260,212
0.050123,-12279,418,441
0.050689,-12815,784,563
0.051162,-4128,1118,988
0.050356,5029,1362,1326
0.050551,9672,1505,1528
0.050628,11386,1544,1604
0.051041,8222,1562,1634
0.050992,5115,1528,1564
0.050723,3611,1497,1494
0.050385,1608,1494,1498
0.050606,1580,1493,1489
0.051031,6646,1524,1483
0.051012,10801,1493,1485
0.050402,9634,1430,1467
0.050106,7633,1435,1472
0.051003,8045,1397,1406
0.050208,8394,1412,1411
0.050652,5749,1405,1416
0.051013,4731,1437,1444
0.051064,3589,1399,1418
0.050292,4293,1412,1397
0.050999,6235,1463,1445
0.050464,6583,1386,1390
0.051034,4848,1468,1496
0.050856,4516,1432,1442
0.050275,2930,1458,1440
0.049959,2991,1453,1414
0.050002,6911,1431,1405
0.051017,8618,1446,1448
0.050017,11007,1438,1461
0.051023,12904,1486,1489
0.050470,7636,1429,1453
0.050917,5099,1442,1462
0.050041,5908,1351,1343
0.050455,4460,1370,1368
0.050533,3380,1280,1279
0.050053,4036,1155,1148
0.050445,2237,1000,994
0.051022,5978,859,839
0.050566,9998,693,661
0.050926,2035,532,528
0.051050,1381,354,371
0.050297,6655,184,206
0.050995,11614,98,105
0.051027,5268,66,11
0.050315,-2255,39,9
0.050977,5129,14,69
0.051030,12301,30,7
0.050429,11206,51,12
0.050098,7567,21,12
0.050291,5139,7,29
0.051035,4535,0,41
0.050981,6200,0,15
0.050852,6093,-1,1
0.050405,5267,0,0
0.050436,6950,0,0
0.050998,6662,0,0
0.051056,5376,0,0
0.050396,5815,0,0
0.050975,6080,0,0
0.050321,6331,0,0
0.050882,5715,0,0
0.050949,6233,0,0
0.051005,5995,0,0
0.050407,6014,0,0
0.050903,5640,0,0
0.050979,5961,0,0
0.051009,6331,0,0
0.050030,6109,0,0
0.050952,5705,0,0
0.051027,6095,0,0
0.050359,5844,0,0
0.050875,5966,0,0
0.051006,6370,0,0
0.051007,5914,0,0
0.050188,6159,0,0
0.050931,5931,0,0
0.050903,5764,0,0
0.051032,6259,0,0
0.050536,5615,0,0
0.050926,6349,0,0
0.050333,5869,0,0
0.050971,5896,0,0
0.051020,5807,0,0
0.050341,6012,0,0
0.050954,5717,0,0
0.051005,5703,0,0
0.050981,6284,0,0
0.050442,5780,0,0
0.050422,6164,0,0
0.051000,5584,0,0
0.050894,6256,0,0
0.050398,5921,0,0
0.049998,5737,0,0
0.050036,5982,0,0
0.050310,6025,0,0
0.050957,6072,0,0
0.050418,5900,0,0
0.051017,5750,0,0
0.051031,6029,0,0
0.050491,5926,0,0
0.050519,6006,0,0
0.050875,5919,0,0
0.051054,6201,0,0
0.050442,5763,0,0
0.051045,6086,0,0
