Timestamp,gyro,leftEncoder,rightEncoder
1541717797.259113,5988,0,0
0.050351,4890,0,0
0.050151,5851,0,0
0.050397,6016,0,0
0.051043,6016,0,0
0.050312,5936,0,0
0.050781,5898,0,0
0.050694,6027,0,0
0.050056,5662,0,0
0.050382,5859,0,0
0.050055,6021,0,0
0.050066,6018,0,0
0.050140,5896,0,0
0.050738,5937,0,0
0.050680,6126,0,0
0.050451,5546,0,0
0.050133,6026,0,0
0.050682,5948,0,0
0.050086,6123,0,0
0.050961,6048,0,0
0.051040,5979,0,0
0.050874,5914,0,0
0.050683,5918,0,0
0.050008,5780,0,0
0.050284,5998,0,0
0.051009,5714,0,0
0.050618,6317,0,0
0.050694,5968,0,0
0.050266,5959,0,0
0.050486,5563,0,0
0.050076,5893,0,0
0.050289,5997,0,0
0.050085,6006,0,0
0.050468,5616,0,0
0.050050,5792,0,0
0.050310,5984,0,0
0.050010,5916,0,0
0.051047,5978,0,0
0.050271,6033,0,0
0.050714,5619,0,0
0.050452,5852,0,0
0.050202,5929,0,0
0.050578,6003,0,0
0.050053,5926,0,0
0.050360,6005,0,0
0.050191,5919,0,0
0.050175,5827,0,0
0.050832,6070,0,0
0.050277,6033,0,0
0.050438,6021,0,0
0.050124,6017,0,0
0.050067,5718,0,0
0.050904,6208,0,0
0.050233,5676,0,0
0.050609,5894,0,0
0.050073,5957,0,0
0.050893,6002,0,0
0.050102,5772,0,0
0.050018,5956,0,0
0.051067,5551,0,0
0.051000,6010,0,0
0.050410,6061,0,0
0.050991,5764,0,0
0.050992,6290,0,0
0.049996,6137,0,0
0.050987,5862,0,0
0.051004,6319,0,0
0.050989,5934,0,0
0.050915,5691,0,0
0.050048,5948,0,0
0.050048,6042,0,0
0.050929,5969,0,0
0.050939,6324,0,0
0.050879,5794,0,0
0.050032,5733,0,0
0.050126,6042,0,0
0.050059,6208,0,0
0.050121,5990,0,0
0.050193,5628,0,0
0.050043,6152,0,0
0.050029,5630,0,0
0.050962,6265,0,0
0.050995,5936,0,0
0.050976,6131,0,0
0.050996,5926,0,0
0.050927,6040,0,0
0.050012,5737,0,0
0.051056,6214,0,0
0.051059,5886,0,0
0.050984,5867,0,0
0.050963,5930,0,0
0.050974,5960,0,0
0.050933,6111,0,0
0.050002,6042,0,0
0.050995,5902,0,0
0.050979,5945,0,0
0.050985,6003,0,0
0.050987,5907,0,0
0.050995,5905,0,0
0.050025,5859,0,0
0.050826,6297,0,0
0.050576,5668,0,0
0.050982,5944,0,0
0.051022,6094,0,0
0.050943,5969,0,0
0.050274,5968,0,0
0.050179,6015,0,0
0.050967,6159,0,0
0.050925,6132,0,0
0.050972,5675,0,0
0.050056,5997,0,0
0.050095,6013,0,0
0.051035,5862,0,0
0.051031,5956,0,0
0.050981,5862,0,0
0.050976,5965,0,0
0.050946,6067,0,0
0.050959,6019,0,0
0.050982,6213,0,0
0.050964,5716,0,0
0.050054,6077,0,0
0.050013,6036,0,0
0.050029,5649,0,0
0.050155,6106,0,0
0.051028,6025,0,0
0.051006,5873,0,0
0.050952,6219,0,0
0.050974,5702,0,0
0.050946,6244,0,0
0.050965,5912,0,0
0.051036,6028,0,0
0.050928,6096,0,0
0.050946,6011,0,0
0.050724,5897,0,0
0.050917,6020,0,0
0.050065,5988,0,0
0.050958,6049,0,0
0.050991,6054,0,0
0.050978,6135,0,0
0.050985,6004,0,0
0.050970,5884,0,0
0.050667,5860,0,0
0.050973,6054,0,0
0.050932,6245,0,0
0.050984,5806,0,0
0.050924,6215,0,0
0.050994,6004,0,0
0.051033,6190,0,0
0.051055,5945,0,0
0.050908,5972,0,0
0.050973,6134,0,0
0.050957,5676,0,0
0.051069,6164,0,0
0.050983,5585,0,0
0.050953,6030,0,0
0.050992,6270,0,0
0.050969,5767,0,0
0.051023,6331,0,0
0.050993,6031,0,0
0.051008,5886,0,0
0.050992,6277,17,26
0.051035,6782,261,253
0.050247,7623,483,473
0.050148,657,619,602
0.050108,3582,871,820
0.050152,6234,1087,1091
0.050077,10421,1172,1189
0.050040,9079,1173,1204
0.050660,8350,1191,1201
0.050820,9128,1162,1172
0.050749,8332,1187,1198
0.050833,5635,1220,1247
0.050744,1884,1264,1277
0.050649,3207,1371,1341
0.050878,4600,1448,1438
0.050893,628,1613,1600
0.050745,4294,1837,1806
0.050533,7654,1961,1964
0.050973,11511,2053,2066
0.050921,10159,2040,2094
0.050605,7750,2077,2118
0.050056,6835,2068,2104
0.050676,3466,2087,2110
0.050502,3812,2102,2118
0.050588,3756,2041,2057
0.050533,4311,2076,2066
0.050552,5043,2092,2079
0.050623,6773,2106,2109
0.050679,5517,2042,2057
0.050615,5229,2099,2106
0.050569,8061,2090,2098
0.050551,8200,2096,2124
0.050450,5594,2054,2074
0.050215,4618,2077,2075
0.050360,4073,2120,2108
0.050239,4974,2069,2050
0.051030,6151,2079,2074
0.050256,1102,2074,2050
0.050270,1847,2084,2028
0.050335,7886,2083,2047
0.050281,10664,2092,2111
0.050387,7719,2084,2101
0.050295,4768,2094,2098
0.050215,3116,2085,2076
0.050269,3962,2101,2066
0.050925,5551,2127,2115
0.050332,5585,2082,2073
0.050290,5240,2100,2104
0.050276,4389,2084,2077
0.050286,4951,2085,2074
0.050308,7363,2074,2079
0.050275,6449,2061,2072
0.050397,1458,2070,2087
0.050441,3022,2099,2074
0.050356,3357,2082,2061
0.051000,3808,2124,2102
0.050965,5209,2103,2093
0.050275,4151,2060,2060
0.050231,4267,2079,2058
0.050334,5928,2074,2062
0.050265,4467,2058,2067
0.050099,5121,2054,2045
0.050445,6246,2126,2127
0.050273,5036,2078,2093
0.050426,3624,2072,2073
0.050292,4256,2085,2082
0.050251,6212,2082,2075
0.050258,5950,2082,2085
0.050207,6591,2044,2048
0.050287,8094,2103,2119
0.050646,4694,2093,2104
0.050493,5376,2091,2083
0.050548,5255,2082,2079
0.050423,3918,2092,2072
0.050592,6181,2083,2067
0.050515,4655,2129,2114
0.050191,2776,2070,2027
0.050189,6566,2102,2072
0.050934,11059,2105,2119
0.050346,9397,2097,2138
0.050051,6840,2090,2107
0.050901,6358,2105,2100
0.050906,5605,2098,2093
0.051013,6727,2099,2088
0.050014,7050,2046,2046
0.051008,6423,2127,2131
0.051051,5849,2084,2081
0.051031,6012,2057,2056
0.050633,6536,1948,1966
0.050997,7446,1850,1850
0.050672,2068,1664,1645
0.051033,-3595,1483,1477
0.050604,4386,1333,1324
0.051005,8474,1138,1136
0.050697,6023,967,971
0.050031,6922,797,800
0.050760,6406,620,616
0.051006,-1811,558,426
0.050553,-10170,747,246
0.050169,-16556,891,77
0.050527,-62124,898,-74
0.050425,-92782,1189,-304
0.050164,-109689,1287,-584
0.050997,-137155,1292,-839
0.050953,-157461,1325,-1136
0.050276,-166173,1279,-1239
0.050489,-168994,1282,-1296
0.050247,-169676,1280,-1337
0.050325,-159069,1278,-1335
0.050301,-164640,1249,-1283
0.050188,-164493,1276,-1288
0.050079,-163153,1249,-1247
0.049995,-154963,1246,-1242
0.050280,-164294,1272,-1250
0.050319,-164541,1255,-1248
0.050483,-163774,1274,-1283
0.050225,-163044,1262,-1253
0.050066,-151980,1221,-1230
0.050749,-163620,1202,-1207
0.050075,-143027,1112,-1121
0.050084,-140407,1009,-1021
0.050986,-120558,878,-877
0.050946,-114294,715,-717
0.051040,-80520,577,-594
0.050871,-55114,427,-450
0.050993,-24360,279,-263
0.050148,-2488,145,-97
0.050982,12498,84,-93
0.050953,13384,57,-58
0.050977,8265,15,-1
0.051011,5268,0,-1
0.051015,5175,59,22
0.050890,1511,261,208
0.051020,-14719,442,390
0.051016,-12559,846,591
0.051038,-5106,1157,1009
0.051049,5389,1587,1540
0.051022,8597,1912,1946
0.050501,10420,1982,2032
0.050989,13668,2071,2103
0.050984,11738,2113,2181
0.050537,8477,2086,2131
0.050989,7634,2068,2093
0.050988,7172,2116,2134
0.050908,5768,2066,2087
0.050820,6719,2076,2086
0.051013,7757,2118,2139
0.051018,6865,2056,2080
0.050116,6245,2082,2099
0.050008,5671,2071,2084
0.050114,5842,2036,2041
0.050109,7816,2078,2095
0.050978,6664,2070,2095
0.050009,8270,2030,2052
0.050912,7872,1948,1976
0.050021,1206,1824,1831
0.050993,-2298,1687,1683
0.050954,446,1512,1500
0.051058,8624,1348,1339
0.051016,8727,1191,1186
0.050975,5570,984,1000
0.050992,8016,825,823
0.050208,9246,649,642
0.051045,7099,483,470
0.050018,-4424,400,233
0.050946,-14561,585,55
0.050018,-21654,746,-36
0.050094,-59654,847,-240
0.050090,-106293,1125,-594
0.050890,-150021,1383,-976
0.050999,-176821,1520,-1122
0.051055,-206413,1546,-1349
0.051001,-201171,1526,-1502
0.050998,-196921,1514,-1543
0.050928,-188341,1459,-1509
0.050941,-180261,1473,-1488
0.050894,-173954,1463,-1468
0.051035,-174432,1392,-1410
0.050049,-175874,1383,-1415
0.050992,-176601,1378,-1415
0.051033,-177468,1400,-1420
0.050887,-179203,1388,-1391
0.051008,-179104,1418,-1415
0.051033,-188505,1418,-1397
0.050996,-179661,1391,-1374
0.051019,-175642,1369,-1347
0.051045,-167362,1232,-1253
0.051017,-145717,1044,-1085
0.050984,-133312,906,-938
0.050972,-86115,745,-759
0.050999,-59525,558,-565
0.050864,-44035,400,-412
0.051002,-28693,220,-232
0.050993,-9952,109,-118
0.051015,7837,79,-81
0.051033,12181,38,-12
0.050961,5382,58,0
0.051008,4759,90,-44
0.050117,-2706,296,-170
0.050997,-36988,455,-403
0.051007,-90904,616,-635
0.051005,-106248,719,-733
0.050084,-94963,621,-681
0.050992,-83246,465,-518
0.050960,-56629,297,-353
0.050018,-11336,122,-171
0.050180,14666,103,-106
0.050972,15813,80,-41
0.051049,10726,47,0
0.050992,4941,23,0
0.050099,3651,40,0
0.051004,6605,32,0
0.050966,5783,58,20
0.051008,2529,264,221
0.050986,-15555,434,463
0.051017,-18015,781,546
0.050950,-6761,1195,1014
0.050122,590,1550,1474
0.051004,5782,1921,1931
0.050950,9981,2035,2088
0.050981,14666,2087,2141
0.050684,11959,2046,2145
0.050968,8821,2101,2174
0.050969,9073,2098,2141
0.051054,8349,2034,2080
0.050974,7440,2104,2131
0.051067,7408,2101,2129
0.050949,6507,2109,2128
0.050986,4981,2142,2147
0.050988,6488,2115,2115
0.050014,7309,2016,2034
0.050963,3314,2123,2135
0.050988,2549,2133,2131
0.050034,5727,2081,2087
0.050990,4129,2129,2135
0.050970,5057,2075,2063
0.050004,6547,2081,2074
0.050990,5692,2108,2098
0.050040,7360,2064,2057
0.050958,5955,2093,2095
0.050119,2596,2070,2042
0.051041,5383,2076,2049
0.050972,9227,2111,2116
0.050961,7258,2113,2130
0.050055,3974,2075,2080
0.050966,4993,2125,2102
0.050048,7478,2080,2056
0.050024,8497,2072,2068
0.050983,8018,2109,2124
0.050986,6824,2104,2113
0.050986,5822,2111,2116
0.050936,6101,2114,2114
0.051056,6692,2116,2114
0.051029,5594,2127,2132
0.050983,5387,2075,2074
0.051059,5821,2119,2115
0.051011,5554,2118,2120
0.051020,5529,2133,2134
0.051030,6106,2119,2120
0.050987,5432,2110,2117
0.050990,7143,2103,2113
0.050589,5710,2059,2073
0.050013,5417,2060,2068
0.050962,4594,2097,2090
0.051053,5977,2066,2064
0.050975,6170,2102,2108
0.050084,6368,2057,2063
0.050988,6609,2056,2063
0.050982,8371,2089,2109
0.050981,4114,2120,2136
0.050987,4711,2105,2094
0.050972,8888,2106,2117
0.051002,5978,2138,2153
0.051009,5075,2082,2072
0.050999,5670,2112,2109
0.051021,4159,2114,2101
0.050995,5828,2093,2078
0.050979,4841,2134,2128
0.050949,110,2072,2032
0.050013,3509,2098,2047
0.051008,10346,2128,2114
0.050992,10238,2104,2129
0.051037,4025,2111,2121
0.050020,3097,2106,2080
0.050038,3844,2051,2024
0.050984,5495,2130,2101
0.050957,5242,2105,2090
0.050988,4548,2092,2078
0.051046,3782,2120,2106
0.050019,3580,2093,2074
0.050956,3989,2086,2056
0.051023,2765,2094,2074
0.050010,5241,2073,2040
0.050984,2957,2137,2103
0.051015,3845,2098,2073
0.051028,4487,2124,2102
0.051056,5304,2131,2116
0.051002,3748,2074,2064
0.050989,4408,2141,2126
0.050022,5770,2085,2075
0.051006,4461,2077,2072
0.050932,3729,2127,2114
0.050961,4108,2120,2101
0.050073,4975,2042,2030
0.050071,4593,2084,2074
0.050142,3792,2069,2051
0.050125,6536,2075,2071
0.050011,3503,2024,2030
0.051021,1145,2150,2140
0.051058,5807,2136,2136
0.051050,5466,2089,2097
0.050997,5754,2122,2115
0.050006,7757,2102,2104
0.050016,7060,2029,2021
0.050942,7553,2112,2121
0.050984,6504,2121,2141
0.051023,586,2087,2060
0.050959,3429,2143,2102
0.050942,8236,2100,2094
0.050057,10409,2094,2126
0.049993,9273,2102,2115
0.051059,6014,2074,2100
0.050054,4393,2076,2069
0.050001,7929,2069,2037
0.051022,8705,2055,2067
0.050013,7275,2077,2097
0.050929,5569,2107,2123
0.050976,5457,2062,2062
0.050124,6790,2058,2060
0.050435,5299,2094,2112
0.050382,3302,2109,2114
0.050411,4092,2110,2098
0.050672,6260,2119,2101
0.050782,7877,2099,2092
0.051072,6775,2040,2049
0.050335,4443,1946,1943
0.050504,1234,1812,1804
0.050787,-106,1661,1652
0.050130,6075,1477,1468
0.050987,6651,1327,1321
0.050812,2049,1156,1165
0.050035,2488,949,944
0.051029,5140,811,805
0.050100,8727,626,631
0.050216,7939,453,432
0.050981,3491,275,240
0.050932,3416,87,233
0.051013,11638,-100,378
0.050023,37779,-307,442
0.051003,101269,-631,781
0.050908,155515,-1074,1238
0.050780,200805,-1469,1617
0.050023,242987,-1738,1809
0.050067,270363,-1972,2007
0.050045,267863,-2014,2022
0.050501,283214,-2072,2079
0.050100,281169,-2085,2114
0.050192,265334,-1989,2031
0.050131,268938,-1960,1961
0.050028,255867,-1782,1774
0.050589,239178,-1721,1699
0.050339,208293,-1507,1491
0.050006,198567,-1291,1286
0.050035,168776,-1169,1143
0.050217,125125,-995,975
0.050961,106947,-824,827
0.051048,80628,-643,649
0.050993,61197,-484,484
0.051051,43618,-308,295
0.050981,27612,-147,122
0.050463,11725,-91,75
0.051024,351,-52,20
0.051019,-5000,-109,66
0.050982,4624,-270,200
0.050128,54556,-406,354
0.051022,109719,-685,694
0.050502,123017,-774,819
0.050047,116394,-679,722
0.050057,97505,-540,576
0.050156,85281,-365,387
0.050099,48746,-190,147
0.050490,-13839,-68,31
0.050008,-21504,-108,125
0.050084,-10735,-22,20
0.050052,7876,-1,3
0.050021,15341,0,72
0.050075,15285,0,46
0.050170,14107,0,42
0.050060,10985,30,103
0.050285,11035,232,254
0.050344,17873,418,424
0.050307,7290,700,757
0.050213,5491,1047,1030
0.050261,2475,1517,1502
0.050433,6454,1856,1857
0.050333,8262,1979,2003
0.050207,7915,2022,2046
0.050279,10968,2041,2055
0.050058,12381,2054,2089
0.050965,10509,2143,2174
0.050093,8556,2063,2101
0.050218,7261,2015,2028
0.050271,7880,1992,2021
0.050107,7357,1978,2009
0.050117,7118,1885,1900
0.050945,6385,1871,1878
0.051041,4856,1771,1777
0.050949,4401,1622,1595
0.050943,-1091,1446,1419
0.050062,-3673,1240,1222
0.050961,8280,1111,1106
0.050036,6124,915,911
0.050210,5194,749,755
0.050184,6577,575,577
0.050067,6965,405,397
0.050147,539,240,178
0.050194,2738,121,64
0.050295,5121,77,105
0.050068,10715,67,80
0.050131,12813,82,83
0.050078,8909,223,242
0.050515,-4081,510,513
0.050047,1584,787,697
0.050050,5203,1087,1048
0.050018,5362,1390,1429
0.050099,5621,1510,1526
0.050397,8247,1442,1473
0.050467,7330,1309,1354
0.051040,9592,1178,1195
0.050412,5412,969,987
0.050969,3234,827,826
0.050123,5070,641,637
0.050037,7854,472,467
0.050038,8320,295,327
0.050608,6546,161,152
0.050540,1155,32,112
0.050562,17986,-101,373
0.050520,39822,-421,499
0.050803,96668,-731,647
0.050431,157183,-1116,1136
0.050503,206613,-1444,1550
0.050451,238403,-1639,1713
0.050525,248623,-1745,1774
0.050440,244827,-1746,1804
0.050709,242575,-1728,1794
0.050497,242214,-1710,1741
0.050741,222486,-1701,1704
0.050480,223679,-1624,1639
0.050656,212924,-1523,1512
0.050477,197782,-1368,1344
0.050613,182527,-1214,1195
0.050436,164614,-1058,1023
0.050552,128432,-867,851
0.050406,101429,-724,705
0.050562,74047,-531,532
0.050843,47805,-349,366
0.050605,26860,-192,195
0.050711,11894,-111,95
0.050692,2692,-79,18
0.050838,-198,-40,5
0.050433,306,-46,2
0.050739,2164,-6,0
0.050390,4381,0,0
0.050472,6568,-54,41
0.050476,11710,-253,234
0.050398,49997,-416,375
0.050706,104893,-677,650
0.050506,130523,-838,844
0.050480,126668,-806,819
0.050385,121360,-650,704
0.050459,105792,-519,545
0.050487,78525,-340,298
0.050525,12315,-164,71
0.050482,-18437,-96,125
0.050525,-8182,-73,97
0.050510,5801,-24,42
0.050379,12983,-18,58
0.050451,16196,-34,66
0.050515,13281,-49,34
0.050509,9750,-15,50
0.050483,7486,18,75
0.050630,11907,216,221
0.050492,21467,427,413
0.050484,14151,617,669
0.050563,7256,1054,1083
0.050457,11772,1463,1579
0.050505,26767,1528,1854
0.050567,35116,1458,1952
0.050521,36813,1301,1969
0.050582,42275,1138,1965
0.050359,70085,972,1891
0.050611,82877,789,1838
0.050592,79118,618,1732
0.050379,72986,436,1631
0.051044,97120,284,1668
0.050469,109152,234,1644
0.050281,107388,221,1643
0.050284,90193,207,1635
0.050435,102701,191,1642
0.050391,100970,170,1596
0.050389,100031,168,1631
0.050228,98600,172,1640
0.050393,97015,164,1651
0.050521,92346,164,1646
0.050703,98595,156,1643
0.050632,109503,144,1678
0.050914,102314,141,1639
0.050755,105630,150,1635
0.050463,103405,161,1664
0.050303,101640,165,1636
0.050457,100707,159,1640
0.050480,101147,158,1642
0.050519,102770,161,1637
0.050425,103963,158,1643
0.050426,99228,158,1620
0.050434,109017,169,1669
0.050348,98578,222,1573
0.050664,98301,346,1534
0.050484,90318,271,1397
0.050386,80731,179,1232
0.050333,69548,81,1049
0.050390,50536,51,868
0.050301,43134,5,707
0.050271,48752,66,546
0.050225,34463,317,369
0.050299,10927,448,205
0.050319,-45240,737,-2
0.050300,-87219,1137,-219
0.050328,-122368,1536,-495
0.050342,-170788,1849,-767
0.050293,-193298,1967,-1095
0.050470,-235129,1999,-1497
0.050465,-251906,1937,-1633
0.050985,-246402,1804,-1621
0.050030,-228746,1637,-1489
0.050020,-183195,1500,-1309
0.050027,-156410,1310,-1104
0.050171,-125488,1116,-921
0.050017,-111963,973,-748
0.050073,-88163,804,-578
0.050130,-66680,636,-427
0.050681,-44889,472,-248
0.051040,-16581,302,-102
0.051015,1770,144,-62
0.050075,7318,95,-77
0.050014,6712,77,-20
0.051033,5805,27,-30
0.050053,4696,23,-31
0.050100,4817,98,5
0.050009,2836,269,180
0.050040,-8360,418,373
0.050066,-11032,712,535
0.050024,-4638,1138,983
0.050010,2463,1537,1492
0.050035,5602,1832,1844
0.050078,8496,1946,1981
0.050134,14090,2039,2080
0.051050,14652,2126,2218
0.050030,9235,2086,2158
0.050009,4896,2050,2088
0.050173,2892,2088,2103
0.050090,2636,2048,2031
0.050167,5852,2095,2051
0.050089,3636,2089,1946
0.050108,-6676,2088,1805
0.050062,-14166,2087,1651
0.050116,-17091,2056,1575
0.050095,-21002,2099,1795
0.050015,-17966,2090,1940
0.050947,-12264,2134,1988
0.050083,-122,2023,1910
0.050010,5643,2060,2026
0.050020,12466,2076,2065
0.050052,12521,2081,2127
0.051075,8902,2084,2112
0.050028,6538,2087,2096
0.050086,3799,2086,2092
0.050107,2727,2035,2040
0.051059,2311,2125,2124
0.050192,5108,2103,2075
0.049995,9815,2096,2097
0.050701,4626,2083,2105
0.051039,3258,2138,2146
0.050216,3130,2092,2093
0.050014,1987,2048,2041
0.050114,3293,2094,2076
0.050177,5476,2080,2067
0.050302,5688,2087,2082
0.050102,5447,2034,2029
0.050201,5753,2060,2054
0.051018,5767,2120,2121
0.050062,3991,2074,2074
0.051050,2845,2076,2067
0.050086,3911,2080,2067
0.050051,4666,2069,2055
0.050004,5449,2083,2071
0.050122,7090,2042,2041
0.050126,4824,2074,2080
0.051054,4810,2136,2127
0.050121,5565,2079,2069
0.050094,4672,2033,2029
0.050039,4963,2081,2074
0.050007,5109,2077,2076
0.051037,702,2138,2113
0.050075,3085,2079,2030
0.050048,10409,2093,2085
0.050132,12772,2089,2116
0.050021,10124,2086,2095
0.050029,7029,2055,2062
0.050071,6625,2083,2098
0.050011,6911,2065,2090
0.051051,9161,2096,2087
0.050011,9168,1988,2002
0.050083,7780,2040,2058
0.050192,6808,2060,2064
0.050132,6565,2013,2013
0.050131,6887,2078,2080
0.050038,4981,2073,2081
0.050093,5487,2058,2053
0.051075,4223,2052,2052
0.050051,797,2077,2059
0.050812,2456,2075,2056
0.051023,3313,2117,2099
0.050052,3051,2087,2070
0.050135,4601,2021,1995
0.051036,5204,2107,2090
0.050071,5222,2059,2047
0.050046,4380,2057,2039
0.050126,3995,2021,2015
0.050041,5166,2050,2040
0.050050,4585,2061,2050
0.050042,4145,2073,2061
0.050143,4285,2013,2000
0.050100,4485,2066,2057
0.050077,6313,2045,2036
0.051048,8576,2129,2131
0.050022,6311,2052,2063
0.050055,5316,2046,2056
0.050006,2967,1916,1938
0.050086,1980,1830,1813
0.051044,1451,1685,1675
0.050091,8768,1464,1455
0.050148,9923,1333,1325
0.050153,-1033,1121,1119
0.049997,-635,975,974
0.050120,3689,812,801
0.050136,10991,630,637
0.050998,16902,468,471
0.050067,5848,293,226
0.050117,-5778,174,110
0.051051,1626,106,144
0.050040,10357,48,59
0.050046,13768,61,23
0.050158,9152,72,11
0.050176,856,260,-147
0.050012,-26740,423,-379
0.050056,-83020,787,-586
0.050208,-143752,1186,-1024
0.050073,-182982,1495,-1436
0.050061,-234424,1717,-1766
0.051018,-252839,1892,-1946
0.050697,-255480,1906,-1948
0.050078,-251530,1906,-1917
0.050011,-232639,1783,-1801
0.051054,-244336,1732,-1752
0.050108,-207580,1527,-1534
0.050050,-199196,1383,-1398
0.050036,-161484,1214,-1224
0.050164,-127807,1049,-1059
0.050143,-101994,877,-893
0.050090,-82860,693,-705
0.050170,-71509,544,-541
0.050058,-53705,371,-372
0.050162,-30757,204,-204
0.050086,2917,101,-90
0.050014,15507,70,-84
0.050037,15272,129,-78
0.050104,7650,289,-265
0.050074,-40026,374,-395
0.050042,-90819,631,-649
0.049997,-107492,731,-711
0.050040,-92711,616,-658
0.050123,-79967,485,-503
0.050149,-58228,310,-317
0.050178,-25470,153,-129
0.050125,12018,92,-87
0.050271,23822,59,-89
0.050198,22765,59,-17
0.050060,17631,6,-9
0.050103,2948,-1,-6
0.049986,-1545,0,-39
0.051015,2792,44,-87
0.050930,-6720,214,-237
0.050988,-48478,438,-455
0.050462,-101111,722,-715
0.050962,-125459,894,-869
0.050051,-119410,813,-832
0.050096,-114458,693,-709
0.050028,-93085,521,-538
0.051046,-41508,362,-359
0.050044,-355,210,-176
0.050651,11533,122,-127
0.050056,13200,66,-48
0.051045,8957,38,-33
0.050023,4936,8,-15
0.050021,3720,0,-4
0.050102,4584,0,-1
0.050122,5993,0,0
0.050078,6482,0,0
0.050004,5852,28,18
0.050038,5019,245,203
0.050013,-9086,374,413
0.050061,-10168,752,539
0.050113,-3311,1083,962
0.050105,3985,1357,1334
0.050088,7816,1508,1525
0.050008,8824,1523,1575
0.050068,6141,1517,1562
0.050132,5475,1528,1546
0.050032,6853,1503,1513
0.050037,8162,1421,1439
0.050111,9959,1330,1337
0.050043,8516,1227,1240
0.050060,5997,1061,1074
0.050025,1880,879,889
0.050064,6899,751,747
0.050001,5757,576,570
0.050089,4600,402,418
0.050027,7504,241,263
0.050050,10167,196,195
0.050169,8618,368,362
0.050125,6821,557,559
0.050044,-3217,718,675
0.050004,-1178,1008,898
0.050045,2432,1265,1233
0.051040,10735,1415,1443
0.050032,11217,1391,1454
0.050029,7406,1390,1434
0.050053,1092,1288,1323
0.050121,1355,1133,1152
0.050053,13340,1009,1009
0.050622,16435,841,833
0.050075,6446,677,664
0.051070,1438,503,512
0.050009,6809,339,344
0.050009,8194,190,160
0.050021,922,178,138
0.050116,5992,356,371
0.050127,11198,496,533
0.051009,629,775,743
0.050201,-1060,1015,945
0.050296,3024,1254,1224
0.050381,8353,1282,1314
0.050328,7180,1156,1211
0.050204,11779,992,1013
0.050161,10955,814,807
0.050081,201,644,628
0.050151,-467,470,500
0.050102,5157,294,295
0.050168,8332,159,185
0.051033,10096,85,111
0.050038,7927,128,9
0.051055,-5394,348,-100
0.050088,-19365,525,-392
0.050070,-81902,677,-647
0.051058,-146532,1087,-1030
0.050004,-167398,1269,-1182
0.050044,-174303,1317,-1289
0.050192,-166608,1314,-1324
0.050026,-172133,1292,-1311
0.050144,-169701,1319,-1327
0.050262,-167982,1326,-1318
0.050042,-158705,1325,-1314
0.051000,-169478,1298,-1294
0.050647,-178659,1341,-1340
0.051050,-162960,1307,-1319
0.050976,-196037,1325,-1364
0.050982,-162854,1317,-1351
0.051027,-185594,1340,-1348
0.050946,-160726,1334,-1326
0.050994,-176794,1309,-1298
0.050516,-167805,1284,-1284
0.050977,-165609,1283,-1286
0.050833,-162602,1264,-1260
0.050942,-154863,1117,-1143
0.050890,-141787,1001,-1019
0.050957,-130945,843,-855
0.051037,-100831,655,-670
0.051023,-60148,505,-495
0.050976,-23550,312,-326
0.051034,-3663,166,-169
0.050004,11709,99,-97
0.050999,18098,48,-4
0.050987,17855,12,0
0.051012,5753,0,0
0.051013,2474,0,0
0.050971,9100,0,0
0.049984,6113,0,5
0.050992,4855,0,3
0.050997,7032,-1,0
0.050955,5623,0,0
0.050063,5824,0,0
0.051038,6696,0,0
0.050973,5703,0,0
0.050949,6334,0,0
0.051043,5995,0,0
0.050973,6470,14,-11
0.050987,-2791,171,-118
0.050942,-39685,439,-404
0.050925,-100482,788,-762
0.050994,-150321,1070,-1060
0.050979,-172396,1140,-1141
0.050838,-150585,1015,-1062
0.051000,-140680,869,-901
0.050986,-98686,708,-723
0.050918,-54650,496,-533
0.050999,-29984,359,-355
0.050989,-10838,196,-174
0.051036,2372,110,-123
0.051001,8566,76,-47
0.050953,8014,3,-2
0.050533,8432,-213,174
0.050972,21565,-458,404
0.050910,87202,-598,595
0.050955,146921,-900,894
0.050844,140203,-957,941
0.050982,134443,-874,900
0.050946,114666,-734,732
0.050919,93319,-572,568
0.051004,68719,-389,360
0.050873,35116,-228,158
0.050651,9588,-123,127
0.051002,4734,-83,91
0.050954,5464,-30,16
0.050975,6988,12,49
0.050915,13977,179,256
0.050977,20002,395,520
0.050965,18410,711,807
0.050926,7013,1081,1123
0.050942,2774,1500,1501
0.050975,4586,1626,1634
0.050977,6666,1697,1711
0.050991,8162,1702,1729
0.050854,4363,1721,1760
0.050971,3753,1701,1704
0.050955,7086,1750,1749
0.050973,7144,1696,1706
0.050967,5883,1715,1707
0.051009,7199,1700,1689
0.050987,8658,1693,1700
0.050970,10351,1722,1749
0.050013,8086,1676,1707
0.050013,5500,1691,1700
0.050915,6734,1714,1708
0.050966,7520,1696,1687
0.050924,7134,1715,1709
0.050979,8862,1774,1773
0.050951,6228,1771,1778
0.051029,7019,1840,1849
0.050955,6608,1805,1815
0.050973,6283,1807,1817
0.050452,5973,1795,1799
0.050006,5823,1810,1823
0.050934,5268,1820,1831
0.050974,5649,1846,1847
0.050841,5809,1800,1805
0.050993,6507,1814,1823
0.050864,5919,1846,1852
0.050984,5195,1828,1827
0.050954,5676,1807,1810
0.052089,5822,1874,1863
0.051010,5587,1831,1828
0.050920,5693,1797,1792
0.050877,5322,1790,1789
0.050938,4698,1834,1827
0.050959,4753,1814,1807
0.050988,5203,1837,1830
0.050922,5062,1858,1856
0.050914,3865,1832,1818
0.050968,5770,1851,1845
0.050955,6463,1869,1872
0.051015,6367,1825,1831
0.050985,7965,1861,1879
0.051034,6453,1801,1825
0.050926,1322,1852,1865
0.050895,2797,1808,1794
0.050977,4816,1832,1823
0.050970,5354,1820,1809
0.050937,7973,1801,1790
0.050984,9130,1764,1774
0.050332,7690,1757,1784
0.050992,3844,1805,1800
0.050908,4267,1810,1785
0.050945,7642,1771,1749
0.050954,10345,1799,1814
0.050975,9567,1777,1805
0.050974,4684,1786,1793
0.050977,4353,1810,1794
0.050971,4829,1772,1752
0.050986,5366,1816,1792
0.050977,7061,1767,1759
0.050473,5407,1791,1789
0.050859,5599,1754,1744
0.050933,5392,1804,1797
0.050881,5154,1769,1761
0.050965,5002,1817,1802
0.050896,5701,1765,1763
0.050956,4587,1764,1765
0.050917,4599,1782,1773
0.051005,4549,1824,1812
0.050074,4642,1798,1782
0.050917,4936,1778,1764
0.050974,5614,1840,1832
0.050059,4375,1745,1739
0.050929,5066,1820,1809
0.050951,5500,1826,1822
0.050934,4633,1795,1791
0.050025,6485,1805,1809
0.049998,4779,1748,1759
0.050939,6059,1805,1810
0.050950,5777,1776,1777
0.050999,5538,1818,1817
0.050980,5759,1814,1812
0.050036,5317,1746,1741
0.050947,6347,1816,1816
0.050897,5080,1780,1779
0.050895,6381,1813,1811
0.050948,7539,1809,1829
0.050973,3816,1780,1787
0.052253,2603,1874,1863
0.050001,4053,1781,1769
0.050936,4875,1818,1800
0.050952,4321,1780,1757
0.050978,5520,1815,1801
0.050993,6554,1765,1763
0.050984,5835,1811,1810
0.051042,2605,1814,1792
0.050957,3907,1780,1742
0.050990,7367,1815,1788
0.050925,10004,1818,1825
0.050959,6614,1784,1794
0.050453,2215,1786,1787
0.050978,1177,1824,1795
0.051004,2552,1790,1744
0.050967,4937,1828,1796
0.050944,6281,1810,1800
0.050970,5126,1756,1752
0.050984,6287,1815,1803
0.050946,6413,1810,1799
0.050451,5645,1761,1749
0.050898,5592,1806,1792
0.050922,4640,1755,1752
0.050978,3216,1797,1790
0.050967,3742,1792,1777
0.050960,4562,1765,1743
0.050910,5440,1795,1779
0.050940,6361,1797,1784
0.051003,4877,1755,1746
0.050987,5199,1788,1775
0.050897,6112,1745,1737
0.050980,4904,1737,1742
0.050961,4015,1623,1627
0.050915,4414,1464,1453
0.050933,2655,1312,1313
0.050817,1642,1125,1121
0.050874,9257,981,960
0.050956,3173,788,800
0.050921,4563,615,617
0.050937,7807,451,466
0.050719,6725,262,250
0.050977,4152,123,78
0.050941,5174,44,163
0.050973,12142,-179,340
0.050924,34555,-371,380
0.050997,96929,-645,742
0.050970,157858,-969,1107
0.050879,162354,-1133,1217
0.050859,186040,-1239,1288
0.050942,168556,-1239,1286
0.050978,181486,-1257,1309
0.050041,163966,-1228,1244
0.050386,170251,-1228,1246
0.050932,167743,-1221,1228
0.050976,168099,-1233,1242
0.051069,167615,-1236,1248
0.050979,171546,-1229,1231
0.050987,160742,-1196,1191
0.050966,162249,-1200,1192
0.050854,163219,-1198,1181
0.050899,164325,-1205,1212
0.050947,163948,-1193,1184
0.050917,162730,-1218,1201
0.051005,163757,-1223,1207
0.050993,165666,-1212,1203
0.050951,163961,-1173,1184
0.050874,159440,-1197,1188
0.050976,155894,-1152,1119
0.051043,159639,-1113,1078
0.050964,144009,-1026,1022
0.050995,127425,-855,871
0.051014,121463,-734,719
0.051003,110086,-566,539
0.050942,61030,-375,279
0.050987,14893,-196,268
0.050920,4176,8,508
0.051037,25885,245,486
0.050042,45144,452,842
0.050917,25293,763,1091
0.050135,12812,1081,1212
0.051017,14045,1192,1262
0.051029,10910,1230,1296
0.050870,6131,1187,1218
0.050972,3437,1196,1216
0.050985,3689,1169,1189
0.050939,3853,1152,1165
0.050978,6244,1176,1142
0.050030,7955,1125,1094
0.051041,9610,1143,1132
0.051038,8095,1126,1124
0.050983,6407,1101,1100
0.051039,5122,1137,1131
0.050435,4266,1117,1117
0.050991,5162,1155,1150
0.051002,3658,1127,1136
0.050932,4412,1143,1144
0.051027,5494,1156,1155
0.050959,3735,1150,1160
0.050932,4892,1164,1139
0.050996,6677,1139,1127
0.051026,7581,1135,1130
0.050981,7945,1148,1155
0.050864,8832,1140,1156
0.050977,6063,1129,1140
0.050952,4200,1126,1145
0.050997,4221,1151,1154
0.051038,3915,1129,1141
0.050938,5469,1163,1151
0.051009,5422,1127,1128
0.051037,6504,1129,1140
0.050962,7212,1071,1091
0.050029,7626,937,1101
0.050938,9302,789,1215
0.050029,32781,615,1201
0.050965,67001,441,1309
0.050999,87137,323,1435
0.050956,85587,128,1393
0.050930,91565,-72,1361
0.050140,105213,-214,1356
0.050076,122540,-410,1383
0.050920,134683,-538,1393
0.050985,138560,-652,1399
0.050826,139318,-684,1364
0.050947,139462,-705,1376
0.050880,139853,-694,1357
0.050989,143409,-712,1412
0.050950,143067,-676,1396
0.050914,139045,-699,1400
0.050937,136790,-679,1351
0.051013,135956,-672,1344
0.050990,137782,-692,1341
0.051049,143822,-695,1341
0.050814,133714,-644,1334
0.051002,134527,-652,1343
0.050942,139242,-663,1357
0.050972,137477,-648,1340
0.050935,125138,-642,1310
0.050934,136526,-663,1297
0.050114,132749,-614,1266
0.050106,129433,-625,1309
0.051002,147100,-645,1383
0.050977,141303,-625,1366
0.051004,136034,-635,1365
0.050981,132008,-640,1323
0.050008,129890,-598,1267
0.050010,122493,-555,1244
0.051023,121694,-489,1287
0.050980,117776,-357,1389
0.050939,123140,-183,1540
0.051039,133207,49,1696
0.050983,131539,257,1883
0.050976,108905,530,1920
0.050982,62932,960,1911
0.051002,41851,1411,1965
0.050907,21283,1680,1937
0.050917,10451,1794,1916
0.050989,8616,1907,1961
0.051006,9362,1960,1999
0.050651,9739,1935,1976
0.051021,8639,1973,2012
0.051001,6956,1954,1978
0.050944,5423,2036,2043
0.050918,6234,2029,2030
0.050897,4847,2026,2035
0.050976,2379,2101,2091
0.051014,4362,2108,2096
0.050015,5393,2030,2017
0.050966,5178,2075,2067
0.050996,5193,2091,2085
0.051033,4268,2057,2046
0.051051,5859,2106,2101
0.050977,5709,2050,2047
0.050588,5732,2054,2054
0.050927,6127,2078,2085
0.051056,4401,2082,2086
0.049997,3722,2030,2014
0.050955,4673,2108,2084
0.050943,4282,2058,2043
0.050069,5395,2067,2057
0.051008,6567,2116,2119
0.051006,2064,2079,2064
0.050939,3839,2065,2026
0.050970,9005,2117,2113
0.050949,11248,2073,2101
0.050980,8735,2090,2100
0.050967,5460,2069,2102
0.050932,3848,2083,2080
0.050985,2762,2039,2041
0.050987,4821,2030,2013
0.050995,6615,2059,2033
0.051053,7132,2018,2023
0.051041,6832,2054,2061
0.050019,5374,1997,1996
0.050030,7515,2021,2032
0.050948,7489,2019,2040
0.050987,6165,2068,2083
0.050989,5373,2017,2030
0.050391,5307,2001,1991
0.051026,3997,2001,1897
0.050977,1059,2030,1774
0.051016,-5870,1976,1566
0.050933,-22579,2006,1437
0.050957,-44180,1963,1310
0.050979,-51756,1974,1265
0.050995,-47017,1980,1191
0.050984,-45494,1940,1126
0.050122,-47053,1915,1069
0.050092,-50221,1928,1038
0.050822,-54637,1938,1069
0.050005,-53703,1919,1128
0.050943,-56539,2030,1332
0.050951,-47587,2044,1472
0.050617,-16052,2088,1712
0.051036,650,2053,1960
0.050945,7277,2110,2110
0.050988,8003,2103,2134
0.050971,7042,2151,2182
0.050789,8843,2140,2161
0.050972,8036,2093,2117
0.051017,4921,2119,2131
0.050949,5987,2086,2080
0.050969,6854,2090,2088
0.050996,6966,2106,2107
0.051000,7081,2068,2078
0.051011,2197,2114,2104
0.050042,3500,2041,1994
0.051008,10467,2133,2122
0.051010,11539,2092,2108
0.050985,7337,2145,2154
0.051001,4168,2139,2145
0.050869,1835,2101,2109
0.050964,2335,2094,2061
0.050918,3999,2131,2127
0.050939,7102,2074,2032
0.050949,6612,2110,2117
0.050988,6887,2111,2110
0.051859,7613,2093,2102
0.050059,8208,2053,2067
0.051009,7839,2048,2067
0.050980,8150,2096,2110
0.050973,9409,2026,2042
0.050966,5259,2079,2098
0.051027,3816,2095,2085
0.051010,5611,2145,2146
0.050959,3226,2083,2092
0.050961,3998,2112,2090
0.050015,5933,2046,2038
0.050009,5652,2090,2084
0.050055,5568,2068,2063
0.050025,4626,2031,2030
0.050062,2813,2077,2061
0.051005,3134,2090,2063
0.050452,4053,2046,2039
0.050105,2120,1950,1967
0.050996,1791,1830,1823
0.050952,2474,1654,1651
0.050053,13458,1483,1471
0.051012,7797,1320,1321
0.050986,1699,1168,1165
0.050077,4317,952,956
0.051055,6655,816,812
0.050068,6855,618,619
0.050088,4881,446,426
0.050944,4162,318,286
0.050994,4658,144,144
0.051015,7655,101,103
0.050997,9251,129,9
0.050952,5218,288,-158
0.050999,-31090,408,-343
0.050957,-74416,637,-487
0.050010,-96293,808,-666
0.051043,-103178,832,-739
0.050114,-107101,844,-826
0.050129,-109834,852,-872
0.050150,-109951,804,-862
0.051067,-107258,861,-907
0.050012,-102104,820,-833
0.050952,-103521,849,-851
0.050987,-105576,837,-806
0.050987,-101937,851,-822
0.051026,-103354,841,-818
0.051050,-105348,838,-833
0.050987,-104779,857,-859
0.050061,-106109,830,-824
0.050036,-105944,836,-837
0.050015,-100105,845,-836
0.050041,-105794,831,-816
0.050999,-103853,855,-855
0.051050,-105167,853,-833
0.049999,-104206,839,-844
0.051011,-102189,832,-819
0.050055,-99891,827,-816
0.050460,-93942,822,-815
0.051046,-107447,813,-813
0.050968,-103441,832,-836
0.050998,-102261,804,-815
0.050002,-101051,814,-821
0.051016,-101505,809,-819
0.050990,-104517,838,-837
0.050046,-102535,792,-815
0.050982,-95393,807,-805
0.051008,-103614,815,-833
0.051007,-99608,808,-811
0.050024,-98364,752,-771
0.050956,-87298,724,-730
0.050004,-83000,594,-614
0.050229,-69562,565,-474
0.050154,-52262,714,-301
0.050030,-56188,795,-115
0.050024,-81630,1090,50
0.050143,-92249,1438,123
0.051033,-81595,1793,546
0.050079,-58321,1919,991
0.050130,-29241,2047,1471
0.050036,-7853,2043,1815
0.050051,1089,2090,2028
0.050111,7180,2093,2068
0.051005,9044,2107,2145
0.050990,6795,2142,2172
0.051020,6400,2095,2103
0.051011,7884,2115,2119
0.050988,8030,2077,2079
0.050996,7292,2084,2098
0.051042,6729,2132,2142
0.050069,6811,2032,2049
0.050030,4145,1979,1997
0.051030,2242,1929,1882
0.050017,-928,1948,1718
0.050047,-9132,2044,1533
0.050990,-26227,2023,1366
0.051004,-47759,2095,1228
0.050990,-67382,2049,1026
0.050267,-77491,2115,851
0.050080,-87881,2125,685
0.051014,-101097,2103,492
0.051003,-114157,2137,332
0.050970,-120837,2137,157
0.050990,-130803,2072,-44
0.050961,-147141,2146,-194
0.051001,-157329,2100,-525
0.050106,-184321,2092,-864
0.051010,-208107,2121,-1257
0.050964,-259003,2169,-1741
0.050970,-268526,2108,-1932
0.051006,-276412,2150,-2099
0.051006,-277394,2117,-2125
0.051015,-276191,2100,-2130
0.051004,-270408,2080,-2113
0.051015,-258970,1899,-1928
0.051060,-244739,1810,-1835
0.050009,-229159,1718,-1609
0.051015,-212473,1910,-1450
0.050924,-193332,1979,-1295
0.051022,-189132,1829,-1098
0.050044,-191346,1783,-883
0.050941,-171284,1916,-759
0.050050,-144929,1828,-578
0.050988,-148053,1868,-417
0.051069,-133507,1843,-252
0.051016,-119580,1743,-46
0.050027,-97358,1580,127
0.051012,-84622,1518,438
0.050101,-47330,1306,657
0.050013,-22078,1138,778
0.050984,3128,1002,817
0.051000,14923,813,699
0.050015,14132,636,522
0.050121,-947,466,315
0.050089,-11056,293,147
0.050162,-23,139,120
0.050048,11913,49,148
0.051062,16836,-169,314
0.050677,35129,-411,436
0.050137,91376,-576,696
0.051053,156163,-1087,1193
0.050971,206737,-1448,1513
0.050011,233006,-1610,1626
0.050050,238234,-1650,1651
0.050048,220704,-1610,1649
0.051026,218295,-1483,1517
0.050078,202250,-1332,1349
0.050091,173341,-1203,1176
0.050120,152024,-1020,1011
0.050104,120795,-856,842
0.050025,99534,-670,676
0.050938,78547,-523,528
0.050977,59881,-349,328
0.051025,21124,-179,150
0.049998,2292,-51,175
0.049999,324,137,330
0.050017,7195,359,379
0.050946,12176,618,663
0.050994,12507,1057,1106
0.051010,8915,1514,1597
0.049996,6473,1707,1729
0.050965,6814,1866,1875
0.051001,10434,1849,1859
0.050089,14976,1875,1911
0.051019,12706,1927,2002
0.050005,6585,1938,1984
0.050985,5218,2042,2042
0.050126,4682,1997,1991
0.050956,6700,2082,2079
0.050978,5082,2091,2119
0.051043,4260,2086,2102
0.050013,5647,2068,2075
0.050030,6741,2046,2052
0.050045,8546,2065,2074
0.050203,8131,2063,2089
0.050004,5355,2033,2057
0.051007,4666,2076,2085
0.050069,5350,2080,2093
0.050464,4559,2085,2101
0.050626,5025,2085,2085
0.050234,5034,2090,2100
0.050035,5292,2040,2034
0.051028,8036,2124,2125
0.051023,7791,2113,2125
0.051022,6870,2106,2115
0.050030,5886,2051,2057
0.050990,6772,2090,2098
0.050999,5089,2121,2098
0.051001,567,2089,1955
0.051061,-3745,2113,1841
0.050041,-8082,2011,1634
0.051012,-16621,1944,1487
0.050950,-31529,1908,1305
0.051012,-43780,1966,1160
0.051046,-51965,1878,1065
0.050997,-62644,1936,1128
0.050951,-60564,1994,1104
0.050983,-57627,2066,1096
0.051050,-49719,2025,1158
0.050963,-48123,2065,1273
0.050988,-40999,2114,1353
0.050033,-35772,2000,1394
0.050014,-28092,2079,1655
0.050983,-8416,2124,1897
0.050969,-1271,2088,1986
0.050968,2745,2074,2014
0.051024,10991,2139,2132
0.051031,15573,2142,2184
0.051033,12088,2107,2151
0.050993,5988,2091,2138
0.050959,1346,2139,2148
0.050999,3736,2082,2011
0.050926,7272,2140,2120
0.050078,6503,2030,2032
0.051064,5431,2118,2123
0.051001,4390,2103,2103
0.050929,5141,2173,2162
0.050026,6541,2092,2097
0.050449,5571,2103,2117
0.051009,5794,2143,2147
0.050989,5723,2093,2100
0.049989,5294,2059,2056
0.050955,5767,2135,2130
0.050991,5104,2096,2097
0.050909,4409,2136,2130
0.050983,5867,2080,2077
0.051041,6520,2163,2172
0.050083,4734,2050,2053
0.051018,5237,2119,2105
0.051027,6353,2094,2097
0.051065,5288,2148,2154
0.049981,4708,2099,2089
0.050970,6804,2120,2122
0.050117,6369,2031,2050
0.050960,1669,2122,2124
0.051038,3676,2149,2155
0.051021,5224,2110,2107
0.050976,5048,2081,2068
0.050952,5364,2118,2121
0.050974,7217,2111,2077
0.050041,7582,2068,2069
0.050034,9253,2110,2119
0.050115,3533,2108,2102
0.049999,1765,2051,2010
0.050173,7514,2114,2099
0.050025,10107,2131,2159
0.050054,8927,2088,2090
0.051042,5154,2158,2193
0.050972,1403,2139,2150
0.050949,5152,2089,2036
0.050991,7685,2138,2145
0.050988,7084,2095,2103
0.050989,7020,2086,2093
0.050941,5136,2071,2082
0.050985,4173,1968,1973
0.050944,3568,1854,1832
0.050029,2041,1669,1654
0.050014,5238,1515,1503
0.050640,8813,1339,1326
0.051055,4402,1174,1170
0.050969,2067,1006,1010
0.050948,4684,820,813
0.050972,7166,663,666
0.051015,7749,487,571
0.051005,19503,310,749
0.051041,36041,116,925
0.050014,77431,-80,1015
0.051037,112343,-308,1470
0.051010,164304,-622,1778
0.050981,191621,-980,1827
0.050967,219500,-1421,1917
0.050975,236277,-1642,1867
0.050057,241653,-1710,1771
0.050003,225352,-1733,1718
0.050995,224570,-1610,1598
0.050930,208570,-1508,1484
0.051059,188342,-1307,1289
0.051029,167274,-1127,1120
0.051005,150183,-976,954
0.050996,106899,-778,764
0.050985,72201,-598,595
0.050972,60600,-435,436
0.050984,40970,-358,360
0.050989,30254,-527,512
0.050039,41031,-518,504
0.051031,108015,-771,719
0.050950,161011,-1119,1120
0.051024,186373,-1213,1190
0.051011,162675,-1100,1129
0.050928,156552,-950,971
0.050961,132802,-772,776
0.050045,90049,-602,561
0.050058,44846,-432,409
0.050948,24128,-253,283
0.050009,12773,-123,125
0.050949,4310,-79,64
0.050990,1293,-43,55
0.050978,1136,-19,16
0.050350,3952,-15,12
0.050992,8169,-69,87
0.050951,24292,-238,261
0.050938,63155,-477,447
0.050038,111112,-741,695
0.050996,128540,-833,840
0.050966,125229,-768,786
0.051033,111075,-620,642
0.050972,92291,-445,452
0.050999,55518,-275,217
0.050953,1704,-133,48
0.051004,-15187,-95,131
0.050939,-8660,-38,30
0.050089,8053,-36,0
0.051024,14294,-28,55
0.050982,11782,9,130
0.051018,15816,212,231
0.050006,23131,410,450
0.050962,12164,607,725
0.050998,6506,992,985
0.050992,5147,1290,1313
0.050977,12091,1378,1413
0.050942,10221,1420,1475
0.050983,4168,1391,1425
0.050012,3998,1386,1389
0.050113,8018,1369,1351
0.051038,12894,1399,1402
0.051012,14063,1371,1411
0.051025,9711,1365,1395
0.051012,3752,1378,1408
0.051069,3760,1377,1369
0.050968,5474,1357,1332
0.050978,5117,1389,1376
0.050051,5122,1341,1349
0.051016,5563,1417,1420
0.051010,5570,1377,1361
0.050934,7036,1405,1404
0.051024,6402,1365,1377
0.050083,5320,1334,1325
0.050992,4477,1283,1280
0.050563,3568,1167,1172
0.051039,4147,1047,1032
0.050961,4310,855,881
0.051011,10443,708,888
0.050936,30450,496,961
0.050064,43558,363,973
0.051011,45331,178,986
0.050979,64930,-34,1145
0.051022,107804,-193,1431
0.051022,161128,-549,1761
0.050236,189150,-885,1809
0.050225,211382,-1280,1882
0.051009,245561,-1635,1937
0.049983,252080,-1740,1844
0.050093,247474,-1851,1887
0.050100,231505,-1806,1824
0.050089,244595,-1815,1799
0.050072,245630,-1847,1803
0.050124,245692,-1790,1770
0.050138,244413,-1776,1794
0.050095,225344,-1677,1685
0.050079,225285,-1544,1546
0.050091,199953,-1407,1378
0.050283,191992,-1268,1240
0.050117,166242,-1074,1055
0.049969,123380,-902,888
0.050113,98855,-738,736
0.050241,77364,-562,560
0.050125,58641,-405,402
0.050147,34518,-226,189
0.050086,9152,-115,74
0.050119,-524,-85,111
0.050143,238,-24,38
0.049990,4405,-3,40
0.050100,7649,0,11
0.050006,6841,25,54
0.051005,7675,201,266
0.050998,22484,409,385
0.051005,26656,423,711
0.050078,33799,671,1092
0.050498,49514,919,1566
0.050122,55744,985,1711
0.050066,60571,1004,1794
0.051031,56181,1030,1874
0.050091,54451,1002,1798
0.050032,54834,1001,1784
0.050195,53799,994,1784
0.050223,57191,970,1769
0.049999,54862,968,1741
0.050951,56600,986,1755
0.051052,61531,1002,1752
0.050053,65269,1023,1775
0.050125,56853,1099,1799
0.051036,47408,1292,1819
0.050180,21552,1478,1759
0.050043,10156,1607,1714
0.051054,7194,1697,1746
0.050016,6264,1690,1712
0.050035,7192,1741,1745
0.050971,9250,1728,1739
0.050981,7516,1748,1773
0.051002,4742,1742,1751
0.049993,4304,1684,1679
0.050974,5539,1711,1706
0.050980,5807,1684,1684
0.050971,6481,1687,1685
0.050009,6472,1633,1637
0.051025,6217,1603,1615
0.050981,4514,1491,1486
0.050955,3831,1402,1323
0.050980,1021,1377,1174
0.050953,-11599,1352,1001
0.051000,-25954,1339,810
0.050902,-31154,1277,696
0.050098,-29910,1222,625
0.050152,-36964,1193,621
0.050145,-37114,1273,821
0.050192,-31590,1333,995
0.050170,-10398,1441,1168
0.050092,3188,1508,1422
0.050387,6784,1661,1664
0.050217,9637,1710,1722
0.050365,10840,1740,1779
0.050256,8379,1759,1813
0.050338,7502,1807,1844
0.050183,6209,1750,1770
0.050462,4746,1768,1780
0.050185,4855,1767,1770
0.050268,5555,1759,1755
0.050273,7093,1796,1793
0.050392,7199,1781,1802
0.050062,5764,1775,1790
0.050426,3386,1824,1827
0.050442,2720,1777,1768
0.050467,4140,1763,1742
0.050081,4390,1789,1772
0.050312,6721,1775,1747
0.050451,7725,1793,1799
0.050421,3209,1778,1788
0.050365,1276,1816,1770
0.051041,6305,1786,1762
0.050102,9458,1825,1845
0.050102,9962,1837,1865
0.050248,7895,1867,1882
0.050478,5993,1920,1943
0.050376,3616,1920,1913
0.050235,6360,1925,1900
0.050204,8758,1952,1956
0.050084,7536,1953,1971
0.051036,6008,1992,2015
0.050097,4513,1947,1960
0.050247,3740,1963,1959
0.050615,5030,1962,1948
0.051067,6374,1994,1985
0.050704,5928,1994,1998
0.050030,5960,1899,1902
0.050411,6185,1980,1983
0.050163,7283,1930,1935
0.050353,8848,1920,1932
0.050675,5507,1926,1939
0.050709,3643,1932,1939
0.050063,5327,1923,1923
0.050910,6139,1971,1976
0.050354,5745,1924,1935
0.051026,6230,1994,1997
0.050146,6601,1929,1941
0.050058,5588,1943,1954
0.050084,5294,1942,1948
0.050261,5127,1931,1931
0.051046,5779,1941,1939
0.050164,5160,1944,1949
0.050212,5406,1933,1934
0.050629,7847,1966,1962
0.050014,9993,1938,1956
0.050703,7276,1976,1999
0.050023,6006,1892,1901
0.051017,5401,1972,1976
0.051063,4890,1994,1985
0.050155,6827,1918,1913
0.049995,5987,1943,1949
0.050079,1132,1934,1913
0.050658,3432,1939,1888
0.050212,9816,1968,1949
0.050443,10104,1936,1960
0.050689,7384,2004,2012
0.050689,3097,1951,1956
0.050025,656,1944,1944
0.050804,1765,1985,1934
0.050100,6786,1943,1892
0.050231,7256,1935,1930
0.050173,7374,1936,1938
0.050375,7698,1923,1929
0.050539,6173,1957,1969
0.050215,6353,1964,1963
0.050280,6862,1942,1949
0.050195,6064,1937,1947
0.050836,5441,1997,1995
0.050111,5318,1942,1938
0.050106,5780,1966,1965
0.050120,8231,1911,1926
0.051036,4420,1976,2002
0.050279,1161,1961,1956
0.050228,3507,1936,1913
0.050139,5303,1950,1928
0.050262,4699,1940,1942
0.050063,5412,1936,1925
0.050069,5712,1927,1920
0.050151,5018,1888,1882
0.050156,3504,1877,1875
0.050159,2984,1857,1848
0.050066,2587,1778,1779
0.050044,2207,1685,1675
0.050106,2046,1533,1520
0.050114,4891,1372,1367
0.051049,14348,1228,1218
0.050056,9536,1026,1017
0.050174,481,856,859
0.050162,2892,690,691
0.050022,7350,526,525
0.050110,10681,351,356
0.050077,2194,195,136
0.050026,-2612,168,2
0.050117,-3175,364,-95
0.050046,-15804,441,-352
0.050130,-80683,688,-613
0.050157,-140239,1147,-946
0.050257,-171068,1334,-1183
0.050372,-170760,1356,-1317
0.050225,-178347,1272,-1309
0.050063,-159720,1162,-1222
0.050158,-154309,1012,-1049
0.050215,-134852,849,-872
0.051014,-93614,677,-687
0.051028,-45543,510,-527
0.050089,-26014,346,-357
0.050213,-14359,280,-285
0.051050,-9338,430,-431
0.049995,-42322,507,-542
0.051043,-116946,793,-719
0.050062,-122401,919,-876
0.050645,-129379,874,-916
0.050005,-113980,704,-737
0.050139,-91193,533,-568
0.050041,-45735,385,-382
0.050048,-8667,222,-212
0.050043,7172,115,-124
0.050112,12738,63,-71
0.050056,11772,37,-32
0.050070,10151,94,-69
0.050112,-3614,237,-206
0.050198,-45393,429,-427
0.050101,-101384,806,-772
0.050124,-144349,1166,-1151
0.050095,-188155,1414,-1416
0.050178,-204730,1527,-1525
0.050289,-204745,1501,-1531
0.050117,-183565,1406,-1460
0.050108,-178737,1254,-1278
0.050148,-154632,1094,-1119
0.050188,-137028,926,-949
0.050069,-92346,758,-772
0.050028,-63807,600,-600
0.050134,-43967,430,-434
0.050136,-27779,272,-250
0.050099,-8798,140,-117
0.050102,3601,78,-95
0.050139,8411,65,-51
0.050068,9098,95,-2
0.050088,8073,275,173
0.050030,-9706,376,388
0.050139,-12858,750,537
0.050083,-3567,1043,904
0.050071,1898,1292,1261
0.050012,7942,1349,1337
0.050114,5816,1368,1417
0.050220,5838,1366,1383
0.050135,7960,1353,1368
0.050062,7107,1326,1339
0.050231,7777,1321,1324
0.050149,8896,1346,1348
0.050642,8765,1303,1328
0.050061,6635,1311,1337
0.050110,8374,1311,1339
0.050037,5685,1289,1315
0.050079,2806,1318,1315
0.050062,2905,1347,1341
0.050132,6156,1336,1333
0.050043,6502,1332,1333
0.050032,7672,1333,1333
0.050988,7504,1347,1356
0.050072,7421,1322,1335
0.050326,8494,1319,1342
0.050989,6923,1331,1350
0.050006,5902,1316,1326
0.050023,5155,1306,1320
0.051001,4767,1297,1291
0.050975,4489,1292,1287
0.050067,2120,1141,1154
0.050998,1689,1056,1040
0.050999,4136,866,865
0.051036,15792,684,676
0.050076,9091,526,487
0.050977,-6097,359,337
0.050056,-1303,291,205
0.050995,4211,459,-21
0.050978,-16206,499,-240
0.050979,-66447,682,-399
0.051033,-100670,837,-620
0.050041,-112731,905,-684
0.050158,-115386,906,-815
0.050119,-108479,897,-875
0.050032,-112571,886,-887
0.051044,-108891,840,-878
0.051001,-106144,822,-876
0.050009,-95370,830,-843
0.050098,-103845,813,-823
0.050182,-108227,842,-865
0.051057,-108730,851,-871
0.050031,-105764,847,-845
0.050217,-110212,864,-869
0.050608,-110981,876,-858
0.050981,-108945,871,-851
0.050986,-106873,891,-859
0.050913,-107448,880,-863
0.050102,-109201,845,-842
0.050081,-109043,850,-861
0.050148,-108365,845,-862
0.050147,-103766,846,-852
0.050062,-109687,861,-871
0.050071,-110496,848,-861
0.051126,-109480,865,-884
0.050186,-106377,856,-855
0.050253,-106618,850,-852
0.050279,-100942,837,-844
0.050271,-105098,830,-830
0.050247,-101314,791,-795
0.050004,-88456,686,-705
0.050006,-79413,555,-573
0.051042,-64590,508,-412
0.050986,-47982,703,-240
0.050930,-43491,806,-31
0.051042,-66702,1032,81
0.050991,-82219,1464,297
0.050970,-70034,1866,742
0.050098,-46736,2021,1235
0.050016,-21326,2060,1678
0.050936,-3039,2085,1929
0.050094,8468,2093,2047
0.050086,10898,2106,2116
0.051034,9447,2144,2193
0.050216,9474,2103,2139
0.050215,9130,2080,2107
0.050009,6478,2075,2105
0.050118,5267,2102,2104
0.050200,6279,2071,2072
0.050035,4262,2070,2073
0.050009,3042,2088,2077
0.050916,4605,2125,2118
0.050207,2361,2080,2060
0.050112,5782,2070,2039
0.050561,13755,2136,2147
0.051037,12180,2135,2119
0.051054,4020,2097,1947
0.050022,-2267,2100,1804
0.050069,-13903,2074,1633
0.050097,-32896,2090,1489
0.050043,-46768,2061,1370
0.051001,-53567,2031,1239
0.050997,-49283,1883,1050
0.050188,-52104,1779,894
0.050176,-63136,1613,712
0.050033,-62741,1594,643
0.050101,-53776,1653,730
0.050025,-43900,1683,915
0.050051,-50966,1648,1037
0.050995,-33419,1880,1304
0.050968,-9135,1989,1748
0.050116,3079,2057,1993
0.050096,7938,2148,2143
0.050921,8412,2272,2304
0.050967,9826,2256,2268
0.051003,8667,2198,2241
0.050957,5817,2211,2226
0.051015,3793,2142,2150
0.050966,3710,2158,2161
0.051018,5073,2117,2119
0.051016,7975,2108,2080
0.051007,5082,2044,2052
0.050047,4789,2095,2088
0.050992,5445,2169,2165
0.051051,4825,2109,2105
0.051064,5810,2155,2154
0.051013,5770,2146,2149
0.051022,6377,2114,2116
0.050060,7640,2022,2040
0.050201,4641,2059,2079
0.051014,4327,2133,2136
0.051006,5977,2107,2099
0.050955,6292,2158,2156
0.050992,6731,2134,2135
0.050467,7025,2097,2108
0.050880,4289,2102,2104
0.051018,2712,2151,2128
0.050948,7220,2131,2109
0.051009,10732,2100,2115
0.051002,7441,2132,2165
0.051046,5231,2160,2163
0.050960,5144,2090,2079
0.051039,5543,2133,2130
0.050962,6671,2129,2123
0.051001,6025,2084,2082
0.050017,6388,2085,2090
0.051051,5783,2125,2124
0.050930,6048,2132,2125
0.050959,5542,2092,2096
0.050980,4807,2146,2145
0.050940,4026,2154,2148
0.050933,4592,2129,2126
0.050977,5851,2122,2122
0.050910,6387,2081,2084
0.051036,6125,2136,2145
0.051001,5957,2126,2132
0.050978,5428,2089,2094
0.051031,6368,2132,2133
0.050977,5968,2141,2149
0.050109,5538,2095,2093
0.050999,5504,2163,2160
0.051023,4719,2104,2102
0.050940,4899,2171,2160
0.050860,6050,2122,2111
0.050955,5993,2150,2153
0.050937,7974,2148,2154
0.054307,7837,2263,2289
0.051037,2643,2097,2102
0.051001,3282,2132,2117
0.051031,5571,2112,2093
0.050119,4446,2078,2060
0.050036,6444,2062,2042
0.050934,6707,2080,2079
0.050953,2876,2127,2103
0.050546,2879,2092,2052
0.050952,6764,2132,2112
0.050930,9371,2121,2129
0.050906,5327,2119,2129
0.050373,4799,2109,2092
0.050967,6274,2112,2086
0.050934,6081,2139,2132
0.051018,7052,2133,2137
0.050974,5556,2106,2106
0.050966,6545,2149,2142
0.050975,5942,2147,2147
0.051010,5837,2089,2083
0.051005,4989,2099,2108
0.051011,2151,1941,1949
0.051000,1881,1858,1838
0.050983,1792,1665,1662
0.050987,7733,1510,1495
0.050861,8607,1330,1324
0.050936,2188,1119,1123
0.050073,3810,959,952
0.051030,5966,801,804
0.050397,5554,627,710
0.050979,17047,458,831
0.050959,24238,278,976
0.050874,62957,70,1040
0.050276,111602,-80,1487
0.050198,138498,-305,1765
0.051021,167680,-680,1905
0.050252,199224,-1058,1884
0.051032,225299,-1430,1894
0.050320,242767,-1626,1840
0.051068,240517,-1703,1746
0.050006,225727,-1568,1559
0.050442,198766,-1429,1410
0.050420,199390,-1277,1246
0.050021,158128,-1180,1162
0.050807,142350,-1055,1043
0.050547,125147,-976,975
0.050669,112805,-887,867
0.050018,104694,-866,849
0.050713,99419,-838,854
0.050998,109438,-850,892
0.050014,137154,-994,1009
0.050987,171987,-1303,1276
0.051054,211331,-1539,1506
0.050997,227478,-1629,1580
0.050338,225114,-1517,1512
0.051012,210840,-1424,1439
0.050994,184749,-1228,1240
0.050427,175774,-1036,1050
0.051038,119586,-894,881
0.050274,87297,-706,704
0.050034,65296,-527,535
0.050035,48318,-364,339
0.050286,29741,-207,194
0.050982,14934,-109,93
0.050602,1696,-52,55
0.050952,-3148,-58,28
0.050414,-3082,-23,2
0.050978,1664,0,0
0.050969,8203,0,0
0.050326,7566,0,0
0.050990,5572,22,16
0.050977,8852,224,191
0.050963,24000,519,414
0.050243,18992,635,759
0.051027,6513,1036,1079
0.050401,6117,1298,1298
0.051015,13615,1441,1489
0.050081,19917,1448,1526
0.050196,18123,1466,1513
0.050050,6536,1443,1475
0.050325,1273,1442,1461
0.050137,-230,1453,1455
0.050098,1243,1431,1412
0.051022,5915,1414,1386
0.050067,10231,1388,1365
0.051037,9141,1383,1422
0.050023,7616,1407,1448
0.051016,6150,1440,1473
0.050591,5204,1425,1442
0.050995,5161,1425,1420
0.051033,6386,1457,1459
0.050978,7225,1444,1464
0.050082,6119,1370,1395
0.050133,5265,1377,1390
0.050004,5762,1348,1347
0.050996,5764,1324,1324
0.050094,6477,1163,1159
0.051003,4063,1054,1049
0.050991,3070,891,882
0.050932,6186,723,696
0.050163,5509,556,531
0.051048,3847,385,393
0.051055,7264,223,238
0.050960,9013,122,132
0.051008,8518,83,77
0.050009,5665,36,55
0.050998,4776,109,90
0.050938,6901,320,309
0.050008,4179,450,464
0.050041,-311,726,637
0.050960,2555,1080,1046
0.050960,7214,1315,1327
0.051044,12065,1298,1340
0.050066,9083,1197,1245
0.050109,7087,1029,1056
0.050990,1489,900,904
0.050971,4680,740,722
0.050965,7793,554,555
0.051003,6543,397,411
0.050963,7880,220,312
0.050975,10709,-2,456
0.050983,24310,-148,509
0.050973,72331,-389,622
0.050983,126960,-863,999
0.050076,178372,-1247,1333
0.051038,223929,-1636,1681
0.050947,261120,-1918,1937
0.050975,280236,-2045,2053
0.050646,282067,-1954,1966
0.051010,268539,-1889,1908
0.050955,251999,-1737,1754
0.050978,232654,-1620,1617
0.050942,201701,-1423,1409
0.051033,169271,-1286,1265
0.050971,146469,-1099,1093
0.050060,130425,-906,895
0.050009,106000,-711,715
0.050015,85853,-569,556
0.050958,58850,-408,392
0.051021,35358,-228,228
0.050043,13064,-105,116
0.051055,538,-81,95
0.050977,-4509,-30,36
0.050960,-4881,-6,36
0.050993,-965,-62,48
0.051012,18654,-186,191
0.051012,62100,-464,443
0.050927,106456,-671,624
0.051023,113748,-728,704
0.050047,102772,-600,639
0.051048,82953,-455,465
0.050990,72253,-292,291
0.050005,35688,-146,84
0.051008,-6394,-80,28
0.050250,-15720,-53,96
0.051000,-12198,-32,32
0.051054,410,-29,0
0.049997,10964,-3,14
0.050951,12110,-6,34
0.050961,9127,-4,59
0.050988,6179,11,47
0.050981,13184,198,210
0.050985,29778,282,448
0.050125,52126,238,707
0.051025,51279,313,1012
0.050994,48715,446,1161
0.050969,45687,396,1165
0.050283,43003,250,1199
0.050471,70463,45,1334
0.051002,117677,-74,1400
0.050941,134553,-279,1543
0.050974,134951,-407,1453
0.050978,123246,-325,1303
0.050038,108360,-241,1271
0.050963,93736,-78,1289
0.050988,82511,125,1233
0.050997,78132,419,1201
0.050990,55916,635,1295
0.050998,22190,1054,1352
0.050984,7727,1151,1257
0.050982,7744,1291,1314
0.050966,9631,1276,1320
0.050067,4920,1162,1118
0.050100,-5871,1183,1072
0.050001,-3102,1201,1169
0.050965,5044,1240,1213
0.050941,8808,1223,1154
0.050955,11808,1201,1194
0.050971,5977,1198,1214
0.051052,4637,1274,1281
0.051024,5444,1260,1288
0.051022,4576,1237,1246
0.049983,4784,1220,1215
0.050105,4922,1219,1224
0.050991,5323,1196,1186
0.050988,6409,1146,1058
0.050985,3413,1157,925
0.050929,-2483,1156,765
0.051005,-18668,1091,565
0.050965,-43739,1022,363
0.050974,-53122,941,251
0.050956,-46286,908,182
0.050972,-31900,887,163
0.051019,-31707,850,129
0.050066,-43497,837,110
0.050966,-52736,925,228
0.050982,-49172,1016,284
0.051010,-54456,1135,486
0.050679,-46019,1257,663
0.050937,-15196,1275,923
0.050957,4592,1317,1222
0.050916,11262,1377,1372
0.050917,10092,1496,1547
0.050889,7814,1537,1569
0.050993,6885,1571,1585
0.051008,6029,1611,1630
0.050966,6134,1584,1698
0.050896,15277,1452,1736
0.051019,23856,1380,1837
0.050070,35672,1306,1874
0.050202,42185,1364,1914
0.050222,48708,1554,1907
0.050877,44645,1789,2028
0.051059,18483,1772,2001
0.051035,1556,2000,2029
0.050987,1576,2092,2078
0.051020,2518,2114,2110
0.051037,3411,2168,2156
0.051014,5410,2164,2159
0.051028,6711,2135,2135
0.051788,2720,2164,2144
0.050721,3756,2078,1980
0.050583,5192,2073,1975
0.050778,7710,2096,2063
0.050204,3796,2069,2075
0.050130,257,2064,2063
0.050155,2094,2069,2011
0.050511,6998,2079,2030
0.050409,8583,2089,2098
0.050833,9176,2142,2152
0.051008,6447,2099,2124
0.050080,5607,2088,2093
0.050068,5429,2091,2097
0.051038,5659,2085,2080
0.050027,4724,2083,2081
0.050592,4907,2069,2062
0.050517,5211,2118,2110
0.050479,5505,2096,2083
0.050613,7660,2135,2133
0.050141,7330,2037,2061
0.051031,1016,2140,2156
0.050199,-981,2123,2102
0.050088,3147,2105,2091
0.050142,3189,2041,2037
0.050110,4890,2099,2086
0.050079,6532,2101,2103
0.050162,6579,2121,2115
0.050318,6312,2112,2113
0.050198,7339,2115,2118
0.050036,5719,2036,2050
0.050958,4037,2134,2146
0.050102,4396,2104,2110
0.050122,4625,2092,2089
0.049991,4844,2031,2025
0.050224,5688,2108,2096
0.051045,5791,2097,2082
0.051038,7159,2112,2095
0.049993,8131,2093,2097
0.050995,4978,2116,2114
0.050011,2665,2097,2071
0.051043,8291,2148,2132
0.050081,10927,2070,2098
0.050950,7968,2118,2153
0.050917,5376,2135,2143
0.050067,4816,2090,2085
0.050054,5009,2091,2080
0.050994,6817,2089,2073
0.050986,7589,2118,2117
0.050036,7239,2081,2084
0.051035,7628,2102,2110
0.050989,7637,2063,2076
0.050721,6763,2110,2124
0.050461,6243,2066,2077
0.050528,6495,2099,2098
0.050437,6063,2071,2077
0.050944,6357,2130,2137
0.051073,6154,2123,2127
0.050498,7215,2061,2077
0.050774,3488,2136,2143
0.050381,2282,2101,2089
0.050852,3939,2095,2101
0.050358,2788,2085,2087
0.050411,3504,2042,2034
0.050480,4871,1931,1934
0.050943,4975,1838,1833
0.051023,2478,1648,1649
0.050059,5355,1469,1459
0.050226,8311,1300,1288
0.050205,3542,1126,1126
0.056744,5365,1060,1059
0.050040,6930,761,766
0.050261,8641,596,594
0.050281,3520,425,381
0.050197,2294,247,199
0.050115,4863,133,110
0.050360,8905,77,120
0.050415,11535,68,62
0.050421,8659,-9,105
0.050173,9412,-188,253
0.049990,28510,-422,438
0.050999,95473,-479,660
0.051021,124844,-752,868
0.051060,125716,-786,851
0.050101,107203,-697,726
0.050984,95805,-573,567
0.050967,75662,-409,376
0.051043,42244,-226,138
0.051009,4349,-118,73
0.050962,-5993,-62,126
0.050988,-3860,-65,26
0.051029,5876,-11,3
0.050458,9065,0,55
0.051001,9742,0,33
0.050948,6047,0,13
0.050334,5296,0,0
0.050524,6004,1,0
0.050116,5756,0,0
0.050977,6053,0,0
0.050426,5959,47,-32
0.051006,4792,262,-216
0.051014,-8772,468,-463
0.051043,-77341,621,-555
0.051041,-125395,933,-889
0.050390,-138559,1034,-1003
0.050661,-137836,1072,-1094
0.050992,-132308,1050,-1093
0.051035,-132932,1030,-1072
0.050384,-131874,1030,-1044
0.050678,-131754,1047,-1039
0.051033,-132725,1039,-1005
0.050524,-130147,1057,-1045
0.049999,-130079,1006,-1018
0.050389,-129981,1021,-1025
0.050047,-125451,1027,-1007
0.050082,-133055,1037,-1032
0.050272,-132283,1030,-1058
0.050539,-129889,1027,-1024
0.050970,-128328,1011,-1002
0.050986,-127325,1037,-1012
0.050667,-127054,1009,-985
0.050534,-126842,1044,-1020
0.050979,-128726,1006,-1011
0.051003,-128270,1027,-1014
0.050375,-126187,1013,-1008
0.050702,-125494,1028,-1004
0.050724,-126405,1001,-988
0.050003,-120541,1011,-981
0.050564,-126923,998,-985
0.050426,-125188,1026,-1020
0.050282,-126543,972,-973
0.050882,-122405,926,-931
0.050985,-112191,827,-861
0.050986,-97658,678,-698
0.050170,-76768,489,-505
0.051069,-47797,344,-349
0.051034,-5005,172,-178
0.050144,12181,106,-106
0.050482,16054,71,-46
0.050661,10580,35,-3
0.051047,2518,9,-3
0.050007,4691,8,-1
0.050254,6429,0,0
0.051002,5090,0,0
0.051009,6197,0,0
0.050319,7041,40,-15
0.051044,-2595,253,-145
0.050408,-41835,450,-400
0.051009,-102621,812,-792
0.051022,-148875,1100,-1073
0.050306,-153330,1151,-1154
0.050806,-155452,1086,-1144
0.050941,-139692,917,-984
0.051043,-120315,774,-817
0.050334,-83476,587,-625
0.051033,-45116,439,-461
0.050975,-21267,270,-274
0.050380,-2533,140,-128
0.051061,10111,97,-90
0.050428,13853,37,-36
0.050027,11917,43,-9
0.051008,9478,-1,5
0.050451,8087,-194,160
0.050969,13710,-505,471
0.050334,68036,-498,505
0.050006,115317,-704,699
0.050119,113876,-748,703
0.050102,107511,-619,640
0.050575,89347,-463,473
0.050965,66710,-290,271
0.051064,22614,-116,71
0.050413,-13845,-73,78
0.051016,-13230,-78,73
0.050946,-1628,-58,1
0.050523,12070,-27,1
0.050557,11310,-16,29
0.051041,7700,-20,46
0.050997,7874,-1,47
0.050418,13688,215,211
0.050450,24849,455,451
0.050811,16519,588,693
0.050976,6150,950,980
0.050085,6366,1203,1247
0.050968,12388,1323,1344
0.050904,11897,1319,1385
0.050932,8008,1343,1385
0.050939,6872,1351,1384
0.051010,5856,1337,1362
0.050959,6921,1339,1323
0.050004,7753,1281,1291
0.050993,7187,1332,1340
0.050031,6219,1323,1344
0.050935,5701,1331,1343
0.051006,6147,1327,1319
0.050962,6305,1335,1338
0.050929,6172,1308,1317
0.051020,7288,1346,1349
0.050089,7205,1286,1302
0.050983,4528,1337,1353
0.050052,1563,1321,1293
0.050946,1542,1344,1337
0.050938,2770,1370,1361
0.050997,5509,1362,1343
0.051011,7970,1311,1315
0.050939,8395,1315,1333
0.050056,10060,1333,1338
0.050949,9741,1310,1334
0.050989,6230,1337,1362
0.050977,5067,1340,1325
0.050980,4486,1351,1347
0.050918,4395,1344,1341
0.050964,5358,1351,1334
0.050096,4467,1298,1292
0.050040,6757,1340,1334
0.051003,7809,1340,1344
0.051030,4534,1368,1375
0.050896,1668,1340,1306
0.050995,3410,1337,1301
0.050905,6379,1363,1352
0.050363,7728,1325,1346
0.050930,9579,1321,1347
0.050991,8459,1348,1367
0.049994,4443,1295,1305
0.050008,2170,1328,1308
0.050977,4027,1347,1320
0.051035,6462,1323,1288
0.050003,6189,1280,1262
0.050085,5860,1297,1302
0.050946,5850,1319,1311
0.050997,5113,1330,1317
0.051015,3936,1303,1309
0.050059,2753,1206,1205
0.050847,3704,1130,1117
0.051000,1935,942,945
0.050989,7761,802,806
0.050105,14261,638,597
0.050929,1082,452,426
0.050019,-2099,271,289
0.050915,3926,152,162
0.050936,9826,86,85
0.050987,11031,61,78
0.051602,9377,24,35
0.051024,5995,44,15
0.050120,5810,94,-6
0.051038,4118,298,-189
0.051037,-25401,407,-337
0.050434,-78029,628,-514
0.050617,-100596,812,-704
0.050042,-106408,861,-777
0.051945,-109588,881,-868
0.050582,-110302,869,-902
0.050482,-109647,844,-879
0.050268,-107383,840,-867
0.050524,-104212,828,-833
0.050249,-103968,849,-824
0.050074,-98599,831,-821
0.050532,-105727,834,-820
0.050936,-106777,858,-842
0.050023,-106673,830,-807
0.050484,-104469,819,-825
0.050985,-101910,839,-848
0.050996,-103338,819,-822
0.050048,-104094,804,-831
0.050951,-104721,820,-851
0.050965,-104892,834,-853
0.050968,-105058,810,-831
0.051067,-106068,825,-835
0.050970,-103516,825,-848
0.050999,-103013,831,-824
0.050176,-101537,802,-808
0.050316,-101148,804,-792
0.050511,-102697,798,-792
0.050015,-98359,808,-812
0.051055,-110275,829,-839
0.050747,-104829,823,-848
0.050445,-103387,807,-837
0.050606,-99327,812,-838
0.050127,-103607,797,-825
0.050091,-100871,788,-809
0.050167,-98895,781,-789
0.050184,-94404,786,-783
0.050290,-100582,782,-795
0.050396,-98775,739,-751
0.050330,-92393,645,-672
0.050451,-78694,508,-525
0.050346,-69992,350,-353
0.050189,-41667,177,-193
0.050116,7111,71,-94
0.050030,21880,88,-82
0.051009,17247,43,-15
0.050584,8998,24,-12
0.050303,3146,51,-13
0.050207,1143,26,-26
0.050616,2510,10,-27
0.050643,5421,83,7
0.050239,4496,277,180
0.051063,-13508,426,448
0.050004,-20089,776,516
0.050077,-7810,1053,874
0.050694,3195,1311,1255
0.050084,8097,1378,1419
0.050022,7401,1370,1441
0.050017,4284,1404,1446
0.050973,4689,1402,1381
0.050092,9618,1373,1354
0.050153,12378,1355,1383
0.050041,13957,1326,1373
0.050130,13840,1349,1417
0.050068,10544,1367,1422
0.050101,6923,1358,1386
0.051058,6866,1374,1388
0.050292,6804,1366,1376
0.050971,5632,1417,1412
0.051017,6592,1420,1420
0.051028,7500,1430,1436
0.051031,6251,1397,1401
0.050328,5962,1405,1418
0.050105,5952,1417,1425
0.050068,6069,1432,1427
0.050316,6499,1431,1435
0.050195,6431,1456,1459
0.051051,6963,1515,1518
0.050158,6219,1535,1534
0.050061,4808,1614,1614
0.050274,4514,1669,1666
0.050420,4798,1754,1752
0.050506,4608,1830,1835
0.050102,6153,1838,1839
0.050025,6341,1928,1932
0.050150,6850,1942,1954
0.050144,4929,1951,1971
0.050084,3408,1967,1968
0.050099,5433,1951,1942
0.050362,7084,1987,1989
0.050467,6211,2005,2018
0.050190,5489,1961,1975
0.050251,5265,1963,1969
0.050242,5086,1976,1972
0.050179,5669,1938,1932
0.050432,6254,1961,1957
0.050970,6656,2014,2022
0.050000,6679,1946,1951
0.050925,8216,1939,1951
0.050993,6139,1985,1995
0.050997,6571,1973,1980
0.050988,2987,1935,1933
0.051056,3063,2024,2002
0.050077,5870,1960,1953
0.050109,7335,1960,1976
0.050929,4849,2018,2017
0.051008,3877,1951,1921
0.051053,6719,1992,1970
0.050119,10581,1943,1949
0.051018,10946,1987,2011
0.050031,6474,1935,1946
0.051035,2271,1983,1983
0.050114,586,1942,1914
0.050942,4686,1964,1913
0.050104,7765,1965,1959
0.050956,6974,1985,1998
0.051032,6414,2022,2027
0.050172,6980,1982,1984
0.050979,6855,1980,1985
0.051018,7815,2006,2020
0.051040,6230,2003,2020
0.049996,5085,1976,1977
0.051030,5393,1972,1970
0.051028,4083,1958,1964
0.050023,3978,1881,1876
0.050113,3838,1921,1916
0.050014,5834,1901,1885
0.050285,6660,1897,1882
0.051026,7260,1956,1959
0.050311,5978,1938,1948
0.050989,5904,1920,1926
0.050123,4715,1958,1955
0.050177,5605,1948,1943
0.051010,5963,1926,1931
0.050856,4724,1969,1969
0.050402,4671,1899,1886
0.050962,6190,1934,1925
0.050962,5062,1961,1952
0.050394,6244,1938,1930
0.050977,7988,1950,1958
0.051044,6872,1980,2001
0.050409,5983,1929,1942
0.050622,1749,1961,1951
0.050971,2025,1955,1923
0.051036,4895,1956,1943
0.051017,6716,2008,2009
0.051008,4503,2012,1994
0.050919,3024,1941,1909
0.050997,6685,1983,1963
0.050992,10472,1948,1969
0.051002,9826,1988,2015
0.050966,5019,1989,2006
0.050975,1285,1896,1899
0.050529,-290,1811,1790
0.050944,377,1695,1673
0.050133,3396,1463,1461
0.051021,17813,1361,1356
0.050942,13877,1179,1168
0.051036,585,982,984
0.051031,-631,829,840
0.050077,5871,645,652
0.050070,9104,463,468
0.050944,8624,303,297
0.050787,2880,142,82
0.050018,-659,85,45
0.050054,4073,81,102
0.050971,8900,27,51
0.050141,11773,0,9
0.050026,8841,0,7
0.051054,4105,0,21
0.051069,2519,51,-6
0.050047,1659,270,-167
0.051052,-19262,421,-423
0.050977,-72758,615,-474
0.051056,-99513,838,-654
0.050727,-107043,867,-797
0.050979,-111402,872,-855
0.050967,-111399,847,-870
0.050984,-108366,857,-903
0.050315,-107793,842,-880
0.050992,-109053,862,-881
0.050976,-110490,859,-860
0.050081,-110051,865,-864
0.050107,-110318,867,-857
0.050898,-105287,872,-876
0.050169,-110645,873,-874
0.050004,-111257,874,-876
0.050096,-110195,865,-873
0.051238,-110367,873,-872
0.051040,-110819,872,-869
0.050176,-111011,871,-861
0.051004,-109349,885,-883
0.050061,-106619,863,-849
0.050024,-99615,859,-841
0.050082,-103640,836,-798
0.050016,-105652,842,-832
0.050950,-106374,849,-851
0.050100,-103688,852,-866
0.051061,-114416,867,-897
0.050996,-109319,864,-893
0.049984,-108047,853,-878
0.050241,-100531,827,-843
0.050291,-104077,839,-833
0.050034,-98159,820,-794
0.050156,-101510,794,-764
0.050205,-91374,720,-731
0.050229,-86641,605,-621
0.050044,-70460,450,-476
0.050228,-58611,292,-315
0.051046,-23626,161,-160
0.050964,10616,91,-104
0.050997,18482,54,-72
0.050983,16574,37,-5
0.051006,11475,43,-1
0.051038,3991,12,0
0.050529,2944,11,0
0.050372,6180,6,1
0.050213,6711,0,0
0.051050,5802,0,0
0.051015,6247,-1,0
0.050962,5993,31,-15
0.051041,-1246,245,-155
0.050952,-38246,413,-412
0.051000,-88371,802,-741
0.051015,-150819,1110,-1066
0.050144,-166249,1188,-1188
0.050014,-158702,1077,-1136
0.051049,-135798,950,-1002
0.050016,-126642,786,-811
0.050061,-76924,609,-637
0.050035,-42593,428,-461
0.050007,-21429,287,-298
0.050968,-7291,163,-157
0.050130,6185,37,-47
0.050966,15020,-161,152
0.050988,30349,-380,460
0.051010,72787,-524,543
0.050134,102760,-739,670
0.051027,128348,-873,815
0.051005,122253,-852,880
0.050997,119374,-840,872
0.050023,105692,-720,740
0.050915,97110,-605,613
0.050042,80603,-441,431
0.050049,60545,-289,250
0.050068,28724,-148,96
0.050008,7689,-113,90
0.051033,333,-42,59
0.051006,-1320,-44,13
0.050079,2148,-41,14
0.050963,5266,-14,31
0.051052,5988,-9,52
0.050028,5082,-1,28
0.051024,5781,1,30
0.050002,7564,1,17
0.050514,6813,2,13
0.051067,6697,46,42
0.051030,10635,262,233
0.050981,22646,475,442
0.050083,14525,668,754
0.050022,8005,1035,1065
0.050134,5595,1276,1289
0.050066,8234,1462,1483
0.050020,5397,1509,1535
0.050126,-1321,1538,1527
0.051043,-1351,1532,1486
0.050048,5532,1553,1516
0.051023,15777,1566,1571
0.051067,22332,1543,1629
0.050993,15519,1627,1746
0.050186,2430,1649,1684
0.051007,4257,1761,1748
0.050064,5533,1716,1701
0.050987,6272,1742,1730
0.050104,6643,1758,1756
0.050033,6423,1715,1720
0.050058,5546,1772,1787
0.050198,5510,1797,1796
0.050076,6100,1738,1741
0.050329,6708,1775,1778
0.050161,6422,1741,1742
0.051052,5390,1815,1823
0.050125,4493,1785,1785
0.050086,4982,1775,1773
0.050175,4566,1781,1782
0.050152,3949,1770,1772
0.050937,3204,1765,1755
0.050986,3893,1768,1761
0.050055,4980,1789,1773
0.050208,5809,1732,1722
0.050427,7161,1746,1753
0.050095,7360,1777,1786
0.050109,7255,1747,1753
0.050296,5718,1766,1776
0.050429,5321,1752,1756
0.050713,5345,1778,1779
0.050223,4385,1785,1777
0.050784,4316,1799,1791
0.050376,4930,1760,1752
0.050028,4945,1732,1731
0.050087,5294,1781,1770
0.050231,6888,1734,1727
0.050595,8767,1754,1768
0.050106,4750,1764,1779
0.050145,4407,1744,1731
0.050018,5613,1701,1692
0.050087,5018,1754,1747
0.050076,4072,1774,1758
0.050120,5357,1743,1726
0.050012,7808,1769,1778
0.050014,3221,1712,1711
0.050099,3092,1747,1705
0.051106,7034,1737,1708
0.050169,10117,1748,1751
0.051028,14000,1732,1773
0.051013,6856,1725,1745
0.050107,-149,1744,1751
0.050905,1513,1733,1701
0.050950,4448,1749,1719
0.050963,6973,1710,1692
0.051013,6824,1714,1723
0.051046,6627,1761,1761
0.050036,7880,1693,1707
0.050039,6496,1696,1704
0.050147,5220,1700,1708
0.050130,4771,1681,1671
0.050099,6006,1718,1717
0.050133,4215,1731,1744
0.050116,3797,1678,1685
0.050118,4532,1728,1714
0.050153,6178,1739,1745
0.050201,3226,1736,1733
0.050240,5241,1726,1717
0.050208,5658,1710,1712
0.050375,5871,1728,1729
0.050715,6880,1754,1739
0.050009,9915,2185,2171
0.050939,5025,1587,1604
0.051015,2969,1989,1986
0.050968,5180,2122,2112
0.050943,7139,2146,2157
0.050051,5136,2119,2138
0.050949,3121,2127,2140
0.051035,2773,2154,2159
0.050066,1686,2094,2090
0.050293,4139,2125,2102
0.050109,8734,2127,2123
0.050728,9986,2153,2173
0.050921,10803,2130,2144
0.050524,8936,2074,2110
0.050324,4147,2077,2083
0.050098,5050,2089,2073
0.050105,6348,2110,2107
0.050132,3266,2041,2022
0.050075,3901,2147,2115
0.050095,8666,2103,2095
0.049999,12026,2103,2128
0.051032,5507,2110,2139
0.050518,108,2160,2163
0.050206,4349,2109,2076
0.050527,6939,2103,2092
0.050782,8575,2099,2098
0.050329,9540,2116,2139
0.050702,6384,2117,2134
0.050298,6163,2096,2100
0.050545,6520,2113,2110
0.050469,5342,2117,2119
0.050623,4487,2133,2127
0.050710,4507,2120,2113
0.050166,4269,2039,2040
0.050181,4683,2089,2088
0.050088,5957,2109,2104
0.050154,6351,2098,2100
0.050158,5497,2051,2043
0.050236,4723,2087,2086
0.050615,5940,2098,2101
0.051005,4506,2134,2134
0.050039,4046,2046,2043
0.051007,6003,2145,2140
0.050022,4611,2120,2122
0.050323,4512,2095,2087
0.050976,5334,2096,2093
0.050585,5146,2164,2164
0.050092,5771,2114,2099
0.050109,9091,2057,2064
0.050056,9132,2093,2115
0.050300,5280,2097,2116
0.049938,4452,2098,2092
0.049994,4012,2042,2024
0.051004,5209,2178,2155
0.050063,7569,2090,2095
0.050035,4196,2104,2106
0.050967,3891,2084,2056
0.051002,9819,2133,2113
0.050993,14817,2147,2177
0.051049,8689,2066,2112
0.050003,1734,2083,2086
0.050195,1101,2120,2113
0.050024,4188,2100,2065
0.050074,8597,2106,2094
0.051016,9985,2166,2180
0.050958,7010,2119,2143
0.050821,4611,2091,2100
0.050144,3777,2087,2074
0.050132,3568,2101,2099
0.050009,2440,2072,2056
0.050298,4219,2121,2109
0.050078,5079,2107,2107
0.050040,5069,2111,2110
0.050014,5344,2104,2103
0.050051,5164,2036,2038
0.050979,4360,2161,2159
0.051060,4700,2133,2125
0.050076,6758,2122,2124
0.050730,4946,2093,2101
0.050602,4866,2072,2064
0.050307,4479,2114,2112
0.050516,4603,2114,2095
0.050543,6008,2106,2083
0.050110,5218,2050,2049
0.050825,5514,2142,2139
0.050283,5527,2078,2080
0.050822,7666,2176,2175
0.050566,6300,2114,2127
0.050068,6060,2087,2091
0.050689,6795,2095,2097
0.050710,6237,2094,2098
0.050942,6741,2120,2116
0.050138,8784,2036,2047
0.050133,5335,2048,2053
0.050763,3245,1950,1935
0.050683,5571,1837,1835
0.050297,10980,1666,1658
0.050599,8212,1494,1492
0.050086,-2797,1324,1325
0.050245,5935,1141,1124
0.050146,7793,966,964
0.050373,7790,808,803
0.050653,7097,640,638
0.050533,6254,469,475
0.050152,-760,298,232
0.050198,771,135,64
0.050022,5319,77,91
0.050571,9850,68,99
0.050113,10126,24,52
0.050596,8927,23,8
0.050751,3942,17,17
0.050205,2634,28,26
0.051057,3805,14,35
0.050297,8059,19,51
0.050532,8307,21,36
0.050525,5160,31,10
0.050111,4349,23,0
0.050853,5693,11,0
0.050083,5819,4,0
0.050856,6201,-1,-1
0.051007,6014,0,0
0.050105,6022,0,-1
0.050625,5949,0,0
0.050494,6085,0,0
0.050895,6137,0,0
0.050134,5830,0,0
0.050238,6077,0,0
0.050664,6163,0,0
0.050441,6202,0,0
0.050360,5891,0,0
0.050412,6101,0,0
0.050397,6069,0,0
0.050428,6168,0,0
0.050367,6156,0,0
0.050313,6004,0,0
0.050022,5807,0,0
0.050177,6024,0,0
0.050337,6013,0,0
0.050435,6125,0,0
0.050244,6097,0,0
0.050096,5768,0,0
0.050179,6374,0,0
0.050005,6003,0,0
0.050970,6266,0,0
0.050034,6072,0,0
0.051033,6057,0,0
0.051011,6028,0,0
0.050972,6120,0,0
0.050251,5962,0,0
0.050019,5603,0,0
0.050998,6375,0,0
0.051056,6010,0,0
0.050061,5932,0,0
0.050005,5832,0,0
0.050075,5977,0,0
0.051001,6184,0,0
0.051045,6195,0,0
0.050995,5993,0,0
0.051033,6057,0,0
0.050438,6081,0,0
0.050997,6182,0,0
0.050942,6054,0,0
0.051030,6043,0,0
0.050994,6372,0,0
0.050964,6056,0,0
0.050109,5783,0,0
0.050953,6289,0,0
