Timestamp,gyro,leftEncoder,rightEncoder
1541717149.196010,5917,0,0
0.050628,5186,0,0
0.050522,5942,0,0
0.050548,6084,0,0
0.050643,5928,0,0
0.050998,5974,0,0
0.050622,5997,0,0
0.051045,5882,0,0
0.051057,6003,0,0
0.050350,6008,0,0
0.050774,6341,0,0
0.050645,5677,0,0
0.050546,6027,0,0
0.050210,5724,0,0
0.050538,6294,0,0
0.050072,5730,0,0
0.050235,5888,0,0
0.050023,6004,0,0
0.050776,5894,0,0
0.050611,5964,0,0
0.050457,5948,0,0
0.050216,5912,0,0
0.050303,5854,0,0
0.050109,5980,0,0
0.050169,6016,0,0
0.050000,5745,0,0
0.050081,5896,0,0
0.050413,6213,0,0
0.050461,5721,0,0
0.050880,5988,0,0
0.050208,5979,0,0
0.050440,5561,0,0
0.050049,6332,0,0
0.050219,5804,0,0
0.050126,5978,0,0
0.050027,5937,0,0
0.050197,5976,0,0
0.051015,6298,0,0
0.051019,5979,0,0
0.050823,5950,0,0
0.050422,5813,0,0
0.050421,6043,0,0
0.050702,5824,0,0
0.050461,6073,0,0
0.050932,5887,0,0
0.050737,5907,0,0
0.050573,6221,0,0
0.050418,5935,0,0
0.050427,5710,0,0
0.050455,6134,0,0
0.050621,5900,0,0
0.050576,6007,0,0
0.050255,6064,0,0
0.050515,5550,0,0
0.050288,6017,0,0
0.050477,5953,0,0
0.050339,5995,0,0
0.050183,5680,0,0
0.050307,5996,0,0
0.050400,6273,0,0
0.050376,5766,0,0
0.050378,6031,0,0
0.050635,5995,0,0
0.050459,6004,0,0
0.050359,5986,0,0
0.050302,5905,0,0
0.050538,5767,0,0
0.050437,5945,0,0
0.050326,5950,0,0
0.050261,5839,0,0
0.050484,5704,0,0
0.050307,6026,0,0
0.050325,5971,0,0
0.050572,6317,0,0
0.050963,5694,0,0
0.051022,5925,0,0
0.050002,5948,0,0
0.051021,5948,0,0
0.050845,6028,0,0
0.051046,6214,0,0
0.050983,5857,0,0
0.051002,5642,0,0
0.050998,6359,0,0
0.050972,5929,0,0
0.050751,5895,0,0
0.050023,6085,0,0
0.050971,5951,0,0
0.050966,5895,0,0
0.050977,5856,0,0
0.050958,6114,0,0
0.051046,6062,0,0
0.051002,6065,0,0
0.051025,6016,0,0
0.051006,5976,0,0
0.051037,6244,0,0
0.050974,5737,0,0
0.050944,5948,0,0
0.050103,6274,0,0
0.050964,5797,0,0
0.050940,5678,0,0
0.050991,6289,0,0
0.050108,5781,0,0
0.050950,5941,0,0
0.050047,5933,0,0
0.050307,6108,0,0
0.050135,5959,0,0
0.050211,5667,0,0
0.050120,6013,0,0
0.051014,6100,0,0
0.050088,6091,0,0
0.050983,6034,0,0
0.050131,6271,0,0
0.050094,5625,0,0
0.050248,6051,0,0
0.050299,5682,0,0
0.056642,6764,0,0
0.050136,5719,0,0
0.050208,6390,0,0
0.050171,5732,0,0
0.050078,5713,0,0
0.051042,6309,0,0
0.050059,5667,0,0
0.050086,5936,0,0
0.050025,6115,0,0
0.050798,5861,0,0
0.050322,5907,0,0
0.050927,6018,0,0
0.050564,5950,0,0
0.050371,6018,0,0
0.050166,5759,0,0
0.050490,6317,0,0
0.050124,5721,0,0
0.050209,6040,18,10
0.050281,6472,208,184
0.050359,-5283,371,423
0.050187,-3659,741,601
0.050187,944,1008,969
0.050404,7147,1261,1250
0.050263,9606,1387,1406
0.050342,8339,1474,1489
0.050048,8316,1536,1539
0.050404,7895,1546,1581
0.050283,4427,1548,1575
0.050496,1471,1593,1588
0.050693,3866,1605,1597
0.050639,5763,1627,1630
0.050298,4872,1590,1599
0.049995,4843,1560,1550
0.050204,7648,1601,1596
0.050263,7981,1591,1612
0.050262,5848,1607,1619
0.050128,6397,1597,1601
0.050110,6791,1621,1631
0.050108,6321,1619,1643
0.051064,3823,1680,1681
0.050049,4394,1644,1623
0.050162,5788,1705,1698
0.050192,5225,1725,1718
0.050181,4583,1734,1729
0.050587,4946,1747,1749
0.051003,4417,1798,1806
0.050225,388,1760,1742
0.050441,2217,1784,1737
0.050379,8585,1792,1771
0.050743,13052,1799,1829
0.050356,12451,1818,1857
0.050937,7894,1832,1867
0.050533,3548,1813,1843
0.050370,938,1824,1820
0.050363,6553,1816,1793
0.050171,7892,1830,1834
0.051011,5852,1873,1896
0.050994,6589,1900,1907
0.050988,5897,1873,1866
0.051007,5993,1930,1921
0.050952,7641,1949,1949
0.051003,5374,1922,1938
0.050004,5270,1959,1954
0.050213,8939,1999,1987
0.051002,8043,2007,2028
0.051053,6205,2124,2133
0.050045,5358,2149,2152
0.050002,5417,2196,2198
0.050026,4778,2192,2192
0.051055,3153,2285,2285
0.050028,3961,2212,2224
0.050038,3128,2266,2269
0.050054,-515,2285,2277
0.051020,1942,2346,2319
0.050050,3366,2242,2216
0.050962,5945,2345,2317
0.051032,8659,2263,2274
0.050988,7251,2312,2329
0.050994,8909,2332,2345
0.050988,7722,2284,2300
0.051040,5550,2314,2332
0.051065,4884,2338,2342
0.050090,4867,2282,2271
0.050313,6620,2250,2241
0.050409,6194,2348,2350
0.050611,4869,2287,2260
0.050172,9983,2292,2285
0.051008,12922,2304,2329
0.050144,11233,2310,2333
0.050652,7171,2324,2381
0.050088,2980,2251,2292
0.050193,4458,2290,2269
0.050161,5605,2300,2304
0.050179,7477,2297,2296
0.050148,6171,2302,2319
0.050119,5885,2315,2299
0.050255,6035,2263,2280
0.050185,4303,2346,2352
0.050184,6938,2329,2322
0.050158,7060,2314,2318
0.050158,6330,2324,2337
0.051015,4354,2361,2370
0.050091,3405,2309,2286
0.050982,2591,2291,2275
0.050126,4947,2330,2309
0.050040,6758,2308,2314
0.050055,4471,2258,2250
0.050089,3759,2304,2300
0.051031,5989,2348,2337
0.050144,4651,2318,2316
0.050063,5522,2259,2249
0.050059,7474,2314,2306
0.050081,8220,2317,2322
0.050154,9838,2313,2331
0.051030,6347,2308,2337
0.050111,4944,2303,2305
0.049996,4956,2328,2321
0.051057,5366,2312,2296
0.050050,7178,2337,2341
0.051046,3809,2348,2353
0.050017,1860,2198,2181
0.050101,6358,2138,2148
0.050088,8518,1964,1976
0.050099,6190,1828,1823
0.050132,7858,1670,1663
0.050089,4943,1458,1461
0.050188,2941,1317,1333
0.051004,6479,1172,1193
0.051044,9653,981,996
0.050543,7090,807,805
0.050202,4765,631,614
0.050989,6018,462,444
0.050178,4168,304,309
0.050355,5894,171,188
0.050045,9935,108,115
0.050112,8742,58,69
0.049997,6881,49,48
0.050045,5494,44,14
0.050179,5215,9,24
0.051032,6268,1,25
0.050007,6833,-1,9
0.050160,5780,0,6
0.050334,5896,-1,1
0.050207,5640,0,0
0.050241,5874,0,0
0.050260,6071,0,-1
0.050189,5702,0,0
0.050187,5876,0,0
0.050119,5836,0,0
0.050142,5943,19,-25
0.051030,4328,267,-222
0.050221,-24194,389,-368
0.050194,-89985,722,-644
0.050802,-148341,1171,-1095
0.050006,-179822,1418,-1364
0.050164,-206818,1551,-1551
0.050034,-213585,1574,-1620
0.050059,-213700,1583,-1641
0.050108,-211212,1616,-1665
0.050050,-199239,1544,-1576
0.050053,-200237,1537,-1547
0.050096,-190783,1477,-1479
0.050042,-177858,1443,-1433
0.050080,-188171,1427,-1407
0.050058,-188597,1445,-1460
0.050034,-185523,1405,-1439
0.050987,-178009,1423,-1449
0.050039,-169304,1368,-1377
0.050023,-179350,1389,-1388
0.050495,-181228,1404,-1395
0.050956,-182098,1417,-1412
0.050987,-179879,1403,-1405
0.051031,-178449,1375,-1396
0.050030,-179997,1359,-1372
0.050046,-171887,1367,-1340
0.051065,-184792,1359,-1342
0.050096,-160698,1208,-1223
0.050137,-149662,1077,-1102
0.050172,-142251,934,-953
0.051071,-114794,776,-781
0.050069,-73994,601,-588
0.050005,-42814,419,-418
0.050056,-21027,275,-280
0.050086,-7379,90,-105
0.050057,7609,-117,80
0.050053,32240,-359,317
0.050961,92314,-661,634
0.051040,151413,-1100,1048
0.051038,202963,-1487,1435
0.051003,244862,-1774,1745
0.050960,261278,-1827,1855
0.051069,258994,-1791,1807
0.050986,245625,-1668,1702
0.050043,229692,-1434,1472
0.050957,195234,-1297,1307
0.050989,158031,-1158,1157
0.051067,111162,-935,968
0.050059,102248,-783,790
0.050254,90489,-614,620
0.050002,76363,-429,452
0.051008,51381,-273,241
0.050013,11266,-118,66
0.050086,-8708,-90,103
0.050097,-6085,-80,53
0.050050,2396,-17,4
0.051026,8039,-13,25
0.050024,8737,-27,31
0.051054,8550,-31,35
0.050988,10130,-20,30
0.050552,9632,-13,27
0.050038,7050,-10,16
0.050646,5216,0,2
0.050328,5890,0,0
0.050313,6204,0,-1
0.051022,5856,1,0
0.050528,6028,36,-28
0.050460,4874,245,-199
0.050078,-7262,354,-305
0.050166,-41091,289,-276
0.050133,-53228,438,-439
0.050133,-62850,597,-585
0.050095,-97606,832,-829
0.050263,-142204,1043,-1009
0.050239,-159931,1125,-1120
0.050081,-145339,1043,-1102
0.050038,-135944,906,-927
0.050071,-111171,759,-741
0.050165,-75771,573,-556
0.050241,-48589,415,-412
0.050158,-26959,241,-266
0.050186,-8800,116,-162
0.050141,6622,72,-43
0.050181,7094,74,-33
0.050118,6930,26,-67
0.050112,6360,34,-61
0.050120,3394,28,-30
0.050199,3346,21,-28
0.050161,3432,9,-14
0.050224,4350,13,-4
0.050254,6877,11,0
0.050215,6367,3,0
0.051051,6180,-1,0
0.050033,5726,54,8
0.050941,3682,265,206
0.050246,-6607,400,375
0.050164,-9500,752,606
0.050024,-2299,1150,1001
0.050364,2224,1539,1510
0.051011,6403,1822,1836
0.050039,7342,1981,2007
0.050964,11549,2082,2106
0.051029,14832,2129,2191
0.050990,5290,2077,2125
0.050990,6545,2124,2123
0.050922,12267,2087,2114
0.050050,12310,2103,2148
0.050153,6737,2046,2086
0.050190,3573,2077,2089
0.050246,1661,2068,2063
0.050187,4768,2001,1982
0.050424,5950,1965,1974
0.050997,7343,1930,1924
0.050243,4451,1703,1721
0.050045,2482,1560,1591
0.050168,9839,1413,1415
0.050117,10007,1330,1229
0.051037,-5196,1344,1067
0.050948,-10159,1304,934
0.050386,-10332,1124,741
0.050976,-17782,1028,575
0.051005,-33293,889,348
0.050032,-45815,752,159
0.050392,-49363,571,106
0.050480,-28275,396,136
0.050298,4629,324,11
0.050208,9958,493,-80
0.050297,-22585,441,-182
0.050361,-58441,500,-291
0.050190,-59162,530,-306
0.050122,-48486,403,-262
0.050177,-35077,243,-164
0.050859,-15995,131,-82
0.050384,7545,84,-31
0.050009,8672,43,0
0.050134,11312,41,-24
0.050084,12654,89,1
0.050272,5575,218,152
0.050084,-17917,417,434
0.050148,-30466,813,569
0.050610,-10547,1157,905
0.051010,3845,1534,1450
0.050123,7581,1815,1839
0.050202,9372,1909,1950
0.050051,13223,2014,2049
0.050081,10254,2027,2091
0.050091,7544,2025,2074
0.051012,5309,2056,2081
0.050000,6665,1973,1974
0.051017,6994,2039,2059
0.050045,4684,1993,1997
0.050022,6036,1984,1987
0.050944,5873,1999,2008
0.050056,5210,2003,2000
0.051017,7676,2021,2034
0.050000,1905,2016,2015
0.050003,-955,1998,1977
0.051062,2690,2070,2038
0.050066,6094,2037,2021
0.050026,4831,2011,2015
0.051015,3613,2061,2047
0.051008,4702,1996,1972
0.050988,6406,2041,2024
0.050961,6239,2035,2028
0.050979,5597,1996,1998
0.050016,2065,1990,1970
0.050072,2857,1990,1937
0.051044,6763,2025,2016
0.051020,8221,2028,2037
0.051035,9309,2049,2049
0.050017,6649,2002,2020
0.050002,2023,1970,1993
0.050134,4216,1935,1910
0.050982,9734,2023,2026
0.050008,9319,1947,1972
0.050994,8290,2004,2032
0.051051,6745,2040,2063
0.050091,6433,1967,1967
0.051070,8198,2037,2043
0.050003,7008,2000,2027
0.050566,4782,1976,1992
0.050083,5072,2008,2012
0.051002,7027,1991,1987
0.050999,8162,2024,2035
0.050011,4830,1890,1906
0.050060,4539,1825,1821
0.050148,-22426,1838,1822
0.050163,2131,1738,1743
0.050021,2849,1731,1768
0.050170,9661,1826,1791
0.050103,13696,1786,1808
0.050248,7725,1852,1897
0.050974,6006,1969,1977
0.050956,4267,1955,1966
0.050134,4123,1876,1876
0.050147,7382,1926,1925
0.051062,3242,1989,1988
0.050156,3398,1980,1961
0.050083,7261,2031,2031
0.050211,7638,1979,1997
0.050283,5506,2052,2077
0.050792,6100,2020,2033
0.050631,5765,2015,2020
0.050723,5675,2022,2018
0.050647,6364,1933,1929
0.050654,5003,1864,1884
0.050446,-749,1788,1773
0.050478,-5913,1691,1730
0.050540,531,1839,1822
0.050991,14047,1881,1833
0.050756,22996,1769,1830
0.050824,20118,1642,1865
0.050822,18878,1531,1804
0.049998,20468,1332,1717
0.050388,26299,1191,1847
0.050403,60586,1034,1863
0.050361,85641,959,1978
0.050056,82466,1110,2000
0.050057,83227,1289,2091
0.050046,44399,1411,2045
0.050638,15141,1890,2114
0.050069,7988,2110,2184
0.050349,6623,2102,2154
0.050261,5601,2142,2186
0.050420,7064,2182,2198
0.050201,10162,2137,2155
0.050120,7296,2180,2203
0.050176,4861,2140,2144
0.051021,4973,2280,2271
0.051013,4547,2253,2255
0.050088,5117,2247,2246
0.050012,5031,2304,2302
0.050169,5753,2293,2289
0.050089,5539,2266,2276
0.051003,4908,2378,2370
0.051054,6213,2352,2359
0.050974,6533,2349,2359
0.050049,8213,2274,2297
0.050977,4399,2400,2419
0.050327,3592,2362,2352
0.050494,4892,2352,2359
0.050522,4822,2324,2318
0.050520,6740,2322,2315
0.050301,7147,2332,2336
0.050630,3097,2311,2277
0.050689,6246,2298,2266
0.050598,8902,2308,2329
0.050238,10131,2318,2323
0.050400,6389,2269,2288
0.050732,3641,2282,2279
0.050563,3789,2255,2260
0.050278,6270,2210,2201
0.050903,7335,2256,2255
0.050204,8247,2204,2204
0.050568,7591,2213,2221
0.051006,7624,2184,2190
0.050970,5097,2180,2207
0.050256,2799,2110,2120
0.050004,2797,2016,1998
0.050237,2739,1946,1929
0.050451,-479,1814,1805
0.050727,-3205,1672,1680
0.050454,8237,1498,1502
0.050627,17347,1339,1334
0.050128,5463,1163,1159
0.050814,-630,1001,1012
0.050666,4457,829,853
0.050472,14171,655,657
0.050214,4518,485,453
0.050658,-618,320,319
0.050421,8936,178,197
0.049999,11962,106,124
0.050085,9465,56,73
0.050158,4943,70,38
0.050154,4687,24,28
0.050210,7765,24,1
0.050718,5557,39,2
0.050160,5481,23,0
0.050206,5987,6,0
0.050061,5732,0,0
0.050026,6185,0,0
0.050173,5708,0,0
0.050099,5840,0,0
0.050124,5963,0,0
0.050349,6038,0,0
0.050157,5934,0,0
0.050181,5696,0,0
0.050178,6228,0,0
0.050175,5834,0,0
0.050235,5626,0,0
0.050311,5889,0,0
0.050207,5968,0,0
0.050293,6007,0,0
0.050259,6027,0,0
0.050283,5940,0,0
0.050282,6020,0,0
0.050198,5713,0,0
0.050265,5952,0,0
0.050700,5832,0,0
0.050962,6017,0,0
0.050276,6145,0,0
0.050195,6085,0,0
0.050278,5953,0,0
0.050250,6080,29,13
0.050183,7366,244,153
0.050029,-5621,360,465
0.051028,-3726,740,590
0.050251,1859,1129,1068
0.050224,5351,1501,1491
0.051020,7847,1772,1810
0.051008,10899,1810,1836
0.050011,9416,1676,1730
0.050041,1954,1559,1598
0.051037,-2318,1522,1552
0.051020,2243,1364,1391
0.050014,12407,1169,1178
0.050062,12421,1027,1021
0.051053,9155,883,880
0.050975,8226,693,697
0.050265,-510,524,499
0.050141,556,359,363
0.050180,8057,191,169
0.051040,3738,108,63
0.051036,2115,77,106
0.051041,8631,51,34
0.050004,10495,110,15
0.050031,6185,296,-143
0.051010,-21136,437,-308
0.051028,-87567,754,-621
0.050994,-141925,1090,-997
0.050951,-165669,1291,-1231
0.051054,-173823,1323,-1355
0.050086,-176756,1312,-1385
0.050040,-175110,1289,-1346
0.050069,-172742,1325,-1367
0.050072,-163028,1322,-1351
0.050015,-170558,1308,-1322
0.051036,-169010,1306,-1320
0.050982,-167800,1314,-1321
0.050018,-164700,1268,-1277
0.050664,-162818,1277,-1272
0.051014,-162460,1267,-1260
0.050988,-161410,1262,-1247
0.050035,-155544,1193,-1201
0.051024,-149372,1145,-1145
0.051030,-140705,1064,-1056
0.051056,-121312,909,-922
0.051049,-115033,726,-744
0.051045,-79079,567,-567
0.050102,-38021,370,-365
0.050185,-13207,226,-243
0.050076,1170,126,-135
0.050034,8505,93,-27
0.050008,6796,40,0
0.050103,4874,97,-44
0.050121,-3703,265,-198
0.050102,-37646,438,-404
0.051022,-94535,677,-681
0.050008,-117416,784,-810
0.050007,-105123,712,-773
0.050086,-93401,606,-646
0.049991,-72233,424,-458
0.051105,-38175,255,-270
0.050213,-3215,119,-142
0.050061,13337,99,-98
0.050085,12664,61,-35
0.051024,6346,50,-1
0.050113,4157,11,-2
0.050203,5698,10,-1
0.050082,5969,1,0
0.050043,6087,0,0
0.050085,5737,0,1
0.050119,5815,39,27
0.050996,4990,257,227
0.050106,-5017,405,429
0.050028,-15670,681,532
0.050062,-14493,1063,956
0.051050,-10164,1384,1267
0.051020,2361,1473,1453
0.050958,4767,1417,1424
0.050721,830,1337,1277
0.050992,-2426,1224,1109
0.050463,-231,1075,913
0.050018,-1413,928,710
0.050717,-8895,760,533
0.051054,-9922,615,389
0.050276,-974,424,225
0.050004,-775,269,88
0.050650,-1096,146,69
0.050077,11614,83,76
0.050181,11340,24,67
0.050014,4553,3,19
0.050727,4451,62,-14
0.050584,1105,252,-168
0.050808,-29129,337,-223
0.050345,-46119,428,-280
0.050842,-42892,394,-288
0.050243,-35790,275,-231
0.050522,-19504,177,-147
0.050027,-5383,111,-63
0.050027,2743,80,-9
0.050280,7676,32,0
0.050602,8584,30,0
0.050670,5551,27,0
0.050203,3945,14,0
0.050667,4260,2,0
0.050593,6125,53,3
0.050517,1918,234,129
0.050468,-16977,412,438
0.050658,-34705,794,616
0.050344,-22671,1151,863
0.050685,-7705,1369,1202
0.050235,5782,1501,1486
0.050651,9757,1547,1593
0.050445,10222,1558,1617
0.050229,8437,1560,1619
0.050091,6448,1534,1563
0.050149,6063,1531,1542
0.050370,8120,1527,1539
0.050426,9561,1531,1543
0.050733,9062,1515,1530
0.050710,8299,1520,1546
0.050549,7996,1519,1551
0.050649,7871,1528,1558
0.050570,6638,1523,1543
0.050345,6459,1517,1526
0.051041,6091,1511,1522
0.050148,6577,1505,1518
0.050353,6252,1504,1515
0.051012,6996,1525,1535
0.050132,8259,1444,1466
0.050082,5994,1452,1477
0.050504,821,1482,1472
0.050040,2098,1464,1431
0.050045,6168,1446,1435
0.050005,9058,1411,1426
0.050195,8896,1421,1446
0.051003,7714,1438,1462
0.050084,4896,1385,1390
0.050998,5628,1425,1410
0.050943,6468,1403,1381
0.050949,5674,1430,1415
0.050971,6661,1417,1408
0.050105,6676,1380,1379
0.050221,4552,1402,1406
0.050029,3554,1382,1377
0.050272,3463,1355,1358
0.050134,3127,1376,1354
0.050169,4312,1332,1317
0.050231,7136,1336,1319
0.050384,6972,1381,1373
0.050299,7089,1320,1331
0.051360,7136,1508,1521
0.050406,6564,1305,1307
0.050387,5163,1386,1404
0.050961,4057,1410,1421
0.049992,4734,1414,1403
0.050088,6218,1388,1385
0.050168,6701,1383,1394
0.051016,5769,1402,1413
0.050646,5086,1385,1385
0.050111,6777,1409,1409
0.050087,6659,1388,1403
0.050048,5468,1356,1362
0.051028,6545,1430,1426
0.051029,6948,1426,1435
0.051063,6691,1429,1432
0.051051,4846,1405,1409
0.051004,6264,1428,1429
0.050133,5552,1405,1408
0.050381,5015,1396,1395
0.050089,5046,1405,1402
0.050026,5822,1399,1395
0.050112,4061,1408,1397
0.051052,4991,1436,1428
0.051009,6855,1408,1406
0.050947,6711,1412,1415
0.051053,5880,1424,1431
0.050992,5562,1403,1412
0.050998,5374,1353,1361
0.050986,5208,1383,1372
0.051010,6059,1369,1353
0.050991,8069,1367,1361
0.050992,6278,1374,1375
0.050999,5248,1357,1357
0.050982,4837,1402,1394
0.051023,6824,1379,1374
0.050003,9061,1324,1351
0.050947,5433,1324,1353
0.051001,-2090,1347,1321
0.050949,-3471,1339,1291
0.051003,3263,1361,1307
0.050985,9397,1341,1324
0.050945,10741,1350,1381
0.050938,10462,1324,1361
0.050723,8306,1303,1327
0.051013,7720,1325,1328
0.051027,7266,1331,1340
0.050041,5968,1278,1270
0.050789,5498,1333,1327
0.050424,7103,1309,1314
0.050897,7433,1340,1365
0.051034,4703,1319,1340
0.050951,5435,1339,1339
0.050969,6452,1351,1357
0.050920,5994,1349,1359
0.050959,5414,1311,1320
0.051038,6903,1339,1325
0.051023,6089,1340,1352
0.050970,5550,1324,1336
0.050076,6082,1333,1331
0.050159,6275,1320,1328
0.050921,6498,1315,1328
0.050921,5686,1340,1337
0.050955,5280,1328,1339
0.050993,6099,1248,1258
0.050969,5087,1183,1184
0.051015,3725,1048,1048
0.050909,890,885,896
0.049989,10813,707,698
0.050978,9518,512,525
0.050943,4029,371,359
0.050018,3442,223,233
0.051037,7528,124,117
0.050966,9230,88,72
0.050014,8883,37,41
0.051003,6725,51,33
0.050970,6952,21,18
0.050089,6730,4,16
0.050143,6270,1,6
0.050229,5938,-1,1
0.050435,5668,0,0
0.050222,6005,0,0
0.051032,5958,0,0
0.050013,5647,0,0
0.050030,6319,0,0
0.050078,5930,0,-1
0.050132,6285,0,0
0.050036,6049,0,0
0.050249,6057,0,0
0.050611,5851,0,0
0.050031,5814,26,-33
0.050077,3447,235,-219
0.051063,-27074,390,-375
0.050287,-90549,734,-668
0.050152,-137904,1114,-1053
0.050140,-171550,1330,-1292
0.050119,-185951,1425,-1422
0.050142,-204672,1488,-1524
0.050045,-193700,1527,-1552
0.050059,-219206,1588,-1598
0.050143,-207172,1588,-1607
0.050228,-202726,1534,-1540
0.051047,-208291,1594,-1582
0.050028,-196850,1531,-1500
0.051038,-207464,1587,-1562
0.049999,-191095,1503,-1517
0.050021,-199708,1541,-1531
0.050035,-198340,1543,-1528
0.050025,-189405,1493,-1483
0.050096,-198248,1530,-1524
0.051045,-197921,1487,-1490
0.050066,-191785,1379,-1409
0.050062,-172003,1226,-1244
0.051028,-173763,1098,-1120
0.050010,-129924,895,-917
0.050093,-90924,741,-730
0.051014,-61224,587,-584
0.051004,-42155,408,-405
0.051061,-25961,245,-258
0.050019,-11041,128,-141
0.051049,3211,74,-83
0.051013,10429,72,-26
0.050245,9869,-10,5
0.050150,10441,-182,158
0.050061,23853,-411,416
0.050055,84084,-617,585
0.051037,144331,-1085,1021
0.051058,213948,-1466,1432
0.051041,229187,-1617,1630
0.050382,229676,-1575,1574
0.050106,209265,-1423,1465
0.051018,206360,-1342,1366
0.051041,185528,-1153,1178
0.051009,149935,-964,965
0.050096,103435,-805,793
0.050021,76602,-616,625
0.050016,54880,-458,457
0.051023,45520,-297,308
0.050677,32056,-185,145
0.050135,13938,-67,53
0.051063,935,-64,76
0.050005,-1102,-31,28
0.050026,2156,-3,0
0.050035,4293,0,0
0.050360,4635,0,0
0.050442,4868,26,-25
0.050214,5239,204,-197
0.050013,-11674,334,-269
0.050165,-42688,299,-283
0.051048,-49963,331,-393
0.050033,-41607,239,-262
0.050011,-27029,133,-117
0.050009,-9728,80,-43
0.051037,4038,40,-65
0.050059,12051,19,-35
0.050019,12412,48,0
0.050530,9316,39,0
0.050483,7388,67,-31
0.050155,-2247,220,-222
0.050421,-38267,339,-323
0.050529,-64934,422,-408
0.050948,-59683,417,-417
0.050991,-49102,283,-302
0.050037,-32190,145,-142
0.050658,-11607,77,-69
0.050018,6163,51,-76
0.050947,14863,37,-40
0.050361,14914,56,-1
0.050145,11048,18,0
0.050069,7721,64,-47
0.050156,-2666,214,-199
0.050676,-39986,346,-335
0.050544,-64823,432,-407
0.050966,-62652,427,-420
0.050999,-49743,277,-305
0.051015,-33037,139,-140
0.050153,-12722,90,-78
0.050933,5864,42,-59
0.050709,14746,50,-59
0.050942,14542,41,0
0.050061,10750,15,0
0.050225,8152,13,0
0.050381,8252,89,-25
0.050148,-2561,237,-172
0.050661,-41363,424,-392
0.050688,-96377,699,-678
0.051004,-122593,835,-813
0.051021,-106725,733,-786
0.050304,-99477,600,-622
0.050056,-80513,427,-440
0.050232,-47737,265,-237
0.050042,10212,105,-58
0.050935,30254,96,-127
0.050369,18357,76,-40
0.051036,4488,18,-15
0.049984,-1256,13,-57
0.050328,473,20,-74
0.050704,3233,31,-37
0.050234,4607,30,-40
0.050040,4338,73,1
0.051041,1913,249,191
0.050038,-15195,451,436
0.050063,-17982,824,612
0.050066,2066,891,769
0.050044,3752,1043,1012
0.050066,7829,1234,1234
0.050029,12503,1273,1313
0.050156,11231,1298,1336
0.050052,8549,1273,1296
0.050183,3486,1265,1291
0.050151,1683,1217,1245
0.051062,4662,1250,1206
0.051038,6912,1211,1194
0.050185,7382,1226,1230
0.050014,7164,1204,1198
0.050068,7274,1235,1244
0.050086,6214,1242,1260
0.050126,6459,1246,1248
0.050146,6101,1307,1310
0.050210,4686,1370,1364
0.050110,4501,1434,1422
0.050072,5106,1506,1497
0.050179,6207,1563,1568
0.050197,5695,1609,1612
0.051023,5574,1697,1692
0.051053,4813,1706,1707
0.050015,4860,1727,1733
0.050323,5257,1732,1741
0.051030,5405,1796,1807
0.050114,4847,1765,1767
0.050095,5091,1754,1751
0.051015,5371,1776,1776
0.051024,4810,1795,1800
0.050158,3938,1692,1701
0.050035,3023,1640,1712
0.050065,3520,1471,1615
0.050094,6092,1336,1595
0.051038,24280,1200,1542
0.050057,41096,994,1495
0.050205,51035,818,1501
0.050096,59234,671,1451
0.051064,62442,511,1516
0.050214,78861,317,1498
0.050167,100723,145,1497
0.050174,101144,76,1522
0.050040,102968,45,1426
0.050015,100255,45,1483
0.050082,102057,134,1557
0.050229,102140,247,1664
0.050888,113841,447,1820
0.051018,102303,588,1974
0.050233,87922,943,2174
0.050183,72482,1311,2353
0.050048,59987,1729,2528
0.051006,43507,2096,2622
0.050021,25809,2254,2528
0.050030,17070,2423,2570
0.050105,10470,2464,2543
0.051037,8899,2519,2565
0.050019,6508,2425,2448
0.051032,4732,2463,2467
0.051047,3639,2376,2385
0.050006,2123,2302,2303
0.050004,2837,2218,2201
0.051057,3810,2060,2049
0.050073,3376,1900,1915
0.051082,3085,1779,1785
0.050114,9660,1629,1603
0.050179,1989,1567,1430
0.050481,-2908,1575,1283
0.050037,-2769,1555,1088
0.050005,-26279,1543,933
0.050055,-59084,1679,715
0.050207,-85898,1939,575
0.050172,-100109,2000,429
0.050304,-109847,2061,282
0.050093,-118418,2055,41
0.051063,-131729,2063,0
0.051029,-135977,2065,-1
0.050184,-129629,2006,8
0.051058,-128859,2079,151
0.050034,-117363,2123,378
0.050450,-118553,2266,607
0.050135,-97755,2307,817
0.050067,-66475,2422,1242
0.051063,-42677,2495,1733
0.050020,-22140,2455,2023
0.050024,-7130,2540,2334
0.050046,3217,2589,2521
0.050717,8210,2596,2568
0.050102,7518,2631,2649
0.050128,6184,2627,2645
0.050199,4957,2621,2625
0.050075,5679,2563,2559
0.050080,6463,2595,2595
0.050158,7259,2557,2568
0.050050,3530,2561,2554
0.050991,4055,2567,2535
0.050384,10039,2525,2517
0.050292,10196,2520,2551
0.051036,5115,2575,2585
0.050214,6554,2536,2539
0.050155,4129,2547,2544
0.050348,5853,2559,2556
0.050403,5783,2428,2450
0.050058,2141,2417,2427
0.050202,2606,2401,2394
0.050074,5012,2360,2347
0.050090,9014,2438,2422
0.050306,11655,2416,2430
0.050006,7047,2425,2465
0.050593,5335,2517,2530
0.050202,5460,2564,2624
0.050165,10126,2478,2701
0.050125,18958,2425,2667
0.050774,25037,2664,2827
0.050422,18710,2578,2706
0.050282,11046,2622,2732
0.050275,3180,2728,2760
0.050277,4859,2780,2766
0.050389,7404,2848,2858
0.050376,6084,2843,2850
0.050510,5513,2849,2856
0.050254,2405,2841,2831
0.050298,850,2776,2778
0.050382,4298,2805,2781
0.050320,11640,2793,2793
0.050124,8989,2779,2794
0.050662,11123,2827,2834
0.050615,12845,2801,2841
0.051003,6371,2867,2896
0.050995,5704,2872,2862
0.050327,6731,2806,2814
0.050066,4275,2834,2831
0.050994,3308,2913,2915
0.050436,2797,2850,2845
0.050517,3782,2741,2729
0.050987,2872,2658,2653
0.050101,799,2441,2465
0.050483,10855,2292,2280
0.050982,12003,2151,2158
0.050200,2581,1887,1901
0.050954,2447,1802,1814
0.050131,4579,1590,1598
0.050160,5575,1422,1420
0.051025,5851,1279,1274
0.050978,5554,1103,1105
0.050995,6852,904,906
0.050122,3488,749,740
0.051035,3575,575,573
0.050982,6396,393,391
0.051004,5034,245,229
0.050041,6616,131,146
0.050098,6664,79,92
0.050398,6170,73,34
0.051014,6442,106,-2
0.050862,3036,293,-152
0.050370,-18277,413,-362
0.051008,-70473,773,-649
0.050946,-123805,1157,-1073
0.050966,-174035,1553,-1515
0.050123,-222770,1877,-1856
0.051018,-268965,2227,-2215
0.050006,-309207,2461,-2457
0.050373,-331248,2544,-2518
0.050016,-320894,2463,-2461
0.051011,-330913,2459,-2467
0.050992,-315579,2268,-2316
0.050019,-282063,2062,-2108
0.050698,-242365,1891,-1924
0.050049,-214790,1722,-1728
0.050066,-187656,1525,-1535
0.050121,-179973,1385,-1402
0.050289,-162254,1204,-1224
0.050070,-132514,1022,-1051
0.050081,-112142,879,-891
0.050693,-77353,706,-724
0.050631,-62014,528,-536
0.050203,-45108,372,-385
0.051049,-23773,312,-213
0.050261,-7553,477,21
0.050090,-862,598,205
0.050150,-28749,837,587
0.050095,-40376,1191,784
0.050030,-29218,1478,1031
0.050125,5034,1590,1489
0.050117,21637,1499,1768
0.050239,40547,1382,2009
0.050025,45738,1244,2308
0.050078,80023,1054,2346
0.050025,119074,887,2437
0.050219,129098,706,2329
0.051035,120320,623,2321
0.050526,108485,647,2296
0.050137,104758,718,2224
0.050720,112653,788,2310
0.050268,109233,874,2424
0.050447,109969,969,2527
0.051049,102373,1182,2629
0.050684,84172,1486,2660
0.050984,65608,1741,2678
0.050540,48996,2119,2755
0.050447,26516,2394,2715
0.050127,11760,2514,2673
0.050218,9859,2712,2775
0.051031,6987,2775,2816
0.050054,3669,2794,2808
0.050034,5142,2818,2805
0.050010,7208,2883,2885
0.050095,5462,2857,2867
0.050316,3141,2878,2864
0.050614,9444,2873,2874
0.050031,8397,2875,2869
0.050076,3550,2956,2985
0.050206,2438,2949,2938
0.050755,2628,2981,2965
0.050119,1962,2945,2936
0.050636,-712,2948,2953
0.050217,50,2869,2873
0.050100,4058,2938,2937
0.050038,8061,2945,2922
0.050210,12399,2936,2924
0.050200,13081,2871,2880
0.050078,14116,2854,2872
0.050087,12012,2846,2888
0.050084,7478,2871,2927
0.050560,2750,2914,2920
0.050358,3588,2902,2893
0.050223,4416,2849,2836
0.050405,4506,2959,2938
0.050387,5976,2962,2952
0.050099,6351,3033,3031
0.050046,6883,3046,3044
0.050021,5440,3110,3103
0.050056,6008,3136,3129
0.050063,6246,3112,3117
0.050165,4746,3182,3204
0.050311,-1229,3056,3002
0.050246,3655,2964,2962
0.051072,1979,3018,3046
0.050153,6104,2773,2811
0.050152,12227,2735,2748
0.051003,14976,2712,2695
0.050114,2661,2505,2423
0.049993,-8278,2434,2293
0.050014,-12907,2408,2163
0.050039,-14174,2380,1998
0.050316,-24268,2381,1819
0.050151,-34210,2382,1631
0.050560,-35289,2491,1586
0.050004,-56706,2535,1727
0.050322,-76463,2802,1914
0.050953,-66612,3107,2054
0.051057,-49113,3379,2508
0.050509,-39457,3535,2882
0.050471,-27170,3718,3211
0.051038,-13123,3791,3534
0.050973,-1307,3841,3714
0.050311,4367,3679,3656
0.051005,2941,3558,3561
0.050153,782,3413,3443
0.050890,5844,3292,3306
0.051059,18882,3068,3054
0.050019,11702,2865,2903
0.051010,6383,2714,2737
0.051042,6680,2580,2593
0.050954,-732,2353,2351
0.050938,2869,2202,2212
0.051040,14939,2067,2072
0.050991,12940,1838,1838
0.050064,1400,1649,1649
0.050942,1673,1493,1499
0.050999,8479,1349,1348
0.050828,4017,1254,1139
0.050987,-4211,1470,982
0.050909,-19026,1558,803
0.050925,-72556,1739,612
0.051032,-106748,2145,454
0.051053,-122063,2262,255
0.051008,-137471,2237,59
0.050978,-150394,2287,-52
0.050981,-155269,2229,-264
0.050943,-181671,2258,-618
0.051012,-206220,2306,-1019
0.051000,-240163,2265,-1434
0.051028,-268779,2306,-1883
0.051031,-294062,2302,-2134
0.050928,-304875,2273,-2238
0.051010,-304898,2306,-2319
0.050939,-302295,2224,-2257
0.050050,-295311,2176,-2216
0.051042,-286905,2106,-2134
0.051005,-271468,2034,-2040
0.051056,-255714,1868,-1868
0.050071,-237512,1663,-1676
0.050260,-211288,1479,-1494
0.050117,-173125,1332,-1331
0.050070,-137548,1163,-1170
0.050072,-117792,973,-971
0.050519,-104334,833,-840
0.050549,-83402,656,-659
0.050460,-60928,484,-497
0.050744,-39525,314,-329
0.050281,-13200,150,-175
0.050142,7316,156,-43
0.050957,14222,352,144
0.050029,4298,406,401
0.050175,-17243,719,578
0.049993,-10055,1129,913
0.050989,2305,1572,1469
0.050101,6551,1805,1819
0.050446,7791,2032,2059
0.050116,7623,2129,2152
0.051065,11657,2195,2203
0.050992,11599,2176,2228
0.050045,5149,2157,2194
0.051053,2579,2209,2180
0.050138,7860,2164,2146
0.050067,10226,2178,2201
0.050044,6718,2140,2163
0.050043,4469,2188,2184
0.050022,4894,2196,2186
0.050106,6927,2247,2245
0.050120,7076,2315,2314
0.050315,7747,2346,2365
0.050110,6911,2335,2346
0.050045,6144,2361,2365
0.050097,5341,2368,2381
0.050014,3504,2310,2318
0.050833,1204,2201,2197
0.050146,277,2100,2084
0.051043,2402,2089,2088
0.050133,1996,1982,1987
0.050013,-2520,1919,1853
0.051043,-2887,2017,1706
0.051044,-8811,2257,1566
0.050040,-30897,2169,1371
0.050055,-63962,2307,1183
0.051028,-101946,2561,1061
0.050059,-100371,2510,847
0.050160,-115817,2577,700
0.050301,-128191,2543,524
0.050065,-129601,2417,351
0.051048,-149257,2378,171
0.050108,-147389,2255,-3
0.050237,-147530,2077,-126
0.050264,-139157,1902,-342
0.050157,-143060,1753,-402
0.050004,-128829,1584,-411
0.050089,-110884,1527,-369
0.050187,-103964,1688,-311
0.050040,-105918,1708,-102
0.050143,-153604,2036,109
0.050157,-148879,2389,285
0.050144,-122494,2478,647
0.050847,-81840,2529,1109
0.050739,-54199,2417,1553
0.050030,-30365,2310,1857
0.050995,-13789,2219,2016
0.050957,-5902,2023,2058
0.050998,14564,1835,2114
0.051059,48342,1688,2289
0.050958,65374,1464,2328
0.050997,83542,1324,2497
0.050108,87782,1136,2570
0.050152,115192,963,2665
0.050120,129904,768,2661
0.050114,147453,631,2753
0.058705,180942,516,3281
0.050905,180479,242,2869
0.050119,183336,49,2794
0.050131,214073,-98,2791
0.050116,193500,-347,2721
0.050097,217561,-672,2705
0.050016,244377,-907,2621
0.051042,251993,-967,2547
0.050989,231557,-1028,2520
0.050005,226349,-835,2290
0.051022,207717,-724,2302
0.051053,191401,-547,2333
0.051028,185638,-354,2252
0.049999,178418,-165,2272
0.050097,153039,16,2214
0.051035,133274,275,2178
0.050995,107526,621,2016
0.051035,71717,920,1801
0.050098,26574,1308,1611
0.050064,-8192,1688,1440
0.050025,-43826,2041,1261
0.050050,-71349,2202,1089
0.050147,-83173,2276,941
0.050016,-86121,2191,766
0.050967,-100675,2153,702
0.050931,-91636,2067,741
0.050969,-83452,2101,726
0.050982,-72570,2126,796
0.050996,-71798,2105,1008
0.050977,-79688,2329,1259
0.050063,-64004,2489,1435
0.050159,-45268,2628,1835
0.050971,-30563,2883,2311
0.050944,-17856,3012,2656
0.050956,-3982,3016,2856
0.050982,6603,3152,3077
0.051014,8597,3137,3116
0.050976,4295,3065,3070
0.050985,2391,3111,3112
0.051027,241,3094,3070
0.050049,-1496,2871,2824
0.050523,6644,2850,2846
0.050956,7272,2645,2691
0.050938,14629,2540,2634
0.050955,23624,2355,2669
0.050969,30268,2298,2742
0.050969,36812,2464,2750
0.050979,31796,2521,2822
0.050987,12954,2803,2946
0.050957,6809,3006,3034
0.050109,5968,3066,3057
0.050108,12063,3198,3204
0.050015,11017,3217,3254
0.050973,8693,3191,3233
0.050971,5818,3241,3277
0.050994,2604,3250,3265
0.050998,4939,3231,3182
0.051002,6724,3144,3099
0.051032,7602,3082,3114
0.050982,5125,2986,3018
0.050013,856,2774,2783
0.050998,4390,2620,2731
0.050014,26380,2432,2747
0.050032,36135,2364,2829
0.050061,37404,2453,2864
0.050946,40808,2661,3014
0.050960,17926,2870,3053
0.050940,5625,3103,3136
0.050985,15055,3275,3294
0.050926,15671,3267,3331
0.050013,7123,3136,3181
0.050971,3017,3019,3050
0.050970,261,3056,3082
0.050997,932,3025,3063
0.050035,2646,2901,2889
0.050962,10519,3032,2971
0.050939,14873,3014,2980
0.051038,13364,2983,3019
0.050991,5916,2907,2933
0.051059,3966,3059,3053
0.051033,4371,3099,3100
0.050634,4712,2994,2999
0.051025,1378,3119,3092
0.050040,5434,2989,2966
0.050097,6687,3075,3079
0.051025,6930,3138,3134
0.050929,7409,3109,3104
0.050974,7504,3176,3208
0.050939,7729,3154,3192
0.049987,5123,3045,3081
0.050153,5647,3098,3092
0.050045,7862,3047,3044
0.051020,6158,3058,3102
0.050963,3026,2875,2890
0.050993,8573,2753,2766
0.050974,14248,2576,2572
0.050136,11768,2314,2303
0.050047,2053,2184,2196
0.051044,3735,2060,2055
0.050532,7740,1844,1838
0.050459,6416,1670,1676
0.050457,2865,1502,1503
0.050491,6528,1329,1336
0.050464,8180,1165,1161
0.050546,2617,1006,998
0.050429,5707,813,814
0.050406,8656,647,635
0.050348,2887,486,473
0.050956,4418,433,322
0.050033,1521,595,101
0.050134,-21217,680,-52
0.050329,-72926,893,-240
0.050221,-113798,1379,-588
0.050250,-163412,1755,-893
0.050116,-215782,2059,-1309
0.050184,-262042,2248,-1768
0.051050,-293745,2371,-2124
0.050065,-311542,2383,-2255
0.050120,-315569,2338,-2304
0.050980,-295883,2282,-2315
0.050952,-320004,2213,-2234
0.050568,-279450,2009,-2035
0.051038,-276955,1902,-1919
0.050274,-208685,1683,-1706
0.050183,-190979,1504,-1535
0.050542,-175961,1384,-1385
0.051005,-162661,1271,-1178
0.050230,-142534,1221,-1005
0.050096,-133795,1196,-814
0.051039,-106895,1172,-653
0.051033,-86764,1131,-482
0.050182,-77855,1060,-356
0.051040,-87854,1164,-180
0.050217,-80798,1191,47
0.050092,-65910,1249,205
0.049991,-56578,1417,543
0.050233,-46090,1664,897
0.050272,-41244,1988,1292
0.050235,-31583,2256,1706
0.050385,-12380,2358,2074
0.050188,7201,2396,2319
0.051018,13272,2443,2471
0.050515,7230,2358,2398
0.050831,4145,2325,2324
0.050213,35,2112,2245
0.050744,7942,1939,2301
0.050284,34001,1789,2214
0.050461,45804,1613,2174
0.050529,48218,1470,2170
0.050481,56385,1370,2178
0.050576,68149,1479,2290
0.050615,72967,1354,2271
0.050378,71263,1234,2352
0.050429,81484,1092,2422
0.050447,86482,920,2376
0.050595,115266,758,2368
0.050530,121143,570,2269
0.050561,118554,443,2227
0.050658,120531,361,2168
0.050328,130557,549,2205
0.050584,123667,768,2249
0.050639,115312,892,2404
0.050164,76571,1238,2393
0.050612,51623,1699,2467
0.050927,37966,2073,2557
0.050453,24813,2352,2609
0.050014,15592,2528,2659
0.050064,9756,2683,2763
0.050967,6001,2730,2760
0.050989,6353,2858,2864
0.050023,4124,2765,2785
0.050327,-810,2736,2741
0.050347,1683,2769,2713
0.050395,10129,2796,2786
0.050105,11713,2715,2731
0.050193,7033,2744,2776
0.050058,3572,2668,2664
0.050419,3736,2640,2631
0.050033,4194,2542,2530
0.050030,4811,2363,2353
0.050051,678,2339,2337
0.050282,2326,2313,2328
0.050238,5203,2347,2349
0.050197,10061,2305,2234
0.050125,13773,2162,2178
0.050471,10078,2018,2074
0.050130,7348,1918,1921
0.050328,3258,1765,1752
0.050183,-3537,1589,1583
0.050055,2782,1424,1407
0.051059,6726,1277,1269
0.050182,5639,1067,1072
0.051057,7891,923,918
0.049997,1500,713,707
0.050133,2113,581,559
0.050016,9063,397,380
0.051057,1713,230,214
0.051002,3624,122,151
0.050025,8087,157,49
0.050972,7182,344,-152
0.050006,-21240,435,-330
0.050571,-88153,721,-633
0.050964,-136440,1058,-981
0.050982,-150224,1242,-1146
0.050015,-156276,1274,-1245
0.050186,-163258,1299,-1306
0.050193,-186442,1399,-1415
0.050101,-163304,1442,-1461
0.050972,-186454,1472,-1503
0.050098,-184344,1435,-1466
0.050084,-176560,1428,-1422
0.050045,-184082,1406,-1403
0.050035,-177859,1295,-1318
0.050982,-168589,1279,-1293
0.050959,-154980,1267,-1166
0.050313,-142227,1398,-971
0.050084,-145328,1497,-803
0.050040,-162433,1789,-638
0.051045,-187264,2226,-462
0.050077,-179493,2375,-253
0.051002,-164485,2518,-82
0.050083,-152464,2514,64
0.050957,-138476,2483,351
0.050980,-134082,2497,628
0.050914,-97699,2455,927
0.051033,-62618,2335,1306
0.050074,-30152,2318,1753
0.051028,-6145,2360,2124
0.050085,4841,2358,2292
0.050098,8618,2309,2299
0.050004,9790,2408,2418
0.051043,5430,2517,2545
0.050084,5071,2518,2514
0.050176,4970,2477,2487
0.050922,3854,2608,2608
0.050960,3924,2594,2590
0.050943,1557,2603,2608
0.050041,2774,2532,2511
0.050959,4430,2525,2516
0.050119,5476,2531,2523
0.051055,7800,2581,2583
0.050940,7870,2609,2622
0.050085,5986,2529,2531
0.050025,5636,2527,2535
0.050545,5968,2542,2545
0.050034,8134,2535,2544
0.051012,3162,2548,2544
0.051039,4615,2603,2582
0.051010,12803,2591,2593
0.051024,12471,2603,2629
0.050976,7617,2565,2599
0.050976,3745,2537,2565
0.050963,2649,2614,2589
0.050998,5949,2632,2616
0.050944,7463,2636,2636
0.050121,5187,2529,2543
0.051044,7466,2612,2610
0.050974,5524,2600,2618
0.051016,2193,2591,2595
0.051048,756,2505,2494
0.050034,2476,2480,2451
0.050070,4859,2466,2454
0.050124,4374,2480,2420
0.050075,1074,2417,2225
0.050971,-5784,2575,2206
0.050133,-15423,2548,2082
0.050045,-26500,2606,2261
0.051019,-33817,2762,2472
0.050993,-19990,2795,2506
0.050980,-1269,2887,2745
0.051039,7683,2883,2849
0.050089,7963,2733,2758
0.050973,8047,2864,2862
0.051056,3383,2866,2883
0.051032,2809,2888,2905
0.049999,6967,2714,2690
0.051068,10057,2814,2781
0.050047,2201,2820,2663
0.050112,-12689,2817,2445
0.051036,-24956,3004,2360
0.050046,-35669,3013,2136
0.050691,-56435,3095,2018
0.050042,-77719,2983,1770
0.050957,-91051,3089,1683
0.050855,-89178,2940,1467
0.050931,-91669,2947,1324
0.051062,-111371,2931,1131
0.050961,-121987,2973,1035
0.050926,-130243,3069,1079
0.050889,-137115,3148,1212
0.050981,-143072,3474,1406
0.051010,-128533,3698,1624
0.050891,-117684,3944,2091
0.051030,-97343,4083,2510
0.050183,-82065,4108,2801
0.050194,-62062,4109,3046
0.050166,-45592,4201,3428
0.050114,-27987,4256,3774
0.050015,-7827,4211,3983
0.050135,2898,4215,4125
0.050148,6912,4099,4096
0.050349,5137,3992,4012
0.050160,1383,3830,3854
0.050228,-1996,3627,3659
0.050153,7450,3479,3483
0.050170,16933,3315,3335
0.050217,6323,3110,3119
0.050023,5667,2898,2922
0.050172,6011,2831,2902
0.050116,8974,2580,2732
0.050128,22752,2441,2733
0.049991,42480,2300,2787
0.051040,45752,2092,2700
0.051039,51045,1980,2763
0.051055,65969,1789,2755
0.050220,82269,1567,2704
0.050277,92544,1439,2830
0.050419,101304,1251,2838
0.050393,109460,1117,2783
0.050114,125359,1022,2759
0.050076,126048,1057,2796
0.050508,116506,1079,2778
0.050071,124810,1160,2827
0.051054,118059,1312,2891
0.050066,105229,1479,2967
0.050214,88366,1715,3031
0.050058,75426,2134,3206
0.051026,66324,2557,3510
0.050534,52523,2822,3510
0.050886,35876,3176,3578
0.050421,21242,3420,3649
0.050200,12291,3419,3547
0.050466,9456,3459,3520
0.050607,4536,3316,3339
0.050655,574,3133,3139
0.050435,-2457,2960,2985
0.050565,7882,2843,2856
0.050416,22942,2618,2629
0.050653,11949,2456,2463
0.050264,1729,2266,2263
0.050620,5011,2158,2168
0.050486,8685,1964,1968
0.050532,6316,1774,1769
0.050438,3342,1584,1581
0.050187,5686,1432,1438
0.051012,7874,1284,1286
0.050386,5386,1083,1083
0.051001,4614,935,920
0.050445,6526,742,739
0.050201,4690,571,573
0.050295,5823,415,384
0.051020,4432,241,197
0.050492,3412,123,125
0.050943,8826,149,64
0.050484,6345,338,-146
0.051030,-22255,433,-320
0.050078,-78713,856,-722
0.050244,-135411,1064,-950
0.050018,-187212,1560,-1486
0.051064,-242635,1821,-1809
0.050435,-268701,1978,-2004
0.050521,-276479,2057,-2083
0.051048,-275991,2005,-2042
0.050252,-266526,1905,-1938
0.050953,-252433,1754,-1779
0.050977,-231625,1628,-1645
0.050928,-189954,1468,-1475
0.050991,-156503,1269,-1288
0.050007,-136975,1079,-1100
0.050047,-114035,914,-931
0.050931,-105009,758,-772
0.050941,-74476,693,-692
0.051022,-65453,888,-758
0.050974,-92303,1034,-941
0.050020,-164364,1191,-1204
0.051047,-220061,1584,-1696
0.050256,-236458,1659,-1717
0.050957,-225916,1574,-1605
0.050021,-209087,1452,-1465
0.050980,-175034,1277,-1285
0.050061,-138158,1086,-1099
0.050989,-104552,932,-954
0.050014,-90625,760,-777
0.050373,-75056,582,-595
0.050056,-63628,417,-404
0.050008,-38749,252,-256
0.050896,-1999,117,-123
0.050929,12501,84,-100
0.051055,10704,57,-11
0.050013,4229,37,0
0.050441,2332,51,0
0.050543,3781,16,0
0.050669,4935,6,0
0.050169,5534,-24,37
0.050592,7635,-199,221
0.051053,33099,-346,377
0.050224,93073,-682,659
0.050081,158787,-1044,1000
0.050727,174490,-1176,1161
0.050641,167244,-1083,1113
0.050356,149744,-953,967
0.050569,129879,-791,806
0.050221,100137,-591,592
0.050269,67839,-442,421
0.051019,30943,-278,275
0.051048,12848,-139,171
0.051006,3556,-77,31
0.050382,1275,-63,6
0.050673,799,-24,43
0.050074,3156,0,48
0.050027,6376,0,33
0.051040,11110,21,106
0.051039,13197,225,282
0.051042,16932,513,477
0.050947,18229,635,715
0.051034,5769,1055,1037
0.050978,-4787,1565,1514
0.050956,5859,1971,1926
0.051075,14394,2138,2190
0.050001,17587,2282,2344
0.050028,15172,2262,2329
0.051047,11264,2378,2442
0.051041,6157,2313,2356
0.050119,4791,2368,2402
0.050989,6064,2417,2415
0.050961,9084,2354,2356
0.050972,7363,2416,2430
0.050980,8674,2401,2414
0.050991,3566,2398,2415
0.050960,-454,2360,2358
0.050973,-1488,2194,2186
0.050018,2552,2030,2020
0.051064,16530,1856,1841
0.051037,6982,1712,1715
0.050966,-1025,1516,1517
0.051017,2624,1371,1368
0.050033,7819,1156,1156
0.050956,6472,1003,999
0.050982,5830,850,820
0.050988,2820,657,648
0.050100,4365,482,484
0.050423,8781,321,325
0.050568,4896,157,107
0.050982,452,91,24
0.050983,3823,77,108
0.050927,11612,-4,2
0.051000,10223,-191,-151
0.050955,5908,-372,-323
0.050032,9581,-669,-631
0.050984,5972,-1062,-1040
0.051044,5699,-1553,-1553
0.050967,3436,-1744,-1761
0.050954,1535,-1902,-1913
0.050964,2523,-1892,-1938
0.050999,5742,-1937,-1958
0.050988,9529,-1908,-1895
0.051008,9805,-1887,-1849
0.051048,6926,-1943,-1916
0.050121,6275,-1907,-1909
0.051023,4902,-1943,-1951
0.050990,8815,-1906,-1913
0.050942,7598,-1868,-1833
0.050522,6108,-1890,-1881
0.050927,5896,-1937,-1931
0.050961,6843,-1920,-1911
0.051008,6139,-1865,-1849
0.050995,5552,-1902,-1895
0.050331,5576,-1837,-1843
0.050485,5595,-1850,-1856
0.050213,6831,-1835,-1832
0.050079,7191,-1799,-1782
0.050978,6772,-1860,-1845
0.050987,5015,-1826,-1826
0.050991,3660,-1792,-1808
0.050946,2717,-1826,-1858
0.050136,5943,-1827,-1848
0.050074,9347,-1849,-1850
0.050020,7676,-1804,-1777
0.051084,4971,-1825,-1811
0.049971,6250,-1661,-1677
0.051010,8409,-1601,-1596
0.050952,12625,-1426,-1428
0.050195,8746,-1246,-1222
0.050083,2299,-1049,-1043
0.050173,3781,-915,-887
0.051060,5946,-738,-749
0.051050,7969,-582,-571
0.050041,7891,-389,-382
0.050169,8369,-213,-239
0.051028,3756,-106,-125
0.051007,3240,-127,-32
0.051043,9699,-345,124
0.051033,34492,-446,372
0.050054,99729,-736,654
0.050099,162665,-1176,1081
0.050040,199808,-1558,1446
0.050034,252685,-1839,1831
0.050145,283841,-2004,2068
0.050120,299277,-2075,2137
0.050025,301125,-2152,2200
0.050933,296536,-2132,2177
0.050431,281310,-2125,2176
0.050098,295281,-2133,2161
0.050024,291294,-2128,2125
0.051042,291196,-2170,2140
0.050048,294582,-2064,2077
0.050109,282401,-2120,2170
0.050104,294975,-2114,2130
0.051005,292513,-2141,2123
0.050974,291478,-2147,2151
0.050045,292629,-2102,2088
0.050203,295229,-2104,2131
0.050028,279401,-2075,2085
0.050956,304244,-2166,2141
0.050078,276076,-2118,2081
0.050061,291047,-2086,2082
0.049979,288815,-2047,2060
0.050032,284532,-2112,2100
0.050013,271451,-2031,2040
0.050990,284046,-2116,2130
0.050932,282252,-2128,2114
0.050997,282634,-2079,2090
0.050038,283987,-2076,2087
0.050050,283339,-2109,2090
0.050084,283470,-2090,2096
0.050150,270705,-2050,2066
0.050058,256593,-2120,2109
0.050031,282491,-2069,2058
0.050239,282409,-2077,2082
0.050627,282549,-2097,2078
0.050416,269849,-2104,2072
0.050293,285942,-2086,2099
0.050309,286868,-2105,2112
0.050202,286898,-2060,2077
0.051052,287470,-2109,2143
0.050374,285418,-2054,2062
0.050732,284599,-2128,2102
0.050389,281868,-2003,1989
0.050073,263699,-1996,1967
0.050021,268811,-1873,1862
0.050953,257282,-1745,1742
0.050009,222517,-1587,1563
0.050181,216845,-1443,1420
0.050062,171757,-1234,1225
0.050140,147089,-1046,1031
0.050294,128529,-906,900
0.050107,104601,-727,720
0.050158,91019,-652,635
0.051032,47177,-322,317
0.050982,31537,-219,189
0.051020,5460,-5,11
0.050090,-10868,219,-162
0.050496,-41461,464,-433
0.050052,-98717,813,-727
0.050450,-157284,1212,-1171
0.050676,-210130,1584,-1592
0.050558,-253701,1990,-1995
0.050942,-294263,2194,-2223
0.050521,-297393,2258,-2275
0.051041,-322271,2225,-2271
0.051040,-294139,2123,-2141
0.050373,-276393,1899,-1920
0.051010,-246023,1771,-1787
0.050994,-202662,1567,-1573
0.051000,-163661,1409,-1431
0.051033,-158422,1236,-1260
0.050224,-135479,1056,-1068
0.050332,-114754,853,-865
0.050154,-98389,711,-698
0.050995,-64383,541,-535
0.049996,-35564,346,-355
0.050946,-18285,199,-206
0.051002,-3813,120,-108
0.050978,7090,70,-80
0.050992,11413,59,-17
0.050974,9596,-16,9
0.050046,8820,-201,199
0.050987,28787,-393,388
0.050956,94113,-660,631
0.050990,159464,-1131,1075
0.050037,209043,-1532,1502
0.050982,252900,-1862,1869
0.051044,280705,-1962,2018
0.051005,290713,-2078,2096
0.050020,273829,-1970,1983
0.050296,275524,-1850,1855
0.050224,257803,-1690,1708
0.050293,235056,-1510,1515
0.050951,188916,-1379,1374
0.050097,162678,-1169,1165
0.050467,121988,-1026,1024
0.051011,110229,-829,802
0.050011,96590,-666,642
0.050897,81528,-513,529
0.050130,63377,-327,332
0.050741,28351,-141,101
0.051008,-9196,0,0
0.050660,-19441,-3,21
0.050493,-13953,-1,2
0.050325,-5129,1,0
0.050013,6567,0,0
0.050371,10681,0,-1
0.050288,7796,0,-5
0.050398,4813,0,-4
0.050182,4019,0,0
0.050190,5795,0,-1
0.050228,6292,0,0
0.050098,5873,0,0
0.050038,5892,0,0
0.050048,6052,0,0
0.050993,5906,0,0
0.050970,6088,0,0
0.051017,5829,0,0
0.050993,6204,41,-47
0.049995,4873,264,-237
0.050082,-9002,438,-440
0.050169,-80783,660,-591
0.050022,-151777,1092,-1092
0.050982,-191278,1416,-1408
0.050994,-202743,1495,-1509
0.050144,-197203,1442,-1502
0.051060,-190319,1487,-1513
0.050956,-188433,1416,-1411
0.051056,-183697,1352,-1324
0.050981,-173018,1221,-1228
0.051017,-155384,1019,-1045
0.050001,-115880,865,-881
0.051023,-85277,686,-711
0.050006,-53080,527,-538
0.050974,-42786,356,-364
0.050205,-21886,183,-197
0.051059,-3933,107,-111
0.050013,8438,32,-20
0.050011,15450,-55,63
0.051026,16167,-51,30
0.050006,12244,0,0
0.050995,9378,1,0
0.051011,7830,0,-1
0.051041,6219,-32,49
0.051029,9065,-259,262
0.050991,34018,-410,460
0.050479,96076,-631,579
0.050047,123882,-792,760
0.050142,126209,-762,720
0.051019,114600,-635,654
0.050062,89438,-444,461
0.050992,57824,-262,260
0.051054,3078,-112,108
0.050020,-13400,-103,124
0.050133,-6507,-62,19
0.050149,5840,-2,0
0.050150,11036,0,26
0.050239,10816,-1,35
0.050268,8509,-1,24
0.050241,5936,0,12
0.050322,6003,1,6
0.050173,6373,0,1
0.050143,5773,36,33
0.050963,9390,264,258
0.050079,14822,436,402
0.050658,4641,694,710
0.050166,1882,1040,986
0.050176,7453,1514,1526
0.050186,11173,1829,1891
0.050225,15387,1947,2007
0.050035,10145,1984,2063
0.050065,6203,2003,2040
0.050153,11273,2030,2067
0.050149,12034,2039,2096
0.050177,7622,2056,2094
0.050190,5730,2200,2198
0.050201,4050,2234,2236
0.050279,4554,2372,2354
0.050161,4202,2563,2559
0.050154,3481,2664,2652
0.050059,4455,2739,2742
0.050133,6418,2830,2823
0.050156,7532,2872,2883
0.050175,6748,2923,2945
0.050153,5373,2929,2934
0.050395,6673,3029,3012
0.050727,8601,3044,3024
0.051037,7095,3128,3133
0.051061,8493,3152,3177
0.050080,4884,3119,3140
0.050088,5369,3085,3034
0.050185,7831,3212,3215
0.050081,9579,3061,3091
0.051058,8234,3258,3285
0.050988,8283,3279,3310
0.050172,6228,3093,3092
0.051057,6190,3222,3230
0.051022,6693,3208,3198
0.050180,7913,3183,3193
0.050052,5168,3117,3104
0.051011,11930,3221,3230
0.051064,11640,3270,3314
0.051050,6057,3223,3249
0.050083,4005,3116,3104
0.050712,5858,3260,3259
0.050193,6371,3195,3160
0.050097,7193,3164,3165
0.050108,7542,3144,3151
0.051033,7682,3239,3223
0.050948,8146,3256,3265
0.050116,7929,3096,3115
0.050081,7439,3186,3203
0.050024,6520,3159,3166
0.050192,8058,3179,3193
0.050356,5147,3144,3136
0.050006,2361,3107,3150
0.051052,736,3262,3252
0.051053,2860,3277,3255
0.050215,6025,3181,3152
0.051030,9053,3178,3224
0.051016,11615,2996,3138
0.051020,10371,2881,3079
0.050050,15069,2681,2907
0.051044,28739,2566,2902
0.050366,34728,2340,2903
0.050090,41004,2171,2738
0.050452,52742,2001,2738
0.051020,64547,1839,2805
0.050989,78568,1726,2939
0.050013,95987,1593,2943
0.050309,102884,1557,3071
0.050088,115076,1555,3134
0.050088,120166,1581,3129
0.050030,116286,1546,3127
0.051024,122535,1614,3297
0.050030,105568,1592,3214
0.050058,113088,1594,3173
0.050952,100817,1616,3152
0.050976,105319,1769,3304
0.051011,101884,1960,3361
0.050066,83720,2094,3293
0.050056,66088,2474,3433
0.050271,52993,2841,3579
0.050223,40586,3172,3672
0.050399,25973,3463,3725
0.050196,19220,3629,3782
0.050220,11828,3721,3827
0.050162,6469,3758,3809
0.050150,3336,3761,3755
0.050076,6833,3816,3790
0.051046,14107,3941,3961
0.050027,8888,3829,3878
0.050087,5970,3835,3846
0.050110,4740,3861,3875
0.050032,3366,3823,3804
0.051035,8429,4056,4016
0.050106,8456,3929,3925
0.050955,3942,3848,3823
0.050088,-1482,3832,3678
0.050019,-7552,3807,3512
0.050944,-22192,3695,3405
0.050991,-28096,3611,3426
0.051007,-12423,3392,3237
0.051003,3586,3287,3191
0.050495,8232,3055,3016
0.050134,9337,2894,2882
0.050509,9012,2714,2691
0.050960,3548,2609,2582
0.050941,1168,2384,2352
0.050991,7114,2253,2231
0.051049,3728,2074,2050
0.050090,-86,1863,1833
0.051020,7903,1676,1651
0.050011,3082,1518,1495
0.050107,233,1348,1330
0.050162,5584,1176,1159
0.050175,13148,1012,972
0.050255,6915,839,790
0.050102,1413,677,631
0.050131,4242,596,572
0.050987,11264,798,773
0.050969,8963,780,941
0.050149,14816,887,1055
0.050069,31916,1120,1487
0.050977,43991,1394,1982
0.050023,57237,1462,2271
0.050987,68951,1557,2530
0.050087,76491,1545,2551
0.050015,71886,1449,2468
0.050922,63771,1372,2430
0.051034,67860,1215,2247
0.050964,83306,1024,2016
0.050074,76949,846,1839
0.050999,63386,697,1708
0.050019,57232,516,1496
0.050038,67687,351,1324
0.050951,80052,144,1234
0.050934,86335,-23,1305
0.050135,90328,-225,1348
0.051007,108280,-485,1454
0.051065,180132,-877,1627
0.049999,212659,-1213,1745
0.050021,213911,-1279,1688
0.050275,213571,-1292,1581
0.050175,185122,-1155,1395
0.050247,162345,-1004,1232
0.050636,128388,-830,1050
0.051043,103443,-670,900
0.051027,88174,-478,717
0.050056,70612,-305,542
0.050290,42898,-162,346
0.050070,13238,-99,186
0.050062,2629,-54,133
0.051044,2489,-50,9
0.050014,5870,-4,69
0.051023,8176,213,302
0.050128,16354,420,410
0.051048,14858,622,736
0.050959,8987,1086,1125
0.050130,5697,1565,1601
0.049997,7850,1832,1860
0.050043,8714,1916,1938
0.050969,10418,2054,2073
0.050187,8721,2029,2081
0.050164,7687,2031,2073
0.051007,5393,2044,2073
0.051009,4440,2057,2062
0.050217,8788,2056,2053
0.050081,8167,2040,2057
0.050097,7649,2016,2033
0.050162,7037,2075,2089
0.050171,1468,2067,2047
0.050291,3759,2114,2077
0.050264,8416,2057,2050
0.050006,8831,2089,2104
0.050209,5368,2067,2077
0.050288,3998,2078,2065
0.050417,6542,2131,2096
0.050221,7556,2138,2137
0.050329,7289,2227,2241
0.050370,7384,2255,2266
0.050140,6022,2190,2213
0.050028,6906,2175,2254
0.050113,7729,1983,2165
0.050065,14459,1862,2276
0.050265,31735,1688,2357
0.050466,63024,1524,2345
0.050084,75095,1462,2391
0.050979,82140,1657,2441
0.051035,68880,1751,2400
0.050994,37350,1985,2427
0.050953,14290,2253,2448
0.050967,6388,2340,2393
0.050176,6193,2386,2394
0.050379,5494,2373,2379
0.050056,4137,2366,2365
0.050912,4667,2394,2383
0.050189,3260,2326,2328
0.050198,1743,2232,2232
0.049998,3099,2247,2227
0.050019,3994,2092,2087
0.050122,601,1939,1956
0.050017,9546,1749,1742
0.050374,14478,1619,1623
0.051001,5066,1476,1479
0.051025,4673,1297,1298
0.050515,8201,1105,1108
0.050739,3423,939,928
0.057786,2692,865,864
0.050976,6742,593,594
0.050010,8041,402,514
0.051044,9998,228,652
0.049983,30606,30,756
0.051037,86830,-145,962
0.050021,122253,-432,1438
0.050993,177860,-767,1879
0.050029,230866,-1154,2223
0.050212,271240,-1564,2355
0.050287,282129,-1793,2284
0.050053,300198,-1884,2228
0.050100,289635,-1844,2088
0.050152,264828,-1707,1891
0.050285,216741,-1550,1731
0.050142,196854,-1377,1574
0.050049,177233,-1209,1389
0.051012,163625,-1061,1232
0.050518,138599,-896,1044
0.050986,126760,-720,877
0.050990,90465,-532,691
0.051047,66292,-371,534
0.050956,42067,-240,363
0.050017,21663,-173,304
0.051048,11883,-337,436
0.050146,32711,-375,568
0.050120,110220,-689,760
0.050098,164127,-1187,1247
0.050118,212202,-1446,1526
0.050541,224203,-1516,1585
0.050205,216973,-1414,1517
0.050645,191681,-1283,1379
0.050518,178467,-1119,1198
0.050302,150967,-954,1026
0.050056,105782,-771,833
0.051028,86981,-619,707
0.051046,71520,-436,529
0.050026,55727,-256,351
0.050303,29522,-113,169
0.050120,-2117,-12,21
0.050203,-14390,158,-115
0.050277,-24436,442,-290
0.050223,-60616,641,-376
0.050040,-99563,933,-530
0.051053,-104717,1125,-521
0.051004,-105210,1073,-405
0.051002,-85585,924,-240
0.050034,-64485,770,-120
0.051049,-43719,601,-83
0.050055,-7796,429,-12
0.050919,-5339,264,1
0.050013,-4763,135,0
0.050060,7229,93,-1
0.050079,13103,49,1
0.050117,8864,34,2
0.050125,3536,10,6
0.051052,6086,61,46
0.050956,6060,263,247
0.051052,-9599,482,527
0.051007,-19337,833,717
0.050013,-4142,1066,892
0.050167,5095,1263,1230
0.049992,8759,1372,1376
0.050251,8788,1444,1487
0.051015,5342,1518,1548
0.050014,2701,1479,1504
0.050044,1841,1477,1493
0.050544,1495,1474,1479
0.050023,3450,1468,1440
0.050367,6055,1485,1459
0.050076,10428,1484,1440
0.050397,10121,1471,1486
0.050027,8873,1531,1543
0.050152,7711,1625,1627
0.050115,3448,1678,1685
0.050937,2836,1926,1909
0.050959,5055,2097,2093
0.050957,6741,2163,2170
0.051011,9379,2253,2275
0.050958,6738,2166,2208
0.050027,3647,2198,2216
0.050611,3728,2196,2191
0.050007,5274,2129,2128
0.051008,4579,2200,2159
0.050008,8070,2099,2065
0.050027,12950,2133,2144
0.051016,12252,2198,2250
0.050011,4839,2200,2217
0.051040,4335,2250,2227
0.050083,5449,2245,2228
0.050043,7297,2256,2253
0.050305,6814,2252,2260
0.050138,7213,2253,2269
0.050307,6346,2248,2269
0.050972,2104,2284,2279
0.050220,895,2224,2236
0.050177,1790,2264,2245
0.050592,3479,2296,2268
0.050624,7524,2288,2273
0.050726,8998,2268,2277
0.050901,8685,2235,2256
0.051027,7009,2316,2330
0.050182,4915,2241,2253
0.050832,5303,2298,2301
0.050509,4925,2284,2287
0.050485,4237,2315,2306
0.050173,5185,2298,2293
0.050474,5362,2325,2330
0.050464,4172,2312,2315
0.050996,4517,2321,2327
0.050982,5636,2353,2352
0.050665,6092,2277,2277
0.050591,7584,2283,2297
0.051045,5695,2301,2313
0.050707,6057,2275,2268
0.050997,6053,2243,2248
0.050374,4820,2201,2199
0.050906,5854,2206,2198
0.050361,3853,2185,2171
0.050413,5013,2135,2094
0.050337,10359,2197,2168
0.050754,15369,2288,2326
0.050792,7323,2283,2313
0.050021,4541,2274,2268
0.050572,5076,2221,2204
0.050320,4861,2243,2253
0.050912,6510,2322,2306
0.051040,7081,2255,2268
0.050748,8894,2216,2222
0.050526,6333,2184,2174
0.050798,4066,2255,2263
0.051013,6153,2196,2179
0.050728,4373,2252,2266
0.050517,5982,2227,2218
0.050994,7334,2224,2229
0.051067,6730,2231,2239
0.050715,6750,2217,2225
0.050827,5423,2186,2196
0.050300,5228,2219,2222
0.050613,5733,2207,2215
0.050139,4320,2188,2188
0.050652,4511,2211,2203
0.050022,3596,2196,2201
0.050218,3745,2190,2169
0.050736,4575,2223,2209
0.051055,4829,2239,2225
0.050889,6361,2177,2171
0.050432,5626,2173,2191
0.050766,5502,2093,2108
0.050128,3387,1977,1969
0.050409,703,1887,1778
0.050928,-8677,2081,1617
0.050778,-24054,2334,1460
0.050435,-61789,2409,1264
0.050855,-107601,2718,1116
0.050621,-125227,2821,931
0.050154,-124974,2878,775
0.050437,-128325,2751,579
0.050074,-150979,2686,492
0.050385,-151576,2629,710
0.051038,-144451,2615,861
0.050644,-89738,2453,967
0.051046,-45647,2422,1455
0.050354,-4820,2359,1931
0.050964,11324,2246,2147
0.050984,11243,2277,2274
0.050506,6066,2101,2164
0.050640,2200,2020,2144
0.051075,5581,1838,2178
0.051037,33321,1690,2190
0.050295,53097,1449,2145
0.050715,68446,1337,2245
0.051004,76623,1128,2188
0.050512,84020,971,2297
0.051016,99996,782,2254
0.050105,116783,655,2311
0.051057,120206,594,2291
0.050984,119838,595,2274
0.050476,125244,593,2248
0.050996,112932,620,2303
0.050198,121685,639,2281
0.050046,107765,724,2290
0.050961,109354,919,2354
0.050987,93595,1150,2469
0.050902,68272,1479,2514
0.050027,49576,1794,2504
0.050036,35786,2174,2666
0.051124,26009,2537,2824
0.051026,13238,2797,2939
0.051002,10483,2907,2961
0.050077,11206,3003,3030
0.050084,6408,3025,3076
0.050127,3531,3034,3035
0.050163,4101,3048,3047
0.050998,1902,3034,3011
0.050196,7025,2989,2954
0.050037,12158,2993,3002
0.050153,7968,2932,2947
0.051050,4893,2955,2983
0.050973,4794,2863,2881
0.050989,3933,2809,2812
0.050135,2597,2563,2573
0.051054,8555,2527,2515
0.050027,11764,2314,2294
0.050408,1969,2138,2144
0.050648,578,1993,1988
0.050035,7875,1807,1807
0.050788,5536,1651,1651
0.050615,3706,1487,1476
0.050585,6111,1307,1303
0.050260,5905,1153,1150
0.050485,7146,967,1069
0.050529,17016,786,1230
0.050648,34672,622,1398
0.050063,78735,448,1539
0.051022,112193,286,1886
0.050272,141083,93,2079
0.050035,147504,-72,1949
0.050436,152205,-281,1837
0.050987,165594,-660,1686
0.050988,170979,-937,1496
0.050988,170892,-1151,1418
0.051003,178400,-1353,1431
0.050945,184235,-1498,1471
0.050982,202958,-1623,1560
0.050988,239243,-1767,1679
0.050988,253409,-1826,1810
0.050019,252288,-1682,1708
0.050165,237763,-1581,1625
0.051048,218835,-1472,1483
0.050985,191926,-1317,1300
0.051000,157588,-1128,1109
0.050456,123092,-934,924
0.050944,115634,-774,885
0.050985,95442,-601,1021
0.051048,98444,-430,1095
0.050175,108943,-215,1293
0.051040,125014,-34,1783
0.050050,124561,138,2015
0.050968,131463,335,2156
0.050963,115235,470,2151
0.050973,112458,559,2175
0.050978,110699,625,2280
0.050900,107352,632,2277
0.050075,104108,635,2229
0.051000,105320,650,2243
0.050998,107233,658,2298
0.050092,110566,645,2258
0.050983,112693,646,2248
0.050957,112548,659,2309
0.050983,116862,662,2315
0.050161,97936,638,2228
0.051063,109543,662,2342
0.049999,104477,628,2217
0.050905,110170,651,2322
0.050028,116467,637,2273
0.050058,110607,644,2288
0.050044,109790,634,2227
0.050621,122442,655,2282
0.051019,111840,647,2281
0.050955,120313,650,2323
0.050047,108206,625,2267
0.051045,116318,650,2320
0.050973,110375,648,2275
0.051036,111279,658,2303
0.049979,111936,646,2266
0.050944,112419,660,2325
0.050999,114533,646,2275
0.050996,114787,661,2335
0.050988,112732,659,2328
0.051055,112776,655,2291
0.050987,112927,642,2256
0.050469,118022,638,2300
0.050972,107028,640,2262
0.050951,108983,641,2269
0.050945,118190,630,2287
0.050985,111227,691,2355
0.050988,114671,762,2308
0.050960,110507,953,2251
0.051027,73095,1217,2163
0.051011,36659,1566,1983
0.050977,-788,1933,1826
0.050947,-30522,2281,1615
0.050007,-56548,2589,1431
0.050975,-97469,2949,1273
0.051020,-137974,3316,1112
0.051008,-166157,3434,913
0.050968,-182476,3620,771
0.050968,-191033,3672,580
0.050927,-205249,3610,368
0.051004,-220257,3673,218
0.050994,-227058,3619,131
0.050574,-223459,3370,100
0.050981,-212036,3304,74
0.050972,-207618,3123,68
0.050947,-180381,2881,6
0.051021,-182868,2777,0
0.050994,-179834,2578,0
0.050442,-150166,2351,-1
0.050958,-150690,2231,0
0.050969,-131508,2054,0
0.050936,-123066,1828,0
0.050962,-110144,1705,0
0.050927,-93814,1521,0
0.050968,-81228,1350,0
0.050999,-71042,1146,0
0.051013,-59372,996,0
0.050026,-46814,811,0
0.050994,-36189,652,0
0.050989,-25668,477,0
0.050974,-13643,299,0
0.050246,-2203,147,0
0.051059,6510,95,0
0.050021,11099,61,0
0.050106,11673,23,0
0.050057,9437,2,0
0.051016,7204,0,0
0.050965,5135,0,0
0.050996,5658,0,0
0.050050,6070,-1,0
0.051018,6195,0,0
0.051027,5978,0,0
0.051010,5828,0,0
0.050971,6207,0,0
0.050259,6035,0,0
0.050010,5847,0,0
0.050988,6010,0,0
0.050028,5979,0,0
0.050030,6096,0,0
0.050944,5700,0,0
0.050978,6289,0,0
0.050410,6045,0,0
0.050005,5742,0,0
0.050928,6095,0,0
0.050971,6395,0,0
0.051001,6110,0,0
0.050953,5639,0,0
0.050938,6115,0,0
0.050572,6069,0,0
0.050946,6355,0,0
0.050970,5995,0,0
0.050923,5821,0,0
0.050967,6225,0,0
0.051030,6095,0,0
0.050969,6862,0,0
0.050998,5510,0,0
0.050971,5628,0,0
0.051028,6044,0,0
0.050925,6293,0,0
0.051000,6030,0,0
0.050982,5698,0,0
0.050490,5999,0,0
0.050971,6272,0,0
0.050984,5187,0,0
0.050937,5818,0,0
0.050982,6068,0,0
0.050992,6090,0,0
0.050947,6136,0,0
0.050946,5944,0,0
0.050089,6074,0,0
0.050952,6048,0,0
0.050961,5889,0,0
0.050956,6134,0,0
0.050962,6066,0,0
0.050989,5945,0,0
0.050989,6107,0,0
0.050980,6305,0,0
0.050096,5791,0,0
0.050018,5829,0,0
0.050000,5851,0,0
0.050438,6057,0,0
0.051035,6165,0,0
0.050952,6107,0,0
0.050967,5890,0,0
0.051055,6208,0,0
0.050200,5631,0,0
0.050073,6033,0,0
0.050082,5950,0,0
0.050628,6171,0,0
0.050116,5946,0,0
0.050033,5689,0,0
0.050168,5952,0,0
0.050160,6052,0,0
0.050020,5998,0,0
0.051049,6065,0,0
0.050087,6170,0,0
0.051030,5651,0,0
0.050130,6055,0,0
0.050177,6079,0,0
0.050164,5989,0,0
0.050201,5938,0,0
0.050209,5681,0,0
0.050172,6377,0,0
0.050042,5801,0,0
0.050976,6062,0,0
0.050982,6015,0,0
0.051016,6071,0,0
0.050148,6027,0,0
0.050189,5739,0,0
0.050168,6309,0,0
0.050164,5731,0,0
0.050175,6105,0,0
0.050045,6182,0,0
0.050985,6046,0,0
0.050997,6001,0,0
0.050964,6080,0,0
0.050954,5922,0,0
0.050991,6027,0,0
0.050972,6199,0,0
0.050952,5940,0,0
0.050056,6218,0,0
0.051020,6091,0,0
0.051047,6067,0,0
0.050097,6041,0,0
0.050977,5972,0,0
0.051000,6178,0,0
0.051051,5143,0,0
0.051047,6038,0,0
0.050597,6187,0,0
0.051004,5832,0,0
0.050998,6342,0,0
0.051017,5676,0,0
0.050155,6055,0,0
0.051040,6351,0,0
0.050045,5638,0,0
0.050053,6010,0,0
0.050154,5967,0,0
0.050035,5833,0,0
0.050131,6032,0,0
0.050087,6133,0,0
0.050257,5807,0,0
0.051002,6319,0,0
0.050967,6083,0,0
0.050995,5981,0,0
0.051032,6121,0,0
0.050919,6052,0,0
0.050985,6284,0,0
0.051022,5808,0,0
0.050499,6049,0,0
0.050597,6048,0,0
0.050082,5949,0,0
0.050406,6111,0,0
0.050024,6028,0,0
0.050606,5947,0,0
0.050108,5753,0,0
0.050494,6074,0,0
0.050036,5989,0,0
0.050950,6104,0,0
0.051068,5965,0,0
0.050000,5799,0,0
0.050427,6294,0,0
0.050216,5145,0,0
0.050329,6112,0,0
0.050144,6014,0,0
0.050445,5984,0,0
0.051034,6008,0,0
0.050383,6120,0,0
0.050285,5849,0,0
0.050763,5957,0,0
0.050287,5862,0,0
0.050652,6387,0,0
0.050908,5756,0,0
0.050022,5933,0,0
0.050357,6060,0,0
0.050043,6018,0,0
0.050026,5549,0,0
0.050221,5984,0,0
0.050097,6073,0,0
0.050176,5744,0,0
0.051031,6225,0,0
0.050987,6096,0,0
0.050981,5997,0,0
0.050337,6012,0,0
0.050168,6043,0,0
0.050153,5739,0,0
0.050150,6083,0,0
0.050179,6059,0,0
0.050152,5990,0,0
0.050176,5694,0,0
0.050129,5834,0,0
0.050194,5677,0,0
0.050437,5893,0,0
0.050162,6151,0,0
0.050182,5780,0,0
0.050023,5980,0,0
0.050085,6019,0,0
0.050049,5972,0,0
0.051001,5690,0,0
0.051004,5994,0,0
0.050245,6068,0,0
0.050016,6083,0,0
0.050003,6011,0,0
0.058345,6907,0,0
0.050285,6125,0,0
0.050104,6060,0,0
0.050088,6191,0,0
0.050414,5382,0,0
0.050162,5768,0,0
0.050499,6420,0,0
0.051020,6060,0,0
0.050539,5754,0,0
0.050762,6330,0,0
0.050039,5759,0,0
0.050691,6278,0,0
0.051049,6086,0,0
0.050240,5869,0,0
0.050416,6105,0,0
0.050167,6039,0,0
0.051044,5944,0,0
0.050329,6096,0,0
0.050041,5729,0,0
0.051015,6370,0,0
0.050964,6009,0,0
0.050994,5993,0,0
0.050036,5950,0,0
0.050088,5715,0,0
0.050946,5994,0,0
0.050982,6197,0,0
0.050931,5725,0,0
0.050966,6511,0,0
0.050967,6137,0,0
0.051000,5748,0,0
0.050960,6382,0,0
0.050019,5792,0,0
0.050958,6231,0,0
0.051033,6025,0,0
0.051007,6155,0,0
0.051023,6059,0,0
0.050959,6089,0,0
0.050275,6001,0,0
0.051036,6039,0,0
0.051040,6051,0,0
0.051014,6120,0,0
0.050966,5883,0,0
0.050979,6016,0,0
0.050969,6368,0,0
0.050964,6008,0,0
0.051010,5986,0,0
0.050478,5774,0,0
0.050983,6361,0,0
0.050962,6050,0,0
0.050976,5853,0,0
0.050972,6078,0,0
0.050995,6070,0,0
0.050960,5993,0,0
0.050913,5922,0,0
0.050983,6072,0,0
0.051019,6068,0,0
0.051073,6053,0,0
0.050256,5764,0,0
0.050354,5975,0,0
0.050013,6055,0,0
0.050128,5910,0,0
0.050042,6093,0,0
0.050970,5757,0,0
0.050954,6195,0,0
0.050022,5786,0,0
0.051040,6187,0,0
0.051038,6071,0,0
0.051048,6118,0,0
0.051040,6270,0,0
0.051027,6023,0,0
0.051052,6053,0,0
0.050016,5762,0,0
0.050091,6019,0,0
0.050062,6019,0,0
0.050957,5951,0,0
0.050083,6014,0,0
0.050600,5906,0,0
0.051042,6067,0,0
0.050992,5924,0,0
0.050960,6049,0,0
0.051002,6064,0,0
0.051046,6002,0,0
0.051038,6003,0,0
0.049997,6295,0,0
0.051065,5715,0,0
0.050012,5996,0,0
0.050446,5944,0,0
0.051045,5995,0,0
0.051025,5985,0,0
0.050055,5965,0,0
0.050264,5810,0,0
0.050243,6000,0,0
0.050083,6072,0,0
0.051709,6028,0,0
0.050089,6131,0,0
0.050827,5871,0,0
0.050318,6048,0,0
0.050822,6157,0,0
0.050055,5951,0,0
0.050641,6042,0,0
0.050536,5962,0,0
0.050979,6048,0,0
0.050768,5904,0,0
0.050214,6065,0,0
0.050119,5674,0,0
0.050298,5984,0,0
0.050727,6112,0,0
0.050757,6048,0,0
0.050131,6115,0,0
0.050514,6047,0,0
0.050596,6071,0,0
0.050698,5836,0,0
0.050634,6147,0,0
0.050244,6047,0,0
0.050516,6052,0,0
0.050598,6328,0,0
0.050594,5870,0,0
0.050206,6004,0,0
0.050555,6184,0,0
0.050651,6067,0,0
0.050153,6034,0,0
0.050281,5752,0,0
0.050205,6136,0,0
0.050392,6028,0,0
0.050550,5970,0,0
0.050071,6057,0,0
0.050926,5716,0,0
0.050472,6346,0,0
0.050563,5772,0,0
0.050129,5995,0,0
0.050709,6349,0,0
0.050575,5797,0,0
0.050056,5974,0,0
0.050315,5986,0,0
0.050264,5724,0,0
0.050505,6241,0,0
0.050422,5841,0,0
0.050163,5984,0,0
0.050676,6085,0,0
0.050606,6027,0,0
0.050667,5852,0,0
0.050257,5869,0,0
0.050497,5662,0,0
0.050376,6254,0,0
0.050233,5793,0,0
0.050094,6016,0,0
0.050051,6027,0,0
0.051042,5924,0,0
0.050306,5831,0,0
0.050508,6258,0,0
0.051030,5629,0,0
0.050965,6190,0,0
0.050106,5724,0,0
0.050081,6008,0,0
0.050020,6049,0,0
0.050946,6029,0,0
0.050057,5666,0,0
0.050095,6220,0,0
0.050127,5785,0,0
0.050116,6030,0,0
0.050026,6040,0,0
0.050216,5803,0,0
0.050119,6078,0,0
0.050079,5970,0,0
0.050081,5773,0,0
0.051030,6302,0,0
0.050559,5816,0,0
0.051018,6236,0,0
0.050028,5767,0,0
0.050174,6072,0,0
0.050087,6071,0,0
0.050102,5686,0,0
0.051005,5953,0,0
0.051010,6347,0,0
0.050998,6039,0,0
0.050257,5946,0,0
0.050012,5753,0,0
0.051062,6047,0,0
0.050016,6463,0,0
0.050062,5797,0,0
0.050070,5910,0,0
0.050056,5779,0,0
0.050005,6268,0,0
0.050537,6130,0,0
0.050341,6066,0,0
0.050616,5857,0,0
0.050645,5920,0,0
0.050629,5928,0,0
0.050179,5919,0,0
0.050444,6264,0,0
0.050410,5979,0,0
0.050663,6051,0,0
0.050581,6017,0,0
0.050520,6007,0,0
0.050398,6122,0,0
0.050415,5838,0,0
0.050262,6012,0,0
0.050313,6073,0,0
0.050459,5914,0,0
0.050175,6157,0,0
0.050758,5937,0,0
0.050349,6013,0,0
0.050299,5688,0,0
0.050987,6380,0,0
0.050944,6071,0,0
0.050494,6059,0,0
0.050004,5750,0,0
0.050998,6157,0,0
0.051022,6325,0,0
0.051017,6034,0,0
0.050014,5685,0,0
0.050067,6040,0,0
0.051033,6034,0,0
0.050975,6054,0,0
0.051023,6502,0,0
0.050970,5621,0,0
0.050006,6206,0,0
0.050979,5699,0,0
0.050987,5932,0,0
0.051068,6433,0,0
0.051011,6018,0,0
0.049998,5735,0,0
0.051039,6025,0,0
0.050017,6376,0,0
0.051068,5765,0,0
0.051055,6085,0,0
0.051052,5908,0,0
0.050073,6352,0,0
0.050011,5790,0,0
0.051000,6105,0,0
0.051011,6103,0,0
0.051007,6106,0,0
0.051027,5983,0,0
0.051031,5923,0,0
0.050106,6163,0,0
0.051010,6008,0,0
0.051058,5959,0,0
0.050992,6347,0,0
0.051016,5909,0,0
0.051038,5971,0,0
0.051007,5942,0,0
0.050939,6065,0,0
0.050080,6058,0,0
0.051034,5982,0,0
0.051039,5914,0,0
0.050999,5978,0,0
0.050592,5914,0,0
0.050101,5820,0,0
0.050078,6112,0,0
0.050131,5931,0,0
0.050109,6014,0,0
0.050144,5986,0,0
0.050140,6150,0,0
0.050134,5574,0,-2
0.050175,4868,0,0
0.050080,7364,0,0
0.050058,5783,0,0
0.050085,4480,0,0
0.050145,7363,0,0
0.050018,5463,0,0
0.050007,5750,0,0
0.050084,6473,0,0
0.050142,5461,0,0
0.050086,6242,0,0
0.050183,6202,0,0
0.050172,5808,0,0
0.050082,6009,0,0
0.050027,5861,0,0
0.050043,6075,0,0
0.050080,5888,0,0
0.050038,5594,0,0
0.050083,5971,0,0
0.051033,6089,0,0
0.050089,5906,0,0
0.050045,5667,0,0
0.051045,6539,0,0
0.050005,6209,0,0
0.050111,6172,0,0
0.050069,5647,0,0
0.050029,5856,0,0
0.050094,5845,0,0
0.050039,6071,0,0
0.050159,6165,0,0
0.050027,5711,0,0
0.050295,6008,0,0
0.051048,6049,0,0
0.050439,6332,0,0
0.050979,5799,0,0
0.050938,6273,0,0
0.051013,5970,0,0
0.050953,6038,0,0
0.050977,6029,0,0
0.050194,5777,0,0
0.050161,6356,0,0
0.050253,5768,0,0
0.050169,5998,0,0
0.050246,5943,0,0
0.050797,6151,0,0
0.050599,6101,0,0
0.050167,6012,0,0
0.050663,5799,0,0
0.050629,6035,0,0
0.050262,6096,0,0
0.050516,6080,0,0
0.050717,5915,0,0
0.050794,6034,0,0
0.050293,6000,0,0
0.050538,5937,0,0
0.050381,5984,0,0
0.050667,5765,0,0
0.050354,6040,0,0
0.050659,6281,0,0
0.050272,5891,0,0
0.050646,6062,0,0
0.050990,5961,0,0
0.050538,6217,0,0
0.051002,6249,0,0
0.051029,5844,0,0
0.051070,6381,0,0
0.050060,5622,0,0
0.050998,6183,0,0
0.051022,5809,0,0
0.049997,5910,0,0
0.051026,6222,0,0
0.051031,5800,0,0
0.051024,6049,0,0
0.050705,6394,0,0
0.050990,5646,0,0
0.050961,6442,0,0
0.051012,6026,0,0
0.051030,6182,0,0
0.050012,5815,0,0
0.050172,6116,0,0
0.050019,6093,0,0
0.050952,5991,0,0
0.050972,6065,0,0
0.050985,5921,0,0
0.050969,6006,0,0
0.050008,6062,0,0
0.051005,6149,0,0
0.051005,6102,0,0
0.051029,4848,0,0
0.050978,6362,0,0
0.050953,6080,0,0
0.050931,5988,0,0
0.050224,5711,0,0
0.051058,6099,0,0
0.050095,5993,0,0
0.049967,5931,0,0
0.051030,6036,0,0
0.051011,5997,0,0
0.058019,5523,0,0
0.050154,6102,0,0
0.050448,6135,0,0
0.049989,5952,0,0
0.051037,5841,0,0
0.050949,6307,0,0
0.050992,5967,0,0
0.050937,6220,0,0
0.050954,5932,0,0
0.050965,5952,0,0
0.050984,5988,0,0
0.050977,6025,0,0
0.051067,5820,0,0
0.050014,6098,0,0
0.050110,6014,0,0
0.050655,5946,0,0
0.050960,6008,0,0
0.050044,5981,0,0
0.050885,6141,0,0
0.050972,6089,0,0
0.050961,6030,0,0
0.050997,6061,0,0
0.050665,5941,0,0
0.050176,6038,0,0
0.050966,5739,0,0
0.050974,6193,0,0
0.050992,6099,0,0
0.050104,6020,0,0
0.050946,5993,0,0
0.050096,5729,0,0
0.050921,6048,0,0
0.050069,6142,0,0
0.050968,6053,0,0
0.050947,6079,0,0
0.050983,6256,0,0
0.050007,5655,0,0
0.051078,6091,0,0
0.050219,6134,0,0
0.050105,5946,0,0
0.051053,6126,0,0
0.050945,6046,0,0
0.050938,6071,0,0
0.050949,6072,0,0
0.050667,6302,0,0
0.050249,5750,0,0
0.050137,5968,0,0
0.050486,5969,0,0
0.050547,5711,0,0
0.050164,6348,0,0
0.050900,5626,0,0
0.050271,6259,0,0
0.050618,5734,0,0
0.050114,6017,0,0
0.050039,5722,0,0
0.050152,5939,0,0
0.050474,6312,0,0
0.050199,5813,0,0
0.050296,6084,0,0
0.051029,6003,0,0
0.050965,6129,0,0
0.050964,5953,0,0
0.051706,6062,0,0
0.051070,6379,0,0
0.050091,5876,0,0
0.050982,6019,0,0
0.050949,6516,0,0
0.050996,5725,0,0
0.051012,6253,0,0
0.050968,5753,0,0
0.050994,6273,0,0
0.050305,5662,0,0
0.050091,5837,0,0
0.051040,6505,0,0
0.050063,5697,0,0
0.050975,6016,0,0
0.050977,6246,0,0
0.050002,5754,0,0
0.050931,6002,0,0
0.050921,6141,0,0
0.051021,6371,0,0
0.050044,5776,0,0
0.050156,5898,0,0
0.050199,6055,0,0
0.051018,6017,0,0
0.051005,6126,0,0
0.051013,6074,0,0
0.051006,5981,0,0
0.051064,6400,0,0
0.050974,5807,0,0
0.050022,6050,0,0
0.050074,6097,0,0
0.050961,6020,0,0
0.050039,5974,0,0
0.050971,5630,0,0
0.050995,6328,0,0
0.050541,5699,0,0
0.050063,6247,0,0
0.050217,5789,0,0
0.050102,6067,0,0
0.050059,5991,0,0
0.050212,5724,0,0
0.050329,6047,0,0
0.050267,5990,0,0
0.050970,5881,0,0
0.050926,6112,0,0
0.050941,6286,0,0
0.051014,5742,0,0
0.050961,5943,0,0
0.050951,6161,0,0
0.051004,6270,0,0
0.050182,5711,0,0
0.050038,5908,0,0
0.050091,6081,0,0
0.050007,5840,0,0
0.050086,6418,0,0
0.050792,5758,0,0
0.050069,6127,0,0
0.050021,5930,0,0
0.050977,6150,0,0
0.050939,6071,0,0
0.050968,6099,0,0
0.050650,6041,0,0
0.050029,5622,0,0
0.050997,6297,0,0
0.050946,5948,0,0
0.050956,5957,0,0
0.051042,5958,0,0
0.050083,6028,0,0
0.050092,5847,0,0
0.050980,6182,0,0
0.051050,5942,0,0
0.050107,6066,0,0
0.050104,5987,0,0
0.050996,5912,0,0
0.050068,5981,0,0
0.050569,6112,0,0
0.051027,5922,0,0
0.051045,5990,0,0
0.050051,5907,0,0
0.051029,5806,0,0
0.051119,6322,0,0
0.051039,6077,0,0
0.050059,6036,0,0
0.050999,6166,0,0
0.050934,6024,0,0
0.050090,6047,0,0
0.050719,5980,0,0
0.050290,6134,0,0
0.050679,6111,0,0
0.051048,5968,0,0
0.050305,5859,0,0
0.051004,6653,0,0
0.050403,5537,0,0
0.050830,6150,0,0
0.050164,5756,0,0
0.050025,6092,0,0
0.051064,6121,0,0
0.051013,5890,0,0
0.050090,6094,0,0
0.051015,6071,0,0
0.050025,6011,0,0
0.050354,5737,0,0
0.050292,6010,0,0
0.050048,6019,0,0
0.050098,6026,0,0
0.050028,5706,0,0
0.050070,6192,0,0
0.050208,6045,0,0
0.051046,6018,0,0
0.050051,6046,0,0
0.050115,5762,0,0
0.050072,6256,0,0
0.050147,5843,0,0
0.050980,5965,0,0
0.051053,6177,0,0
0.050493,6080,0,0
0.051042,6071,0,0
0.050958,6233,0,0
0.050984,5794,0,0
0.050987,6369,0,0
0.050984,5371,0,0
0.050969,6271,0,0
0.050995,6164,0,0
0.050920,5962,0,0
0.051043,6024,0,0
0.050874,5912,0,0
0.050002,6004,0,0
0.050917,6012,0,0
0.050081,6004,0,0
0.050960,5771,0,0
0.050033,6322,0,0
0.051021,5788,0,0
0.050973,6455,0,0
0.050931,5649,0,0
0.050990,6306,0,0
0.050955,5705,0,0
0.051043,6352,0,0
0.050960,6091,0,0
0.050937,5932,0,0
0.050975,5969,0,0
0.050986,6037,0,0
0.050992,6021,0,0
0.050076,6075,0,0
0.050877,6178,0,0
0.051002,5779,0,0
0.050972,5975,0,0
0.050214,6033,0,0
0.050989,5929,0,0
0.051006,6033,0,0
0.050940,6094,0,0
0.050977,6347,0,0
0.050926,5680,0,0
0.050965,6387,0,0
0.051016,6025,0,0
0.050983,6016,0,0
0.050503,6018,0,0
0.051062,6036,0,0
0.051008,6032,0,0
0.050061,6060,0,0
0.050309,4553,0,0
0.050184,6083,0,0
0.050394,6034,0,0
0.050391,5915,0,0
0.050515,6152,0,0
0.050232,5736,0,0
0.050152,6060,0,0
0.050144,6103,0,0
0.050089,5964,0,0
0.050753,5988,0,0
0.050579,6045,0,0
0.050688,5972,0,0
0.050987,6091,0,0
0.050673,6049,0,0
0.050692,5917,0,0
0.050987,5917,0,0
0.050982,6180,0,0
0.050454,5928,0,0
0.050800,6066,0,0
0.050422,5730,0,0
0.050698,6017,0,0
0.050078,5995,0,0
0.050084,6125,0,0
0.050144,6002,0,0
0.050300,5747,0,0
0.051062,6124,0,0
0.050554,6054,0,0
0.050147,5609,0,0
0.050104,5996,0,0
0.050859,5901,0,0
0.050530,6019,0,0
0.050616,6157,0,0
0.050267,6070,0,0
0.050734,5971,0,0
0.050404,5960,0,0
0.050518,6142,0,0
0.050662,6079,0,0
0.050234,5668,0,0
0.050668,5999,0,0
0.050573,6109,0,0
0.050472,6007,0,0
0.050414,5938,0,0
0.050649,5929,0,0
0.051007,6142,0,0
0.050449,6111,0,0
0.050484,6033,0,0
0.050400,6084,0,0
0.050188,5717,0,0
0.050538,6420,0,0
0.050207,5663,0,0
0.050756,6153,0,0
0.050692,6092,0,0
0.050423,5659,0,0
0.050195,6336,0,0
0.050756,5900,0,0
0.050511,6070,0,0
0.050360,6026,0,0
0.050444,5752,0,0
0.050378,5920,0,0
0.050742,5956,0,0
0.050575,6335,0,0
0.050386,5714,0,0
0.050359,6057,0,0
0.051049,6051,0,0
0.050412,6161,0,0
0.050303,6151,0,0
0.050447,5923,0,0
0.050561,6337,0,0
0.050657,5618,0,0
0.050506,6114,0,0
0.050222,6057,0,0
0.050691,6031,0,0
0.050661,6014,0,0
0.050491,6113,0,0
0.050246,6109,0,0
0.050786,6022,0,0
0.050641,5849,0,0
0.050419,6003,0,0
0.050974,6065,0,0
0.050009,5696,0,0
0.050374,6014,0,0
0.050586,5990,0,0
0.050022,6070,0,0
0.050804,6121,0,0
0.050143,6148,0,0
0.050162,5923,0,0
0.050057,5589,0,0
0.050728,6151,0,0
0.050596,5924,0,0
0.050527,6167,0,0
0.050410,5709,0,0
0.050664,6378,0,0
0.050382,5792,0,0
0.050507,6114,0,0
0.050162,6077,0,0
0.050937,6100,0,0
0.050438,5986,0,0
0.050588,6045,0,0
0.051679,6389,0,0
0.050312,5746,0,0
0.050207,5947,0,0
0.050031,5918,0,0
0.050338,5852,0,0
0.050041,6220,0,0
0.050063,5793,0,0
0.050275,6111,0,0
0.050636,6000,0,0
0.050195,5818,0,0
0.050744,6050,0,0
0.050423,5970,0,0
0.050740,5972,0,0
0.050289,5990,0,0
0.050432,5991,0,0
0.050582,6091,0,0
0.050665,6048,0,0
0.050388,5997,0,0
0.050320,6075,0,0
0.050508,5881,0,0
0.051004,6096,0,0
0.050512,5836,0,0
0.050333,5877,0,0
0.050396,6079,0,0
0.050590,6074,0,0
0.050364,6136,0,0
0.050649,5712,0,0
0.050344,5782,0,0
0.050647,6054,0,0
0.050234,5793,0,0
0.050721,5992,0,0
0.050287,6439,0,0
0.050898,6040,0,0
0.050306,5785,0,0
0.050281,6125,0,0
0.050152,6178,0,0
0.050190,5959,0,0
0.050521,5774,0,0
0.050302,6008,0,0
0.050514,5990,0,0
0.050557,6059,0,0
0.050611,6040,0,0
0.050177,6098,0,0
0.050577,6108,0,0
0.050546,5636,0,0
0.050190,5961,0,0
0.050072,5973,0,0
0.050903,6084,0,0
0.050999,5994,0,0
0.050258,5998,0,0
0.050019,6066,0,0
0.051063,5939,0,0
0.050929,5990,0,0
0.050371,5939,0,0
0.050054,6023,0,0
0.050135,5630,0,0
0.050053,5988,0,0
0.050986,6385,0,0
0.050468,5866,0,0
0.051029,5978,0,0
0.050990,6110,0,0
0.050598,5997,0,0
0.051012,6111,0,0
0.051017,6414,0,0
0.050983,5745,0,0
0.050952,6033,0,0
0.050987,6286,0,0
0.051034,6059,0,0
0.050991,6110,0,0
0.050943,5919,0,0
0.051032,6023,0,0
0.050012,6022,0,0
0.051059,6125,0,0
0.050069,6015,0,0
0.050982,6040,0,0
0.050975,6031,0,0
0.050070,5870,0,0
0.051001,6524,0,0
0.051044,6130,0,0
0.050037,5955,0,0
0.051054,5674,0,0
0.050289,6067,0,0
0.050153,5960,0,0
0.050036,5905,0,0
0.050015,6166,0,0
0.050213,5820,0,0
0.050078,6018,0,0
0.050081,6212,0,0
0.050103,6123,0,0
0.050113,5850,0,0
0.050021,5982,0,0
0.050067,6109,0,0
0.050951,6033,0,0
0.050984,6028,0,0
0.050996,6101,0,0
0.050008,5725,0,0
0.050116,6345,0,0
0.050322,5715,0,0
0.050971,6054,0,0
0.050317,6111,0,0
0.050063,6132,0,0
0.050036,6060,0,0
0.050210,5651,0,0
0.050128,5922,0,0
0.050999,5968,0,0
0.050054,6056,0,0
0.050045,6007,0,0
0.051000,5716,0,0
0.050017,6253,0,0
0.050231,5728,0,0
0.050241,5945,0,0
0.050143,6115,0,0
0.050020,5635,0,0
0.050005,6127,0,0
0.050025,6022,0,0
0.051031,5969,0,0
0.050114,6084,0,0
0.050109,5749,0,0
0.050572,6004,0,0
0.050416,6080,0,0
0.050592,6068,0,0
0.050078,5997,0,0
0.050951,6014,0,0
0.050964,5871,0,0
0.050960,5998,0,0
0.051030,5982,0,0
0.051042,6286,0,0
0.050019,5781,0,0
0.050972,5962,0,0
0.050993,5961,0,0
0.049997,6073,0,0
0.051045,6022,0,0
0.050023,5785,0,0
0.050030,6396,0,0
0.050984,5717,0,0
0.051012,6361,0,0
0.050989,6132,0,0
0.050975,5958,0,0
0.050314,6170,0,0
0.051060,6040,0,0
0.050799,5957,0,0
0.050018,5761,0,0
0.050978,6139,0,0
0.050971,5611,0,0
0.050968,6266,0,0
0.051042,6136,0,0
0.050008,5991,0,0
0.051058,5991,0,0
0.050992,6033,0,0
0.050169,5738,0,0
0.050110,6514,0,0
0.050973,5796,0,0
0.051016,6264,0,0
0.051013,5670,0,0
0.050056,6050,0,0
0.051024,5994,0,0
0.050951,6293,0,0
0.051013,6158,0,0
0.051032,6136,0,0
0.050054,5905,0,0
0.050838,6174,0,0
0.050977,6308,0,0
0.051053,6011,0,0
0.051038,5883,0,0
0.050993,5994,0,0
0.051038,6024,0,0
0.051011,6042,0,0
0.050076,6094,0,0
0.050969,6030,0,0
0.050009,5812,0,0
0.050984,6097,0,0
0.051034,6016,0,0
0.051001,5932,0,0
0.050192,6212,0,0
0.051022,5957,0,0
0.049974,5953,0,0
0.050098,5761,0,0
0.050808,5949,0,0
0.050442,5935,0,0
0.050046,6120,0,0
0.050310,5705,0,0
0.050999,6290,0,0
0.051037,5873,0,0
0.050901,6030,0,0
0.050965,6095,0,0
0.051014,5987,0,0
0.050941,5934,0,0
0.050074,5969,0,0
0.050999,6150,0,0
0.051061,6145,0,0
0.050037,6125,0,0
0.051029,5986,0,0
0.050007,6057,0,0
0.050984,6008,0,0
0.050992,6096,0,0
0.050932,5999,0,0
0.050026,5946,0,0
0.051046,5999,0,0
0.051023,6097,0,0
0.050934,5931,0,0
0.050196,6035,0,0
0.050285,5864,0,0
0.050085,5828,0,0
0.051047,6009,0,0
0.050021,6016,0,0
0.051049,6107,0,0
0.051060,6262,0,0
0.051012,5670,0,0
0.051018,6267,0,0
0.051013,5819,0,0
0.050016,5753,0,0
0.051021,6313,0,0
0.051044,6055,0,0
0.050188,5684,0,0
0.050023,5943,0,0
0.050992,6013,0,0
0.050978,6264,0,0
0.050007,5830,0,0
0.050535,5863,0,0
0.050400,5724,0,0
0.050171,5954,0,0
0.050215,6327,0,0
0.050051,5726,0,0
0.050070,6091,0,0
0.051006,5940,0,0
0.050072,5732,0,0
0.050021,6016,0,0
0.051059,6387,0,0
0.050040,5976,0,0
0.050097,5695,0,0
0.051006,6118,0,0
0.050245,6027,0,0
0.050291,5739,0,0
0.050093,6083,0,0
0.050413,6092,0,0
0.050942,6432,0,0
0.050684,5780,0,0
0.050936,6018,0,0
0.050502,6107,0,0
0.050958,6000,0,0
0.050423,5982,0,0
0.050227,6006,0,0
0.050722,6009,0,0
0.050772,6054,0,0
0.050327,5668,0,0
0.050368,6044,0,0
0.050616,6011,0,0
0.050528,6346,0,0
0.050753,5781,0,0
0.050174,5897,0,0
0.050626,6056,0,0
0.050332,6001,0,0
0.050172,6053,0,0
0.050124,6028,0,0
0.050293,5724,0,0
0.050561,6146,0,0
0.050632,5895,0,0
0.051001,6278,0,0
0.050494,5747,0,0
0.050630,5940,0,0
0.050955,6043,0,0
0.050903,5893,0,0
0.050965,6019,0,0
0.050949,6046,0,0
0.050970,5881,0,0
0.051003,6287,0,0
0.051034,5729,0,0
0.051023,6453,0,0
0.050055,5676,0,0
0.050956,6355,0,0
0.050939,6065,0,0
0.050998,6033,0,0
0.050976,5942,0,0
0.051040,5974,0,0
0.050962,6085,0,0
0.050078,5956,0,0
0.050989,5962,0,0
0.050997,6002,0,0
0.050993,6067,0,0
0.050447,5872,0,0
0.050010,5775,0,0
0.050982,6352,0,0
0.050966,5875,0,0
0.051039,6055,0,0
0.050986,5960,0,0
0.050962,5955,0,0
0.051019,6136,0,0
0.050138,6033,0,0
0.050005,6041,0,0
0.050960,6047,0,0
0.051036,5950,0,0
0.051018,5991,0,0
0.050004,6034,0,0
0.051018,6035,0,0
0.050958,6092,0,0
0.050018,5764,0,0
0.050011,6290,0,0
0.050919,5782,0,0
0.050544,5893,0,0
0.050905,6007,0,0
0.050494,5899,0,0
0.050541,6129,0,0
0.050473,6043,0,0
0.050646,6019,0,0
0.050572,6072,0,0
0.050355,5856,0,0
0.050381,6314,0,0
0.050468,5723,0,0
0.050433,6093,0,0
0.050455,5958,0,0
0.050411,6693,0,0
0.050592,5207,0,0
0.050990,5961,0,0
0.051049,6175,0,0
0.050942,6098,0,0
0.051000,6091,0,0
0.050992,6101,0,0
0.050983,6214,0,0
0.050731,6070,0,0
0.050628,5926,0,0
0.050503,5670,0,0
0.050729,6274,0,0
0.050505,5714,0,0
0.050873,6331,0,0
0.050555,5776,0,0
0.050628,5951,0,0
0.050440,5960,0,0
0.050761,5957,0,0
0.050471,5942,0,0
0.050628,5938,0,0
0.050725,6159,0,0
0.050636,6089,0,0
0.050467,6101,0,0
0.050510,6089,0,0
0.050523,5688,0,0
0.050652,6306,0,0
0.050577,5656,0,0
0.050464,6059,0,0
0.051000,6237,0,0
0.050740,5674,0,0
0.050757,5956,0,0
0.050768,6211,0,0
0.050547,5774,0,0
0.050599,6305,0,0
0.050673,5739,0,0
0.050704,5968,0,0
0.050593,6024,0,0
0.050809,5873,0,0
0.050588,6304,0,0
0.050630,5707,0,0
0.050712,6021,0,0
0.050087,5886,0,0
0.050954,5980,0,0
0.050239,5702,0,0
0.050334,6307,0,0
0.050277,5819,0,0
0.050286,5802,0,0
0.050134,6020,0,0
0.050168,5628,0,0
0.050135,6328,0,0
0.050020,5723,0,0
0.050193,5956,0,0
0.050131,6020,0,0
0.050040,5956,0,0
0.051022,5818,0,0
0.051044,5994,0,0
0.050090,5967,0,0
0.051029,5980,0,0
0.050991,6433,0,0
0.050148,5772,0,0
0.050340,6074,0,0
0.050297,6106,0,0
0.050030,5490,0,0
0.050085,6357,0,0
0.050032,5826,0,0
0.050023,5984,0,0
0.050037,5694,0,0
0.050910,6406,0,0
0.050852,5798,0,0
0.050791,5940,0,0
0.050386,5813,0,0
0.050410,5982,0,0
0.050112,6100,0,0
0.050374,5853,0,0
0.050434,5991,0,0
0.050528,5970,0,0
0.050517,5696,0,0
0.050590,6082,0,0
0.050608,6099,0,0
0.050477,5953,0,0
0.050642,5914,0,0
0.050622,5957,0,0
0.050570,5926,0,0
0.050294,5987,0,0
0.050011,5913,0,0
0.050109,5833,0,0
0.050004,5805,0,0
0.051023,5825,0,0
0.051053,5911,0,0
0.050210,6041,0,0
0.050541,6133,0,0
0.053230,5149,0,0
0.050618,6284,0,0
0.050051,5689,0,0
0.050617,6039,0,0
0.050970,5841,0,0
0.050889,5717,0,0
0.050950,6304,0,0
0.050958,5975,0,0
0.050599,6050,0,0
0.050947,6054,0,0
0.050999,5927,0,0
0.051005,6001,0,0
0.050935,6096,0,0
0.050957,6024,0,0
0.051012,5951,0,0
0.050935,5918,0,0
0.050948,5785,0,0
0.050284,5946,0,0
0.050982,6154,0,0
0.050673,6029,0,0
0.050139,6232,0,0
0.050109,5675,0,0
0.050263,5903,0,0
0.050472,5963,0,0
0.050269,5643,0,0
0.050360,5956,0,0
0.050203,5936,0,0
0.050312,6019,0,0
0.050211,5938,0,0
0.050275,5666,0,0
0.050235,5952,0,0
0.050413,5967,0,0
0.050662,5962,0,0
0.050161,6101,0,0
0.050659,6035,0,0
0.050526,5983,0,0
0.050200,5648,0,0
0.051038,5995,0,0
0.050197,6164,0,0
0.050555,6032,0,0
0.050056,5982,0,0
0.050030,5791,0,0
0.050306,6078,0,0
0.050528,5997,0,0
0.050159,5938,0,0
0.050148,5966,0,0
0.050689,5631,0,0
0.050887,5986,0,0
0.050161,5824,0,0
0.050021,5646,0,0
0.050231,5899,0,0
0.050021,6043,0,0
0.050155,6099,0,0
0.051033,5656,0,0
0.050092,5899,0,0
0.050138,5877,0,0
0.050701,5985,0,0
0.050971,6213,0,0
0.050053,5751,0,0
0.051037,5910,0,0
0.050084,5599,0,0
0.051047,6209,0,0
0.051016,5993,0,0
0.051021,6093,0,0
0.051044,6041,0,0
0.050168,6039,0,0
0.051023,5931,0,0
0.050029,6048,0,0
0.050020,5844,0,0
0.050020,5944,0,0
0.050168,6008,0,0
0.050004,5572,0,0
0.051045,6271,0,0
0.050004,5670,0,0
0.050071,6043,0,0
0.050299,6103,0,0
0.050023,5643,0,0
0.050102,6045,0,0
0.050172,6167,0,0
0.051044,5931,0,0
0.050126,6104,0,0
0.049995,5919,0,0
0.051031,6002,0,0
0.050113,6131,0,0
0.051041,5933,0,0
0.050179,5828,0,0
0.050066,6007,0,0
0.050088,6116,0,0
0.051000,5867,0,0
0.050005,5973,0,0
0.050122,5726,0,0
0.051000,6291,0,0
0.050978,5977,0,0
0.051035,5881,0,0
0.050045,5539,0,0
0.050338,6090,0,0
0.050385,5921,0,0
0.050812,6178,0,0
0.050283,6097,0,0
0.050104,6068,0,0
0.050990,6045,0,0
0.051025,5946,0,0
0.050984,6108,0,0
0.051046,5997,0,0
0.050133,5976,0,0
0.050002,5865,0,0
0.050973,6225,0,0
0.051039,6158,0,0
0.051034,6159,0,0
0.050153,5948,0,0
0.051038,6182,0,0
0.049988,5950,0,0
0.050023,5888,0,0
0.051047,6182,0,0
0.050154,5799,0,0
0.050873,6033,0,0
0.050170,5922,0,0
0.050075,5662,0,0
0.050534,6274,0,0
0.050444,5658,0,0
0.050268,6144,0,0
0.050234,6052,0,0
0.050219,6121,0,0
0.050345,5908,0,0
0.050077,6025,0,0
0.050122,5734,0,0
0.051042,6051,0,0
0.051023,6098,0,0
0.051040,6181,0,0
0.050026,5690,0,0
0.051036,6047,0,0
0.050968,6045,0,0
0.051054,5954,0,0
0.050383,6037,0,0
0.050167,6091,0,0
0.050292,6046,0,0
0.050011,5800,0,0
0.052820,6445,0,0
0.050027,5679,0,0
0.050138,5735,0,0
0.050127,5874,0,0
0.050100,6001,0,0
0.050068,6034,0,0
0.050195,6027,0,0
0.050184,5733,0,0
0.050167,6329,0,0
0.050109,5765,0,0
0.050034,6065,0,0
0.050106,5988,0,0
0.050447,5726,0,0
0.050140,5935,0,0
0.050088,5910,0,0
0.050143,5716,0,0
0.050156,6365,0,0
0.050047,5677,0,0
0.051034,5952,0,0
0.050037,6092,0,0
0.050059,5818,0,0
0.050063,5875,0,0
0.049996,6068,0,0
0.050033,6061,0,0
0.050038,5801,0,0
0.050039,6000,0,0
0.050071,5964,0,0
0.051035,5990,0,0
0.050046,5980,0,0
0.051042,6116,0,0
0.051001,6005,0,0
