Timestamp,gyro,leftEncoder,rightEncoder
1541718357.253900,6412,0,0
0.050685,5835,0,0
0.050280,6349,0,0
0.050675,5846,0,0
0.051012,6147,0,0
0.050052,6186,0,0
0.050334,6123,0,0
0.050155,6067,0,0
0.051004,6031,0,0
0.050248,5841,0,0
0.050570,6126,0,0
0.050707,6179,0,0
0.050049,6205,0,0
0.050730,6437,0,0
0.051015,5945,0,0
0.050229,6054,0,0
0.050024,6165,0,0
0.050588,6126,0,0
0.051034,6239,0,0
0.050438,6092,0,0
0.050061,5855,0,0
0.050143,6151,0,0
0.050017,6067,0,0
0.049995,6236,0,0
0.050063,5747,0,0
0.050559,6195,32,35
0.050346,5712,229,234
0.050087,-4957,406,453
0.050429,-11623,683,535
0.051025,-5111,1031,907
0.050464,3551,1308,1264
0.050751,7815,1415,1442
0.051039,10414,1508,1544
0.050943,13164,1585,1632
0.050014,9494,1542,1594
0.050037,6411,1616,1642
0.050456,5618,1683,1696
0.050375,6344,1721,1740
0.050494,5178,1782,1791
0.050709,5269,1846,1844
0.050116,6302,1890,1895
0.050096,4716,1899,1904
0.050018,4273,1997,1995
0.050603,6001,2012,2044
0.051044,8296,1970,2119
0.051043,10800,1843,2146
0.050458,19469,1642,2109
0.051014,44849,1557,2119
0.050256,53113,1518,2152
0.050830,56390,1513,2152
0.050751,54139,1461,2096
0.050861,58509,1455,2134
0.050705,51417,1417,2103
0.050729,53124,1406,2086
0.050016,42103,1421,2066
0.050260,46596,1487,2047
0.050868,48042,1683,2087
0.050653,32868,1857,2130
0.050580,10459,1956,2140
0.050759,98,2082,2110
0.050176,3619,2081,2044
0.050506,7467,2073,2066
0.050500,7251,2128,2144
0.050780,4895,2093,2097
0.050971,4438,2072,2069
0.050913,7230,2771,2753
0.051067,5632,1485,1477
0.050966,7514,2123,2130
0.050374,8053,2068,2073
0.049999,3817,2056,2071
0.050953,-1043,2133,2135
0.050410,1637,2093,2072
0.050651,3111,2125,2109
0.050497,4950,2131,2113
0.051014,8690,2074,2080
0.050065,9225,2094,2105
0.050459,8861,2083,2112
0.050995,6985,2072,2091
0.050952,5437,2108,2133
0.050381,4289,2043,2061
0.051022,3771,2119,2130
0.050400,5348,2079,2046
0.051043,4634,2095,1938
0.050638,-432,2119,1803
0.050141,-9419,2102,1638
0.050140,-33263,2094,1477
0.050993,-48746,2090,1312
0.050056,-58514,2088,1138
0.050494,-61679,2076,993
0.050514,-64779,2027,955
0.050109,-68063,2052,1040
0.050389,-65520,2092,1128
0.050096,-58543,2035,1193
0.050455,-53669,2085,1301
0.050364,-37337,2164,1572
0.050411,-11682,1981,1698
0.050152,2782,2135,2042
0.050102,4622,2011,1979
0.050582,8893,2097,2129
0.050983,14135,1948,2118
0.050993,17060,1842,2193
0.050330,20510,1641,2130
0.050105,47235,1533,2116
0.051069,53238,1531,2093
0.050324,52806,1722,2030
0.050668,39096,1731,2067
0.051026,13794,1821,2089
0.050234,13233,1762,2042
0.050320,17930,1659,2094
0.050429,22719,1483,2094
0.050678,59868,1370,2142
0.051061,73920,1242,2098
0.050582,71626,1455,2108
0.050062,58767,1488,1988
0.050207,17726,1739,2055
0.050080,1732,1992,2027
0.050595,2158,2079,2107
0.050802,563,2151,2149
0.050617,1204,2115,2105
0.050097,1962,2040,2038
0.050534,440,2142,2139
0.051030,1294,2087,2071
0.050305,4776,2050,2054
0.050155,6379,1926,2065
0.050842,12542,1781,2081
0.050476,34731,1639,2080
0.050617,49602,1513,2151
0.050606,54330,1306,2083
0.050100,59928,1218,2016
0.050726,67662,1458,2123
0.050729,57019,1620,2059
0.050394,30857,1700,2066
0.050210,2757,1944,2029
0.050741,1438,2052,2079
0.050672,5392,1988,2132
0.050497,6261,1805,2098
0.050076,18658,1647,2059
0.050800,50714,1586,2063
0.050531,55242,1763,2126
0.050682,46207,1921,2135
0.050139,12957,1820,2072
0.050730,-987,2050,2046
0.050524,200,2050,2006
0.050588,4352,2096,2087
0.050284,5238,2103,2117
0.050622,8162,2127,2135
0.050554,7162,2090,2109
0.050548,8550,2076,2056
0.050484,9828,2069,2082
0.050363,6880,2074,2093
0.050578,4675,2055,2055
0.050533,4727,2075,2080
0.050322,7155,2045,2046
0.050827,2750,2150,2155
0.050236,2202,2091,2066
0.050754,2863,2109,2103
0.050419,2608,2097,2078
0.050092,4054,2085,2079
0.050241,4524,2082,2083
0.050103,5567,2080,2069
0.050138,7739,2031,2029
0.050166,6838,2067,2076
0.050110,6051,2098,2097
0.050586,6326,2088,2093
0.050661,6278,2097,2106
0.050080,6618,2044,2048
0.050493,7353,2084,2095
0.050804,8807,2147,2164
0.050594,4377,2079,2086
0.050111,5118,2074,2073
0.050764,5874,2099,2088
0.050499,5731,2087,2079
0.050678,7209,2081,2084
0.050123,4224,2073,2079
0.050791,1828,2087,2045
0.050462,6658,2075,2043
0.050651,11974,2099,2119
0.050089,13457,2049,2065
0.050654,9569,2129,2147
0.050593,3621,2105,2129
0.050653,783,2096,2083
0.050010,4088,2040,1993
0.050692,6516,2138,2124
0.050703,8044,2094,2099
0.050572,5332,2086,2088
0.050069,4390,2039,2021
0.050854,6179,2127,2107
0.050581,5236,2109,2104
0.050745,5117,2098,2093
0.050159,5238,2036,2032
0.050412,6754,1937,1944
0.050702,4720,1819,1815
0.050648,-96,1666,1653
0.050550,-1958,1496,1487
0.050144,6790,1310,1305
0.050703,4632,1142,1146
0.050616,4058,970,965
0.050566,5890,808,802
0.050040,8484,632,644
0.050637,6511,475,444
0.050758,3590,285,358
0.050661,14325,92,582
0.050209,31163,-82,571
0.050530,75341,-327,758
0.050599,121652,-615,1117
0.050580,155111,-885,1206
0.050334,158535,-1039,1226
0.050565,165200,-1133,1242
0.050511,159859,-1167,1218
0.050671,157282,-1140,1159
0.050187,158275,-1143,1134
0.050739,158168,-1134,1142
0.050541,157607,-1141,1146
0.050526,157313,-1094,1112
0.050048,151707,-1143,1151
0.050611,160095,-1136,1140
0.050771,158625,-1172,1150
0.050626,157699,-1169,1140
0.050085,152544,-1051,1061
0.050654,140196,-1017,1015
0.050646,137481,-875,880
0.050656,122940,-744,727
0.050634,100671,-585,551
0.050105,67080,-398,352
0.050588,33207,-228,194
0.050097,8621,-102,145
0.050127,-152,-63,80
0.050088,-63,-71,39
0.050703,2319,-28,51
0.050627,5403,-35,5
0.050647,7371,-26,0
0.050083,7574,-11,0
0.050619,6246,-3,0
0.050150,5268,0,0
0.051058,6296,0,0
0.050973,6178,0,0
0.050030,6257,21,17
0.050218,7107,240,109
0.050232,4280,435,39
0.050240,-37331,665,15
0.050077,-74192,1128,-49
0.050140,-87439,1455,-172
0.050014,-106347,1668,-224
0.050936,-112997,1739,-180
0.050990,-132120,1832,-267
0.050986,-148118,1812,-412
0.051045,-159364,1897,-494
0.051020,-160334,1947,-546
0.050008,-156023,1902,-523
0.050946,-154168,1874,-513
0.050061,-145772,1840,-507
0.050968,-158348,1894,-515
0.050026,-151923,1881,-501
0.051021,-154680,1896,-529
0.050375,-148943,1890,-537
0.050993,-156920,1880,-551
0.050984,-163811,1883,-562
0.051028,-146728,1815,-569
0.050984,-152321,1784,-568
0.050021,-150131,1686,-550
0.050056,-143431,1566,-541
0.050113,-135766,1427,-482
0.050120,-115550,1291,-401
0.050108,-90948,1117,-265
0.051021,-64372,975,-142
0.051068,-46269,806,-91
0.050964,-32699,639,-44
0.050818,-23235,449,-12
0.050146,-15608,285,0
0.050865,-4683,143,0
0.050917,8489,79,1
0.050756,10219,72,0
0.050844,13567,22,0
0.050227,11643,9,1
0.050750,6921,79,-9
0.051002,-6144,216,-147
0.050841,-47038,489,-332
0.050821,-82554,856,-504
0.050669,-121791,1098,-812
0.050180,-149345,1225,-999
0.050395,-160319,1159,-1037
0.050322,-150501,1057,-1020
0.050255,-140922,902,-924
0.050194,-100567,734,-732
0.050268,-61572,573,-537
0.050126,-38492,393,-353
0.050116,-15215,229,-180
0.050130,207,122,-117
0.051020,7254,86,-60
0.050068,9195,35,-38
0.050201,8430,43,-30
0.050001,7647,12,-13
0.050046,5994,1,-3
0.050235,5179,47,-59
0.050432,-1217,244,-225
0.050100,-38203,382,-393
0.050096,-85047,590,-577
0.051069,-103815,789,-767
0.050061,-109005,806,-779
0.050070,-102845,760,-785
0.050291,-98356,746,-777
0.050238,-82469,596,-626
0.050130,-72737,442,-470
0.050114,-50614,273,-300
0.051000,-11832,122,-144
0.050986,13975,93,-93
0.050061,18369,62,-42
0.050158,15532,108,-81
0.050432,-1472,241,-143
0.051013,-46729,446,-439
0.051005,-103483,816,-791
0.050124,-139348,1029,-1015
0.050158,-144144,1131,-1123
0.050165,-152547,1151,-1166
0.050208,-150162,1146,-1177
0.050170,-146514,1127,-1143
0.050196,-135303,1100,-1121
0.050181,-137983,1039,-1053
0.050070,-122136,925,-952
0.050066,-113582,794,-819
0.050065,-97087,633,-650
0.050098,-78701,458,-479
0.050088,-48973,311,-315
0.050090,-9284,143,-135
0.050014,16883,96,-91
0.050028,17432,56,-41
0.051068,14743,56,-24
0.050048,7236,11,-34
0.050029,3654,0,-4
0.050997,5798,2,163
0.050941,10834,48,458
0.050143,35229,154,525
0.051000,59015,155,846
0.050939,57490,289,1137
0.050972,59039,472,1337
0.050992,57089,509,1381
0.050994,51113,536,1358
0.050947,45655,583,1293
0.050072,42880,797,1217
0.050072,36409,863,1109
0.050066,30147,775,949
0.051016,22501,682,802
0.050236,17178,658,608
0.050264,-2463,804,401
0.050090,-50051,1005,210
0.050316,-78267,1377,83
0.050127,-112721,1680,-59
0.050636,-127201,1915,-265
0.050866,-159078,2113,-624
0.050510,-189601,2072,-1004
0.050018,-218564,2078,-1431
0.050598,-242128,2058,-1726
0.050701,-254970,1954,-1777
0.050613,-253705,1858,-1798
0.050153,-226589,1640,-1681
0.050805,-204577,1489,-1501
0.050445,-169057,1340,-1344
0.050665,-145153,1131,-1128
0.050130,-120099,965,-949
0.050771,-112511,811,-789
0.050385,-79809,626,-592
0.050714,-54395,465,-419
0.050701,-26659,299,-277
0.050097,-6620,143,-150
0.050522,7559,83,-81
0.050583,12756,31,-4
0.050802,14338,-179,176
0.050195,26321,-427,426
0.050498,87005,-646,605
0.050563,154184,-1128,1069
0.050093,205688,-1513,1476
0.050435,242955,-1687,1725
0.050218,253528,-1699,1764
0.050321,229269,-1646,1671
0.050679,220483,-1516,1506
0.050392,199079,-1368,1353
0.050385,167452,-1172,1151
0.050485,138591,-1014,987
0.050798,110406,-837,833
0.050050,95417,-660,666
0.050600,79127,-491,521
0.050647,58331,-310,325
0.050889,31836,-112,146
0.050246,4457,53,-52
0.050172,-17432,250,-267
0.050703,-61602,573,-609
0.050739,-118244,880,-866
0.050049,-145388,1078,-1052
0.051045,-152762,1162,-1183
0.050291,-151159,1149,-1208
0.050648,-149529,1187,-1198
0.050439,-147234,1150,-1129
0.050489,-132391,1045,-1019
0.050305,-126852,920,-907
0.050657,-107893,763,-770
0.050133,-85144,589,-605
0.050082,-65020,409,-426
0.050029,-26838,234,-257
0.050087,2611,135,-133
0.050982,14355,93,-81
0.050973,15809,45,-20
0.050055,9510,5,-1
0.050042,2909,0,0
0.051033,4365,64,-46
0.050004,-5199,264,-172
0.050126,-39496,427,-416
0.050993,-100382,824,-760
0.050041,-151911,1162,-1119
0.050961,-189404,1414,-1414
0.050988,-198224,1427,-1449
0.051015,-190092,1308,-1374
0.050034,-165033,1172,-1223
0.050959,-158423,1014,-1055
0.051048,-116210,848,-862
0.051013,-79534,678,-695
0.050983,-56319,497,-514
0.050026,-36499,323,-322
0.050978,-13809,167,-161
0.050936,3776,92,-110
0.050977,12460,66,-45
0.050863,14673,109,4
0.051036,11308,276,179
0.049995,-10598,408,443
0.050049,-24153,746,550
0.050015,-5938,1001,774
0.051016,6916,1164,1130
0.051030,11877,1258,1278
0.049984,11343,1282,1327
0.050521,9399,1315,1348
0.050994,8526,1330,1355
0.050931,7266,1315,1338
0.050956,4981,1333,1362
0.051024,6281,1327,1298
0.050985,5713,1346,1351
0.050923,4346,1438,1424
0.051009,3729,1598,1586
0.050997,4184,1702,1696
0.050963,4212,1876,1872
0.050003,4144,1939,1954
0.051021,10379,1967,2102
0.050982,17936,1852,2152
0.050105,19150,1738,2088
0.051047,22496,1869,2145
0.050889,23928,1775,2134
0.050982,28808,1626,2122
0.050986,44197,1451,2066
0.050959,59067,1331,2105
0.051028,64585,1256,2128
0.050955,68116,1189,2087
0.051018,74081,1049,2096
0.050000,73728,878,2086
0.050983,88568,837,2104
0.050928,90673,808,2092
0.051010,95146,816,2099
0.050916,100646,810,2052
0.050992,92258,820,2096
0.050978,95064,849,2100
0.050959,88768,879,2087
0.050061,87005,867,2056
0.050915,80554,945,2090
0.051033,83312,1051,2148
0.050954,67945,1202,2145
0.050996,50752,1451,2117
0.050046,30962,1683,2051
0.050014,14362,1897,2083
0.050000,4073,2015,2058
0.050077,6568,2052,2069
0.050991,6036,2137,2172
0.050923,4868,2131,2138
0.050949,5239,2083,2093
0.050861,6594,2137,2057
0.050941,3360,2117,1974
0.050108,-2760,2099,1800
0.051046,-13623,2145,1673
0.049990,-25835,2059,1443
0.050845,-47272,2123,1327
0.050900,-64661,2128,1150
0.050078,-68714,2115,961
0.050153,-75406,2076,787
0.050102,-85384,2005,610
0.050109,-93685,2066,512
0.051031,-104812,2117,586
0.051024,-97055,2093,695
0.050061,-90499,2062,861
0.050269,-66648,2058,1031
0.050244,-33752,2041,1395
0.050220,-11907,2057,1786
0.050345,1748,2070,1979
0.050304,7978,2131,2107
0.050040,8485,2071,2095
0.051046,3968,2097,2122
0.050926,2793,2127,2126
0.050626,3781,2093,2086
0.050494,4835,2145,2074
0.050327,4499,2087,1941
0.050031,989,2077,1804
0.051042,-7331,2118,1678
0.050656,-27580,2056,1471
0.050685,-48112,2102,1327
0.050650,-59869,2073,1136
0.050080,-60633,2049,963
0.050674,-74166,2086,794
0.050596,-94533,2084,623
0.050000,-99869,2075,586
0.050104,-101022,2096,689
0.050061,-93550,2078,809
0.051106,-80619,2072,974
0.050017,-61017,2078,1170
0.050498,-25987,2107,1581
0.050693,-1522,2063,1872
0.050732,9782,2135,2109
0.050863,16706,2109,2130
0.050595,10795,2132,2184
0.050732,6572,2096,2131
0.050859,2503,2142,2151
0.050699,1458,2091,2102
0.050737,3849,2106,2071
0.050109,7131,2084,2068
0.050196,8690,2095,2086
0.050083,8482,2076,2089
0.050072,7944,2072,2085
0.050106,5847,2082,2095
0.050005,4231,2074,2081
0.050307,3723,2076,2069
0.050124,5137,2086,2072
0.050131,5593,2068,2067
0.050160,4759,2060,2055
0.050307,4794,2077,2069
0.050064,4417,2044,2040
0.050119,4661,2076,2059
0.050407,3564,2135,2054
0.050243,-2008,2067,1871
0.050013,-8217,2077,1708
0.051025,-15442,2123,1560
0.050007,-33272,2074,1370
0.051056,-56120,2125,1225
0.050116,-65325,2072,1056
0.051069,-67321,2070,1061
0.049978,-66928,2058,1124
0.050107,-61661,2055,1135
0.050107,-59649,2055,1125
0.050081,-49603,2067,1233
0.050091,-45141,2090,1465
0.050155,-22566,2093,1713
0.051015,-1056,2121,1954
0.050096,4990,2070,2031
0.050997,8917,2146,2143
0.050999,7586,2082,2101
0.050470,7170,2139,2148
0.050015,6300,2087,2091
0.050019,5132,2052,2052
0.051055,1670,2149,2122
0.050881,3517,2123,2085
0.050406,8941,2091,2076
0.050407,10190,2123,2139
0.050347,5095,2101,2117
0.050448,4493,2089,2084
0.050039,5197,2069,2055
0.050181,6910,2086,2077
0.050137,8129,2069,2079
0.051039,6030,2125,2139
0.050166,5099,2072,2070
0.051032,4446,2074,2068
0.051007,5391,2123,2108
0.050000,5536,2094,2093
0.050979,4371,2075,2073
0.051025,5102,2124,2114
0.051024,4886,2121,2115
0.051030,5961,2103,2095
0.051033,5007,2128,2137
0.050023,5300,2094,2093
0.050055,6189,2079,2081
0.051011,5656,2078,2081
0.051004,5250,2119,2121
0.050899,4649,2084,2077
0.050922,5580,2115,2112
0.051005,6644,2129,2133
0.050534,5488,2075,2081
0.050998,6515,2071,2073
0.050956,5892,2101,2118
0.051003,1806,2136,2128
0.050359,5098,2091,2084
0.050016,8670,2074,2084
0.050488,6802,2096,2116
0.050230,6575,2024,2028
0.050005,6799,2088,2095
0.050088,5449,2057,2055
0.050297,6203,2047,2042
0.050609,7357,2116,2128
0.050097,2054,2032,2016
0.050040,3179,2071,2035
0.051035,9734,2116,2101
0.050999,10918,2109,2136
0.051017,7792,2141,2170
0.050046,4998,2043,2059
0.051056,2548,2122,2116
0.051057,4326,2127,2084
0.050993,7838,2119,2104
0.050179,6387,2074,2076
0.050962,5602,2073,2068
0.050079,4566,2073,2063
0.050977,4588,2084,2063
0.050049,4879,2085,2074
0.050022,4677,2025,2024
0.050025,4837,2077,2070
0.051035,5084,2089,2081
0.050998,5842,2137,2129
0.050978,5511,2072,2073
0.050152,4056,2105,2100
0.050063,5178,2028,2019
0.050225,5986,2074,2074
0.050158,6217,2035,2041
0.050140,5311,1944,1953
0.050052,2443,1794,1781
0.049990,1073,1657,1654
0.050001,2157,1485,1480
0.050122,8739,1295,1291
0.050288,4457,1139,1146
0.050987,6847,1000,994
0.050255,7530,815,842
0.051022,7537,632,845
0.050052,13620,466,960
0.051011,41277,286,1066
0.051085,87557,86,1288
0.051029,125210,-64,1684
0.050924,149667,-272,1995
0.050691,177606,-629,2017
0.051195,204663,-1079,2043
0.050824,199010,-1232,1850
0.050408,214715,-1269,1688
0.050791,202381,-1264,1528
0.050571,184218,-1132,1352
0.050544,155894,-979,1178
0.050303,134956,-795,1001
0.050268,106093,-616,835
0.050301,81998,-452,673
0.050158,49906,-261,461
0.050043,15581,-113,302
0.050088,2240,-81,144
0.050108,-1720,-66,33
0.050282,-1214,-68,42
0.050008,17365,-211,241
0.050991,67958,-451,460
0.050949,118753,-871,862
0.050953,167152,-1180,1197
0.050999,219136,-1477,1512
0.051024,216532,-1525,1580
0.050005,221423,-1476,1538
0.050067,205852,-1373,1404
0.050060,189998,-1326,1332
0.051029,161035,-1184,1183
0.050001,143501,-1030,1024
0.051038,121494,-894,880
0.050102,98438,-700,681
0.050044,83737,-544,521
0.050609,63990,-383,351
0.050621,32973,-206,171
0.050187,14412,-118,124
0.050332,3654,-56,70
0.050129,286,-63,28
0.050127,-122,-27,6
0.050672,-120,-6,1
0.050481,773,19,44
0.050447,4512,190,265
0.050678,18656,504,407
0.050249,26012,654,778
0.050025,9100,1060,1128
0.050243,5443,1328,1315
0.050490,5367,1639,1667
0.051006,13322,1724,1747
0.050682,17074,1713,1769
0.050682,14741,1760,1803
0.050623,1285,1665,1751
0.050208,3100,1524,1699
0.050738,19023,1391,1597
0.050400,24409,1253,1585
0.050641,30300,1068,1592
0.050069,40583,899,1713
0.050718,67191,748,1804
0.050618,99951,568,1937
0.050036,107784,395,1971
0.051001,125205,249,2065
0.050290,137665,44,2016
0.050622,144031,0,1908
0.050191,98748,55,1884
0.051042,122242,266,1936
0.050138,115580,457,1874
0.050106,94830,611,1883
0.050010,65254,912,1971
0.050135,61491,1243,2056
0.050026,52964,1476,2085
0.050995,27906,1770,2135
0.050078,13305,1956,2110
0.050084,8428,2030,2112
0.050073,6700,1996,2035
0.050051,6920,2052,2081
0.050572,6693,2054,2077
0.051043,7917,2103,2117
0.050072,8848,2044,2080
0.050320,2513,2053,2064
0.050015,4259,2044,2023
0.050181,11363,2083,2088
0.050114,13137,2076,2121
0.050585,10093,2096,2125
0.051046,6191,2126,2151
0.050309,2442,2088,2101
0.050076,2317,2047,2031
0.050066,4728,2083,2033
0.050121,6132,2085,2059
0.050341,5622,2081,2080
0.050999,5067,2078,2060
0.050076,5278,2081,2075
0.050915,4401,2089,2086
0.051028,4104,2164,2153
0.050957,3803,2149,2141
0.050002,4282,2048,2036
0.050997,4666,2141,2134
0.050409,5470,2089,2077
0.051042,6258,2117,2104
0.050733,5441,2092,2085
0.051026,6178,2066,2056
0.050207,7323,2079,2080
0.050987,6488,2085,2082
0.050093,5153,2068,2071
0.050420,5124,2096,2088
0.050619,4246,2089,2082
0.051030,1804,2092,2075
0.050141,2266,2083,2058
0.050210,4242,2086,2069
0.050608,5424,2078,2062
0.051029,2159,2133,2127
0.050986,3801,2109,2091
0.050572,5582,2132,2114
0.050983,4521,2084,2094
0.050054,4658,2096,2093
0.050026,5008,2042,2032
0.051028,8577,2125,2124
0.050041,7883,2061,2062
0.049995,3925,2064,2040
0.050036,6581,2027,2009
0.050112,11108,2082,2102
0.050044,9216,2082,2124
0.050202,4717,2052,2071
0.050105,3506,2076,2058
0.050167,2505,2084,2062
0.050025,5291,2045,2002
0.050195,5610,2082,2078
0.050105,6373,2082,2072
0.050607,6119,2095,2094
0.050025,4479,2054,2053
0.050317,6483,2056,2037
0.050124,5229,2102,2108
0.050085,4067,2072,2062
0.050011,4772,2089,2067
0.050027,5997,2073,2059
0.050143,6730,2054,2054
0.050133,6265,2109,2115
0.050024,5497,2051,2030
0.050179,1185,2061,1935
0.050138,-2045,2075,1794
0.050113,-7577,2069,1631
0.050068,-27018,2097,1494
0.050197,-46427,2079,1305
0.050179,-59725,2054,1132
0.050192,-65417,2084,985
0.050104,-74095,2028,792
0.050251,-82864,2052,665
0.050112,-94176,2058,649
0.050099,-97820,2096,670
0.050131,-95403,2066,679
0.050019,-89906,2087,778
0.050034,-78377,2097,885
0.050234,-66832,2056,942
0.050971,-59021,2139,1119
0.050955,-50564,2101,1153
0.050997,-53067,2101,1187
0.050982,-52844,2106,1248
0.051011,-48810,2136,1343
0.050988,-35951,2091,1532
0.050984,-17420,2097,1784
0.051011,-3222,2089,1909
0.051004,1183,2118,1942
0.050091,-2466,2104,1838
0.050942,-9078,2111,1681
0.050019,-21448,2061,1465
0.050072,-47073,2102,1357
0.050066,-53195,2051,1284
0.050003,-56787,2047,1255
0.050613,-60577,2085,1261
0.050066,-48379,2031,1193
0.050070,-42656,2044,1264
0.051002,-36759,2089,1368
0.050007,-31404,2056,1381
0.050980,-35073,2137,1422
0.051055,-38120,2083,1405
0.050988,-38601,2097,1483
0.051025,-37638,2126,1679
0.051022,-21420,2076,1728
0.050984,1258,2077,1928
0.051020,8152,2096,2076
0.050255,12773,2086,2095
0.051041,10381,2075,2121
0.051018,6698,2100,2164
0.050980,8169,1946,2100
0.050947,11065,1817,2094
0.050972,20595,1686,2140
0.050997,37303,1491,2110
0.050964,60977,1321,2106
0.050061,71251,1139,2105
0.050999,76239,966,2079
0.050996,87230,798,2079
0.050972,99176,616,2078
0.050994,110449,468,2074
0.051022,121160,280,2101
0.051006,132250,83,2060
0.050105,144273,-79,2014
0.050051,155433,-318,2068
0.050998,176289,-676,2065
0.051004,207067,-1057,2072
0.050966,238758,-1476,2094
0.051012,277670,-1838,2153
0.050979,267622,-1967,2082
0.051002,302760,-2139,2164
0.050014,270515,-2075,2062
0.051016,280906,-2093,2084
0.051023,295498,-2127,2107
0.050955,268406,-2071,2087
0.050056,282347,-2075,2073
0.050574,283359,-2086,2074
0.050981,279898,-2126,2094
0.050987,293939,-2122,2082
0.050025,270708,-2027,2040
0.050950,287678,-2087,2145
0.050998,286290,-2037,2067
0.051026,273943,-2024,1989
0.051010,270142,-1859,1831
0.050963,226804,-1655,1632
0.051037,209965,-1530,1549
0.051031,186225,-1322,1548
0.050052,175721,-1158,1692
0.051054,177072,-997,1768
0.050071,195411,-792,1856
0.050085,199684,-628,2009
0.050181,167998,-448,2066
0.051049,160441,-299,2176
0.051001,153944,-101,2195
0.050027,131021,113,2066
0.050992,137454,413,2123
0.051007,108597,634,2110
0.050010,71974,975,2006
0.051048,39311,1499,2094
0.051045,18850,1886,2134
0.050020,10118,1985,2080
0.051050,5716,2041,2012
0.049996,1458,2090,1907
0.050071,-3987,2005,1666
0.050954,-19447,2113,1592
0.050997,-41281,2108,1405
0.050984,-54066,2046,1197
0.050987,-58733,2061,1047
0.050977,-65890,2051,891
0.050964,-78896,1996,758
0.049998,-82280,1946,609
0.050990,-87732,1920,473
0.051035,-91765,1919,478
0.050990,-89570,1894,554
0.050147,-89594,1850,707
0.050991,-78046,1989,899
0.050579,-44126,1999,1185
0.050994,-19861,2010,1618
0.050992,-2677,2122,1964
0.050993,7858,2122,2073
0.050124,9670,2088,2103
0.050042,6201,2081,2109
0.050959,5720,2087,2090
0.051004,7882,2078,2112
0.050050,7804,1938,2086
0.050008,9220,1819,2039
0.050020,17878,1709,1993
0.050963,28158,1956,2142
0.050053,29771,1995,2101
0.050980,24765,2022,2139
0.050997,11753,1943,2052
0.050953,3977,2088,2098
0.050107,5456,2090,2066
0.050079,6692,2093,2097
0.050991,4167,2083,2099
0.050981,2728,2138,2136
0.050089,3491,2077,2054
0.050957,4240,2139,2125
0.050963,6010,2114,2100
0.050950,6128,2079,2078
0.051046,5019,2113,2106
0.050018,5770,2069,2056
0.051002,5886,2154,2145
0.050990,5930,2096,2086
0.051003,3930,2134,2103
0.050968,934,2123,1973
0.050067,-3603,2089,1801
0.051036,-9608,2122,1664
0.050054,-26372,2050,1542
0.050997,-36928,2134,1790
0.050993,-29220,2134,1926
0.051034,-8178,2144,1918
0.051027,6275,2059,2008
0.050973,10474,2118,2137
0.050993,11495,2120,2173
0.050992,9357,2127,2138
0.050506,2545,2079,2044
0.050928,1930,2161,2145
0.051038,3019,2091,2091
0.050962,2141,2162,2153
0.050991,4501,2123,2109
0.050056,3592,2054,2008
0.050075,1913,2059,1936
0.051019,-230,2063,1790
0.050986,-12183,2120,1660
0.050929,-27792,2114,1483
0.050017,-46130,2067,1293
0.050128,-60044,2079,1132
0.050981,-61355,2083,983
0.050927,-72385,2041,802
0.051002,-83550,2057,680
0.051013,-98487,2081,575
0.051001,-98824,2056,520
0.051035,-96442,2087,534
0.050976,-95520,2104,594
0.050035,-101191,2079,689
0.050968,-93006,2117,856
0.051027,-79002,2086,944
0.050992,-60151,2117,1148
0.050985,-31194,2107,1501
0.051037,-8514,2106,1828
0.050965,2697,2071,1986
0.051000,9565,2137,2102
0.051033,9517,2142,2162
0.050951,5274,2125,2154
0.050971,5172,2123,2130
0.051010,5528,2117,2061
0.051000,965,2118,1961
0.050929,-3857,2125,1832
0.050031,-10115,2077,1641
0.050032,-23872,2022,1438
0.050966,-44691,2123,1338
0.050972,-64171,2114,1154
0.051008,-70586,2091,977
0.050991,-72962,2056,789
0.050999,-90068,2115,618
0.050421,-105957,2035,432
0.051000,-109009,2064,313
0.050966,-112632,2016,258
0.051015,-115021,2013,250
0.050024,-104435,1947,233
0.051075,-108074,1969,209
0.049992,-110453,1954,178
0.051011,-112170,1997,176
0.050943,-111738,2007,228
0.051017,-111293,1996,270
0.051012,-111100,2007,318
0.051012,-110885,2080,365
0.050923,-109331,2058,371
0.050632,-109107,2117,399
0.050012,-101161,2047,445
0.050372,-98447,2097,559
0.051052,-83725,2111,763
0.050499,-74966,2077,1011
0.051010,-45208,2073,1311
0.050348,-18400,2090,1678
0.050132,189,2068,1930
0.050024,7717,2045,2019
0.051078,10001,2133,2147
0.051033,6484,2120,2143
0.050901,5752,2115,2127
0.051052,6567,2118,2115
0.051028,7599,2086,2094
0.050037,8417,2079,2100
0.051026,6202,2101,2118
0.050094,5296,2087,2088
0.050169,4976,2086,2081
0.051040,5616,2101,2096
0.050037,7269,2086,2086
0.050051,6718,2093,2102
0.050006,2179,2078,2058
0.050037,5829,2035,2004
0.049991,11849,2088,2096
0.051070,8735,2129,2150
0.051031,4666,2104,2122
0.051032,2394,2096,2106
0.050476,2747,2088,2039
0.050006,8285,2060,2028
0.050002,9764,2066,2075
0.050981,7527,2072,2093
0.050131,6643,2059,2072
0.050980,5619,2064,2074
0.050947,6206,2079,2078
0.050016,6881,2063,2070
0.050040,6848,2057,2069
0.050971,6419,2078,2087
0.051068,6110,2130,2129
0.050956,7124,2088,2092
0.051013,6404,2130,2112
0.050410,1976,2099,1977
0.050444,-4097,2063,1806
0.050106,-8970,1980,1616
0.050179,-16945,1914,1480
0.050306,-32279,1755,1296
0.050047,-43513,1613,1143
0.050982,-41158,1473,993
0.050245,-18671,1265,792
0.051075,-20498,1121,632
0.050059,-28417,926,431
0.050065,-27909,754,283
0.051006,-23054,735,96
0.050055,-27938,819,-54
0.051030,-37782,738,-196
0.050969,-72318,716,-480
0.050140,-99309,861,-638
0.050207,-104064,888,-765
0.051021,-118180,906,-867
0.050054,-112725,884,-898
0.051054,-107275,870,-938
0.050216,-115397,893,-929
0.050017,-115749,915,-938
0.050957,-114297,902,-909
0.051050,-113484,918,-926
0.050022,-115827,911,-911
0.051039,-116156,923,-942
0.050964,-114285,911,-926
0.050555,-114694,901,-908
0.051003,-114639,935,-931
0.050139,-114876,918,-919
0.051045,-112557,911,-917
0.050994,-114668,914,-899
0.050180,-117087,933,-938
0.050059,-112849,899,-905
0.051012,-123219,951,-947
0.051012,-117084,953,-936
0.050052,-117172,900,-903
0.051046,-110757,934,-934
0.051032,-102130,936,-936
0.050089,-119665,947,-944
0.050492,-120648,923,-917
0.050137,-111254,913,-915
0.051067,-115407,922,-935
0.050333,-118260,920,-927
0.050611,-123937,943,-929
0.050550,-120214,938,-942
0.050169,-131835,947,-934
0.050709,-124705,976,-975
0.050991,-124762,982,-947
0.050273,-126494,1007,-999
0.050049,-131548,1031,-1009
0.050452,-132578,1077,-1070
0.051018,-147886,1148,-1144
0.050398,-162344,1174,-1185
0.051037,-152743,1209,-1215
0.051012,-194349,1446,-1460
0.050984,-133662,1008,-1021
0.049998,-164405,1225,-1231
0.051034,-163098,1286,-1283
0.051024,-163861,1228,-1210
0.051061,-166221,1173,-1180
0.050026,-139431,1141,-1049
0.050062,-130931,1319,-899
0.050072,-119154,1433,-724
0.050086,-144430,1562,-565
0.050095,-161468,1848,-402
0.050076,-154595,1969,-209
0.050636,-147919,2102,-1
0.050177,-110668,2051,122
0.050069,-101246,2024,483
0.050198,-76719,2063,818
0.050175,-47711,1994,1170
0.050982,-20167,2092,1634
0.050955,-3303,2084,1918
0.051047,4404,2116,2064
0.050978,8879,2095,2081
0.051068,6949,2135,2155
0.050020,7523,2072,2110
0.050031,9219,2010,2054
0.050110,9470,2073,2098
0.050186,10830,2026,2050
0.050134,10014,2042,2064
0.050457,8701,2043,2065
0.050273,7127,1998,2021
0.050019,6735,2031,2077
0.050943,8997,1939,2094
0.050141,13765,1818,2083
0.050380,17221,1648,2050
0.050218,26734,1481,2047
0.050303,53720,1309,2046
0.050994,70115,1285,2110
0.050195,66556,1425,2048
0.050144,60599,1511,2018
0.050359,24406,1683,2042
0.050648,3411,1845,1930
0.050193,227,1819,1827
0.050047,445,1670,1816
0.050075,13144,1479,1864
0.051054,39805,1458,2006
0.051027,51823,1667,2002
0.051047,44026,1628,1906
0.050074,13819,1790,2018
0.050159,7814,2063,2066
0.050208,8088,2105,2126
0.051053,5403,2144,2164
0.050184,2776,2085,2097
0.050223,1097,2094,2087
0.050456,5306,2077,2046
0.051014,6273,2081,2068
0.050061,2072,2081,2041
0.051051,6686,2098,2049
0.050962,12220,2109,2111
0.050016,11647,2082,2112
0.050117,7668,2028,2047
0.050223,2774,2044,2058
0.050058,-212,1947,1949
0.051055,1585,1847,1976
0.050065,8229,1653,1995
0.050087,29733,1559,1940
0.050008,38377,1749,2017
0.051059,39439,1915,2014
0.050085,22279,1838,2039
0.050023,4515,1994,2053
0.050009,1862,2052,2043
0.051070,1305,2147,2139
0.051045,3211,2139,2123
0.051013,6672,2133,2123
0.051027,7590,2087,2093
0.051000,7556,2121,2129
0.051007,6735,2119,2129
0.051041,7851,2068,2073
0.051053,7224,2096,2114
0.051034,7395,2102,2124
0.051055,6591,2045,2055
0.051043,8746,2048,2074
0.050988,3517,1892,1923
0.050365,5,1783,1850
0.050918,2350,1624,1879
0.050885,16851,1542,1894
0.050997,35761,1746,1920
0.050038,42762,1847,1947
0.051030,22374,1809,2049
0.050895,3381,1998,2031
0.051017,2897,2149,2130
0.050044,3530,2095,2087
0.051036,3708,2138,2123
0.050000,5931,2045,2031
0.050400,8002,2120,2120
0.050962,3553,2067,2055
0.051006,4698,2114,2077
0.050885,9322,2100,2085
0.050392,11026,2034,2084
0.051062,7673,1960,2116
0.050528,8860,1795,2037
0.050956,16999,1769,2062
0.050551,23974,1922,2053
0.051057,27543,1982,2055
0.050979,19906,1955,2087
0.050347,6511,1984,2042
0.050673,2711,2110,2094
0.050956,4285,2075,2046
0.050975,5437,2127,2117
0.050465,4201,2061,2053
0.049990,3943,2058,2050
0.050976,5479,2068,2053
0.050317,5796,2042,2043
0.051014,6192,2110,2114
0.050328,5711,2043,2046
0.051052,4437,2092,2091
0.050969,5178,2087,2077
0.050523,6087,2046,2047
0.050607,4592,2061,2066
0.050109,4782,2052,2045
0.051090,5510,2094,2099
0.050170,7279,2039,2052
0.050988,3018,2011,2016
0.050018,265,2060,2046
0.050018,2329,2090,2067
0.050009,6240,2023,2001
0.050495,7503,2123,2136
0.051023,9071,2075,2095
0.051014,6737,2110,2126
0.050340,6643,2059,2065
0.051054,6467,2096,2092
0.050806,5125,2053,2050
0.050882,6306,2087,2091
0.050356,3902,2040,2045
0.050714,570,2059,2021
0.050015,5795,2059,2015
0.050972,11328,2090,2101
0.050502,11548,2066,2100
0.050494,6554,2064,2075
0.050040,3231,2058,2082
0.050922,1964,2100,2083
0.051050,6511,2071,2041
0.050075,8692,2058,2043
0.050092,9325,2025,2041
0.050065,5440,2096,2117
0.050267,4833,2072,2068
0.050675,5946,2053,2059
0.050693,3014,2126,2133
0.050002,4404,2019,1996
0.050692,5168,2075,2074
0.050016,8103,1992,1980
0.050182,8169,2040,2061
0.050629,7301,2040,2056
0.050061,6584,2008,2021
0.050412,4372,2034,2037
0.051039,5073,2076,2065
0.050074,6425,2018,2021
0.050874,5025,2024,2025
0.050055,5543,2023,2019
0.050930,7094,2079,2088
0.051017,7257,2024,2046
0.050018,2752,2021,2026
0.050987,3973,2048,2027
0.050015,6772,2030,2026
0.051036,5104,2026,2026
0.051050,5910,2057,2052
0.050966,5851,2016,2018
0.050975,4385,2061,2056
0.051033,5089,1998,1988
0.050005,2876,1911,1926
0.050945,-1121,1824,1829
0.051028,-1340,1710,1696
0.049998,905,1470,1475
0.050103,11203,1354,1342
0.050512,15252,1164,1158
0.051048,8236,1006,994
0.050883,1253,835,842
0.050019,8838,641,647
0.050091,8770,482,476
0.051005,1612,319,304
0.050955,4722,161,132
0.051030,9807,94,104
0.050967,12193,-4,152
0.050977,13566,-189,316
0.050953,35518,-402,445
0.050963,101900,-662,712
0.050166,161552,-1072,1162
0.050786,199735,-1357,1438
0.050818,214294,-1511,1490
0.050814,215924,-1527,1522
0.050364,201872,-1492,1505
0.050457,203288,-1429,1468
0.050373,194023,-1303,1328
0.050219,179823,-1162,1163
0.051018,156646,-1054,1036
0.051058,145714,-873,840
0.051008,96705,-694,646
0.049995,59099,-492,492
0.050147,36240,-333,352
0.050824,25632,-189,182
0.050583,16178,-107,107
0.050640,8440,-138,109
0.050962,7798,-336,308
0.050141,39364,-390,384
0.050036,109573,-746,742
0.051051,166857,-1118,1093
0.050030,182279,-1184,1173
0.051053,171466,-1155,1175
0.050989,175425,-1000,1038
0.050984,149428,-830,845
0.051037,104591,-632,632
0.050084,46128,-473,455
0.051007,27847,-318,321
0.051021,16659,-159,151
0.050527,9673,-97,88
0.051026,5691,-39,40
0.050009,3826,-49,49
0.050060,5272,-23,10
0.050993,6376,-7,0
0.051051,5884,0,0
0.050045,5934,0,0
0.050298,5804,1,0
0.050399,5955,0,0
0.050084,6060,0,0
0.050433,6090,0,0
0.050515,5932,0,0
0.050474,6150,0,0
0.050268,6104,46,11
0.050312,7437,254,194
0.050339,13983,433,372
0.050278,7798,555,577
0.050378,4417,848,842
0.050355,8997,1094,1129
0.050368,16132,1184,1220
0.050343,15774,1174,1259
0.050598,11052,1188,1257
0.050035,6813,1166,1207
0.050986,4584,1072,1179
0.050006,6915,953,1216
0.051042,20819,815,1385
0.051014,53857,643,1610
0.051276,103163,451,1867
0.051018,127535,275,2013
0.051001,134676,96,2103
0.050969,150928,-75,2116
0.051020,149052,-298,2046
0.051049,181206,-510,1995
0.050985,179728,-639,1845
0.050964,163667,-652,1638
0.051026,156987,-542,1497
0.050991,137845,-393,1309
0.050982,99720,-210,1135
0.050987,81858,-61,958
0.051038,55797,89,879
0.050605,35100,347,934
0.051007,10781,723,1082
0.051009,9351,1151,1190
0.050112,9746,1499,1555
0.050016,8954,1769,1824
0.050948,8490,1977,2005
0.051036,10250,2093,2104
0.050919,10965,2135,2178
0.050056,8665,2075,2122
0.050981,2151,2068,2075
0.051023,4460,2127,2091
0.051047,9652,2126,2122
0.050198,10729,2073,2090
0.051007,8370,2086,2085
0.050065,5499,2066,2083
0.050112,1572,2043,2048
0.051002,1250,2046,2026
0.050948,4129,1970,1949
0.050999,4527,1833,1821
0.050985,4347,1782,1787
0.050989,4545,1624,1630
0.051052,10589,1462,1447
0.051005,6744,1318,1306
0.051009,3456,1134,1140
0.050971,4399,943,947
0.051010,7179,789,802
0.051008,6854,629,605
0.050040,2480,439,399
0.050105,1331,277,255
0.050013,6639,134,147
0.050020,9921,45,165
0.050037,9490,-134,332
0.051004,33096,-307,452
0.051068,105606,-687,689
0.050119,160412,-1141,1170
0.050095,196188,-1464,1508
0.050111,238506,-1703,1746
0.050117,241213,-1800,1839
0.050075,255826,-1822,1878
0.050048,251568,-1773,1818
0.050422,243338,-1688,1694
0.051014,230538,-1596,1578
0.050983,205578,-1429,1399
0.051011,168143,-1233,1206
0.050979,137126,-1078,1057
0.051031,119254,-897,879
0.050998,106380,-723,711
0.050068,84157,-519,500
0.050977,60129,-363,325
0.051065,24050,-195,155
0.051030,5160,-103,135
0.050993,806,-83,72
0.051019,1478,-20,16
0.051026,3791,0,20
0.050993,7049,0,52
0.050997,7635,0,30
0.051054,5658,0,5
0.050021,6080,1,0
0.050030,6179,0,0
0.050985,6184,52,38
0.050977,7615,260,263
0.050978,16572,443,410
0.050966,11207,631,654
0.050031,4333,955,963
0.051015,9276,1224,1261
0.051037,14897,1279,1346
0.050986,14347,1331,1381
0.050033,9444,1299,1353
0.051021,5430,1368,1423
0.050993,2922,1396,1384
0.050043,3878,1372,1350
0.051002,5536,1408,1403
0.050963,6376,1406,1408
0.050978,5302,1453,1443
0.051002,4114,1441,1439
0.050959,4809,1419,1416
0.051025,5687,1444,1426
0.050054,5894,1417,1405
0.050962,5755,1442,1439
0.051067,7586,1432,1423
0.050501,7270,1409,1421
0.050033,6704,1400,1418
0.050153,3209,1424,1411
0.050005,3727,1437,1403
0.050021,6673,1452,1439
0.051051,9489,1490,1502
0.051002,10902,1494,1525
0.050954,9458,1529,1565
0.051027,5581,1540,1554
0.049980,4805,1479,1478
0.051010,5964,1529,1519
0.050029,7368,1485,1471
0.051018,4651,1517,1518
0.050967,1147,1519,1514
0.050020,279,1449,1449
0.050030,1624,1431,1419
0.050983,2396,1352,1347
0.050957,2312,1289,1280
0.050993,8085,1222,1136
0.050007,8374,1205,947
0.050991,-8745,1354,767
0.050981,-35198,1450,627
0.051015,-72438,1496,480
0.050968,-83200,1667,312
0.050078,-90543,1636,63
0.050014,-108094,1664,-45
0.050116,-116761,1658,-81
0.050021,-119281,1621,-250
0.051033,-117325,1556,-302
0.050975,-121624,1465,-289
0.050988,-111545,1409,-228
0.050969,-100745,1442,-44
0.050014,-77584,1489,192
0.050034,-76133,1486,487
0.050089,-67902,1582,694
0.050114,-35469,1687,1097
0.051060,-5419,1855,1605
0.051078,5650,1904,1860
0.050008,9313,1941,1934
0.050963,8734,1949,1983
0.050464,6263,1992,2029
0.050971,5718,2062,2073
0.051022,6031,2080,2088
0.050981,5688,2069,2069
0.051008,6054,2100,2099
0.050965,4479,2066,2076
0.051003,3574,2110,2109
0.051001,4339,2115,2109
0.051009,5592,2072,2065
0.051013,6481,2098,2091
0.051005,6568,2107,2105
0.050077,6021,2037,2038
0.050991,5657,2145,2141
0.050964,6368,2086,2085
0.050892,8268,2112,2122
0.050861,5710,2134,2149
0.050009,3958,2014,2024
0.050956,4205,2052,2058
0.050938,-1205,1991,1980
0.050981,-1178,1866,1849
0.051008,2921,1755,1761
0.051028,12052,1567,1557
0.050898,14173,1414,1412
0.051007,4599,1219,1221
0.051005,5164,1080,1081
0.050962,8295,899,897
0.050970,7033,705,691
0.050982,5480,560,531
0.050918,5440,372,482
0.050961,12169,191,611
0.050997,27100,4,677
0.050978,74882,-176,862
0.050051,113980,-470,1208
0.050932,174122,-870,1563
0.051007,205437,-1260,1650
0.050993,229812,-1547,1726
0.050930,236443,-1632,1744
0.051008,232335,-1670,1722
0.050980,228921,-1698,1722
0.050975,227924,-1675,1679
0.050381,228744,-1652,1670
0.051039,228164,-1674,1683
0.050988,230818,-1695,1690
0.051007,244642,-1691,1720
0.050908,229834,-1638,1637
0.050944,206777,-1566,1540
0.050985,202929,-1413,1389
0.051022,183469,-1288,1249
0.050972,153826,-1089,1064
0.049991,123169,-934,902
0.050987,101437,-748,739
0.050995,87232,-591,577
0.050945,71387,-417,389
0.050974,38167,-229,183
0.050992,7246,-7,66
0.050027,-7637,182,47
0.051018,-22184,327,25
0.050970,-33871,554,100
0.050911,-35662,762,252
0.051058,-32962,1023,482
0.050984,-15575,1240,850
0.050966,-9866,1527,1288
0.050825,-1439,1686,1579
0.050916,5282,1832,1788
0.050934,10266,1879,1865
0.051003,12106,1919,1963
0.051052,4455,1933,1981
0.051021,-1217,1912,1923
0.050998,-184,1965,1943
0.050989,2278,1915,1882
0.050924,4555,1948,1923
0.051009,9116,1916,1916
0.051002,9183,1871,1888
0.050987,8944,1923,1931
0.050950,9560,1903,1918
0.050980,7190,1954,1968
0.051007,4217,1960,1964
0.050937,2914,1924,1920
0.051001,2656,1937,1930
0.050917,1304,1898,1880
0.050488,4518,1906,1879
0.051039,4755,1871,1862
0.050050,2857,1842,1814
0.051015,6384,1811,1778
0.050958,11178,1826,1840
0.051003,12391,1855,1902
0.050010,10092,1818,1865
0.050892,5801,1823,1856
0.051028,6135,1852,1850
0.050995,6565,1828,1820
0.050962,9713,1895,1902
0.050960,8683,1912,1939
0.050921,7542,1875,1891
0.050903,6073,1904,1923
0.050974,3274,1882,1884
0.050986,3530,1898,1885
0.050975,4734,1896,1897
0.050957,4117,1840,1832
0.051016,4917,1865,1853
0.050970,6462,1821,1809
0.050974,9652,1875,1858
0.051000,9321,1808,1827
0.051033,6854,1848,1867
0.050983,5565,1869,1871
0.050014,5555,1815,1820
0.050942,5889,1874,1875
0.050981,5712,1863,1864
0.050884,6435,1836,1843
0.050971,6551,1853,1864
0.051003,2525,1823,1818
0.050997,1645,1875,1865
0.051008,3933,1901,1883
0.050875,4081,1843,1833
0.051003,3865,1891,1890
0.051060,5818,1849,1841
0.050005,6085,1827,1829
0.050980,6555,1855,1857
0.050959,9333,1822,1828
0.050936,8064,1834,1853
0.050987,4854,1865,1869
0.050447,4573,1807,1804
0.050988,2998,1858,1859
0.050974,2767,1802,1780
0.051011,5031,1855,1837
0.050987,4864,1838,1837
0.051022,2515,1812,1788
0.051048,3287,1843,1800
0.051006,8244,1836,1801
0.050991,11375,1811,1818
0.050117,10044,1799,1829
0.050594,5059,1800,1814
0.050373,3464,1789,1770
0.050545,5059,1800,1771
0.050346,6335,1791,1774
0.050757,7736,1795,1784
0.050331,6239,1790,1791
0.050622,5759,1797,1792
0.050472,5349,1800,1793
0.050546,4917,1803,1790
0.050314,4935,1795,1776
0.050534,6180,1767,1752
0.050552,4872,1823,1825
0.050192,4350,1770,1757
0.050024,4956,1790,1776
0.050044,5467,1756,1745
0.050124,5119,1799,1792
0.050091,5618,1785,1776
0.050173,4593,1756,1752
0.050071,4759,1803,1790
0.050189,4768,1789,1779
0.050140,5024,1766,1756
0.050147,5990,1779,1778
0.050032,6394,1773,1784
0.050013,2295,1745,1744
0.050062,1772,1806,1782
0.051045,3946,1797,1775
0.050225,4526,1803,1789
0.050076,4602,1752,1732
0.050153,5647,1792,1775
0.050176,5983,1784,1779
0.050879,5178,1793,1786
0.050062,5756,1788,1779
0.050184,7128,1761,1762
0.050089,5830,1794,1798
0.050425,4294,1785,1783
0.050504,4086,1789,1782
0.050102,3209,1797,1780
0.049996,3614,1763,1740
0.050323,4737,1793,1780
0.050261,5069,1801,1792
0.051042,2227,1797,1763
0.050230,2114,1803,1762
0.051026,5913,1795,1758
0.051043,10274,1829,1829
0.051048,10365,1809,1843
0.050033,4634,1791,1805
0.051084,3861,1837,1821
0.050027,4519,1767,1748
0.051038,5124,1828,1805
0.050000,6403,1763,1747
0.050046,5643,1797,1785
0.050062,5615,1743,1730
0.050022,5061,1789,1779
0.051023,4687,1784,1772
0.051024,4599,1827,1804
0.049996,5904,1743,1734
0.050990,4758,1816,1820
0.049997,4781,1749,1742
0.051051,4910,1810,1804
0.051035,5677,1782,1774
0.050010,6188,1787,1782
0.051049,7041,1771,1773
0.050014,7414,1767,1776
0.050056,6372,1733,1744
0.051058,6368,1818,1825
0.050168,6202,1776,1780
0.050069,7537,1735,1747
0.051052,7001,1801,1830
0.050020,2169,1765,1757
0.049989,4170,1810,1782
0.050783,6401,1821,1817
0.050006,4835,1749,1745
0.051001,4692,1819,1803
0.050019,6345,1756,1751
0.050050,5681,1801,1803
0.050084,5507,1799,1794
0.050231,6162,1768,1764
0.050076,7351,1814,1824
0.050070,5524,1808,1809
0.050048,4422,1753,1738
0.049999,5294,1808,1799
0.051033,5193,1807,1794
0.051027,5078,1842,1829
0.050020,5814,1766,1756
0.051025,5444,1839,1835
0.050034,1943,1776,1747
0.050031,3137,1812,1761
0.051082,8753,1835,1803
0.050030,10671,1772,1787
0.050081,10843,1818,1834
0.050175,4892,1770,1784
0.051040,1709,1827,1825
0.050020,-760,1732,1699
0.051043,-2506,1544,1533
0.050094,-4165,1278,1264
0.050109,16342,1050,1032
0.051078,16909,788,709
0.050023,-16774,460,149
0.050002,-26712,173,0
0.051064,-813,-21,-1
0.051041,12214,-1,0
0.050024,22219,0,0
0.050046,16147,0,0
0.050020,1260,0,0
0.050048,-25,0,0
0.050289,3529,0,0
0.050034,7703,0,0
0.050016,8717,0,0
0.050009,5869,0,0
0.050102,5897,0,0
0.050812,6424,0,0
0.050071,6090,0,0
0.051042,5988,0,0
0.051059,6415,0,0
0.049989,6230,0,0
0.050121,6024,0,0
0.050042,5920,0,0
0.050047,6049,0,0
0.050162,6168,0,0
0.049971,5810,0,0
0.051053,6021,0,0
0.050042,6077,0,0
0.050026,6138,0,0
0.050010,6338,0,0
0.050056,5875,0,0
0.050223,6155,0,0
0.050083,5876,0,0
0.051049,6434,0,0
0.050015,6158,0,0
0.050046,5881,0,0
0.049997,5947,0,0
0.051061,6033,0,0
0.050038,6069,0,0
0.050017,6027,29,30
0.050147,5711,-25,-8
0.050023,6138,-4,0
0.050012,6111,0,0
0.051056,6076,0,0
0.050229,5723,0,0
0.050004,6064,0,0
0.051044,6195,0,0
0.050070,6165,0,0
0.050236,6214,0,0
0.050054,5774,0,0
0.050111,6448,0,0
0.050063,5820,0,0
0.050009,6045,0,0
0.051037,6100,0,0
0.051052,6005,0,0
0.051068,6278,0,0
0.051034,6242,0,0
0.050061,6123,0,0
0.050146,6161,0,0
0.050115,6182,0,0
0.050350,5998,0,0
0.050387,6092,0,0
0.050541,6113,0,0
0.050329,6201,0,0
0.050145,6145,0,0
0.050354,5884,0,0
0.050362,6147,0,0
0.050318,6129,0,0
0.050387,6088,0,0
0.050223,6150,0,0
0.051004,5859,0,0
0.051005,6229,0,0
0.051036,6192,0,0
0.050975,5999,0,0
0.051008,6100,0,0
0.051037,6361,0,0
0.051008,5761,0,0
0.050979,6025,0,0
0.051007,6148,0,0
0.050015,6145,0,0
0.051016,6551,0,0
0.050999,5826,0,0
0.051025,6279,0,0
0.050113,5815,0,0
0.050994,6458,0,0
0.051025,5772,0,0
0.050030,6152,0,0
0.051039,6191,0,0
0.050040,6229,0,0
0.051027,6091,0,0
0.050466,6240,0,0
0.050142,5855,0,0
0.050523,6405,0,0
0.051013,6305,0,0
0.050385,5837,0,0
0.050614,6023,0,0
0.050336,5992,0,0
0.050350,6294,0,0
0.050946,5826,0,0
0.050396,6243,0,0
0.051024,6072,0,0
0.050737,6263,0,0
0.050651,6155,0,0
0.050082,6138,0,0
0.051064,6133,0,0
0.050215,5884,0,0
0.050579,6018,0,0
0.050994,6117,0,0
0.050016,6017,0,0
0.050055,6168,0,0
0.050987,6027,0,0
0.050969,6360,0,0
0.050050,5808,0,0
0.050565,6106,0,0
0.050615,6160,0,0
0.050133,6105,0,0
0.050108,5824,0,0
0.050450,6094,0,0
0.050259,6111,0,0
0.050335,6303,0,0
0.050429,5813,0,0
0.050373,6138,0,0
0.050379,6035,0,0
0.050317,6287,0,0
0.050070,5895,0,0
0.050096,6107,0,0
0.050010,6074,0,0
0.049999,5895,0,0
0.050046,5909,0,0
0.051054,6158,0,0
0.051018,6034,0,0
0.050961,6194,0,0
0.049998,6136,0,0
0.051026,6013,0,0
0.050987,6027,0,0
0.050982,6224,0,0
0.050705,6241,0,0
0.050982,5899,0,0
0.059837,6858,0,0
0.051007,5874,0,0
0.050098,6054,0,0
0.051030,6141,0,0
0.051064,6009,0,0
0.051012,6193,0,0
0.051026,5992,0,0
0.050083,6226,0,0
0.050972,6171,0,0
0.051003,6068,0,0
0.051012,6125,0,0
0.050194,6337,0,0
0.050315,5720,0,0
0.050470,5970,0,0
0.050415,6021,0,0
0.050212,6194,0,0
0.051019,6166,0,0
0.050117,5745,0,0
0.050825,6411,0,0
0.051003,5876,0,0
0.050093,6417,0,0
0.050921,5907,0,0
0.050946,6097,0,0
0.050883,6378,0,0
0.050060,5775,0,0
0.050932,6186,0,0
