Timestamp,gyro,leftEncoder,rightEncoder
1541717575.175800,6244,0,0
0.050914,5868,0,0
0.050086,5664,0,0
0.050349,5988,0,0
0.050582,6028,0,0
0.050071,6032,0,0
0.050047,5916,0,0
0.050035,5775,0,0
0.050074,6337,0,0
0.050087,5649,0,0
0.050035,6070,0,0
0.050156,5742,0,0
0.050115,6067,0,0
0.050056,5993,0,0
0.050080,5702,0,0
0.050139,6264,0,0
0.050175,5729,0,0
0.050560,6057,0,0
0.051001,5716,0,0
0.051011,6142,0,0
0.050236,5887,0,0
0.050506,6053,0,0
0.051012,5952,0,0
0.050039,5702,0,0
0.050033,6328,0,0
0.050980,6042,0,0
0.050956,6335,0,0
0.050995,6232,0,0
0.050987,6089,0,0
0.050212,5872,0,0
0.051054,5675,0,0
0.051007,6190,0,0
0.051050,6044,0,0
0.050099,5723,0,0
0.050973,6295,0,0
0.050052,5647,0,0
0.050396,5916,0,0
0.050021,6132,0,0
0.050073,5753,0,0
0.050216,6040,0,0
0.050055,5933,0,0
0.050200,5978,0,0
0.050086,6048,0,0
0.050052,5823,0,0
0.050133,5945,0,0
0.050193,6052,0,0
0.050091,5981,0,0
0.050303,5400,0,0
0.051005,6411,0,0
0.050186,5800,0,0
0.050888,5972,0,0
0.050934,5961,0,0
0.050139,5784,0,0
0.050915,5991,0,0
0.050987,6308,0,0
0.050946,5657,0,0
0.050040,5832,0,0
0.050580,6071,0,0
0.051025,5925,0,0
0.050789,6177,0,0
0.050973,6028,0,0
0.050970,6433,0,0
0.050006,6022,0,0
0.051045,6074,0,0
0.051035,6058,0,0
0.051047,6238,0,0
0.050111,5709,0,0
0.050040,6300,0,0
0.051024,5914,0,0
0.051007,6240,0,0
0.050025,5878,0,0
0.050884,5867,0,0
0.050932,5965,0,0
0.051022,5954,0,0
0.050107,5691,0,0
0.050080,5935,0,0
0.050160,5941,0,0
0.050045,5996,0,0
0.051025,6042,0,0
0.050511,5997,0,0
0.050970,5931,0,0
0.050879,5436,0,0
0.051033,6230,0,0
0.050015,6018,0,0
0.050063,5957,0,0
0.050995,5625,0,0
0.050023,5985,0,0
0.050951,6502,0,0
0.050126,5793,0,0
0.050028,5971,0,0
0.051003,5896,0,0
0.050939,5986,0,0
0.050010,5803,0,0
0.051027,5992,0,0
0.050194,5747,0,0
0.051051,5900,0,0
0.050954,6215,0,0
0.050540,5986,0,0
0.051100,5856,0,0
0.050246,6016,0,0
0.050178,5727,0,0
0.050045,6025,0,0
0.050098,5996,0,0
0.050995,5999,0,0
0.051157,6020,0,0
0.051066,6078,0,0
0.050962,5746,0,0
0.050981,5967,0,0
0.050931,6132,0,0
0.050978,6001,0,0
0.050561,5997,0,0
0.050307,5520,0,0
0.050667,6012,0,0
0.050720,6374,0,0
0.050357,5720,0,0
0.051023,6405,0,0
0.050351,5645,0,0
0.051038,5986,0,0
0.050790,6034,0,0
0.050073,5980,0,0
0.050234,6021,0,0
0.050121,5645,0,0
0.049975,5993,0,0
0.051008,6161,0,0
0.050049,6026,0,0
0.050005,5927,0,0
0.050016,6055,28,2
0.050039,6171,249,118
0.050085,14205,509,298
0.050280,15650,498,496
0.050031,6657,646,720
0.050192,7000,848,867
0.050252,11902,929,992
0.050064,10884,954,1005
0.050256,7529,958,1000
0.050530,6945,954,977
0.050151,9209,948,976
0.050652,8385,945,972
0.050634,7803,957,979
0.050858,6614,1047,1059
0.050191,5058,1138,1143
0.050299,4903,1217,1215
0.050683,5668,1339,1340
0.050584,5581,1346,1343
0.050071,6639,1356,1354
0.050504,6730,1362,1360
0.050033,6291,1394,1406
0.050339,3425,1455,1438
0.050224,828,1519,1488
0.050796,3400,1623,1589
0.050494,7515,1709,1707
0.050560,10050,1850,1878
0.050089,9600,1882,1904
0.050093,8524,1982,1998
0.050189,8103,2039,2037
0.050580,7371,2059,2068
0.050091,7813,2056,2064
0.050874,6348,2093,2113
0.050298,5395,2067,2082
0.050230,6223,2067,2070
0.051013,6483,2057,2065
0.050229,8025,2106,2106
0.050683,5917,2072,2091
0.050629,5345,2123,2128
0.050097,4955,2085,2085
0.050891,6067,2087,2086
0.050609,6024,2079,2087
0.050020,6713,2075,2085
0.050032,6069,2070,2086
0.050982,5331,2075,2084
0.050020,5607,2079,2080
0.050991,6671,2125,2135
0.051051,6000,2076,2083
0.050106,7204,2071,2080
0.050224,7522,2070,2089
0.051098,6313,2136,2154
0.050284,5168,2054,2070
0.050569,1087,2063,2069
0.050529,1380,2132,2128
0.051839,5351,2151,2137
0.050947,7091,2106,2101
0.050078,7355,2071,2084
0.050047,5421,2071,2082
0.051024,5482,2073,2071
0.050037,7021,2073,2063
0.050915,6849,2064,2074
0.050047,4379,2073,2089
0.050131,1302,2059,2028
0.050186,5248,2070,2040
0.050945,10136,2127,2126
0.051054,11552,2095,2101
0.051049,8762,2127,2138
0.050178,5371,2062,2108
0.050934,2196,2085,2092
0.050890,6899,2100,2071
0.051033,8348,2097,2120
0.050211,6430,2069,2095
0.050475,5785,2066,2073
0.050212,4553,2035,2045
0.050823,4887,2126,2118
0.050380,5531,2056,2053
0.050642,5349,2109,2107
0.050339,5219,2069,2068
0.050063,5544,2027,2022
0.050996,6411,2105,2101
0.050089,5302,2063,2071
0.050998,6514,2086,2076
0.050022,6890,2029,2029
0.050158,6024,2042,2051
0.050059,5532,2001,2006
0.050004,5378,2044,2043
0.050102,6457,2041,2042
0.050231,6646,2046,2050
0.050813,4578,2082,2087
0.050070,5845,2021,2025
0.050571,2471,2072,2070
0.050011,1334,2081,2059
0.050367,5251,2092,2067
0.050003,6951,2033,2033
0.050928,7585,2117,2126
0.050356,6302,2067,2077
0.051016,5531,2077,2082
0.050084,5110,2065,2057
0.051057,5003,2105,2093
0.050072,5618,2020,2028
0.050112,3722,2073,2068
0.050057,1424,2066,2021
0.050047,6127,2049,2017
0.051042,10462,2115,2134
0.050038,9168,2086,2121
0.050118,5222,2041,2064
0.049998,1963,2091,2088
0.050036,3364,2046,2000
0.050009,8632,2079,2048
0.051035,7708,2115,2136
0.050039,6422,2035,2039
0.050097,4627,2078,2080
0.050028,3721,2051,2039
0.050286,6058,2080,2063
0.050141,4790,2100,2102
0.051041,4525,2098,2079
0.050129,4030,2077,2060
0.051053,5084,2141,2122
0.050041,5789,2039,2023
0.050073,5692,2081,2078
0.050201,5803,2089,2081
0.051031,4707,2087,2083
0.051018,4909,2135,2124
0.051053,5517,2098,2093
0.051036,4071,2133,2133
0.050036,4103,2092,2086
0.050004,4508,2068,2067
0.049999,6132,2062,2053
0.050039,5947,2046,2052
0.050286,1906,2099,2099
0.051023,2681,2088,2076
0.051026,5057,2127,2122
0.050519,5804,2087,2090
0.050334,6457,2074,2078
0.049990,6100,2078,2079
0.051019,6397,2085,2082
0.051056,5813,2103,2102
0.050035,6149,2093,2086
0.051024,5980,2064,2066
0.050072,1105,2089,2066
0.050055,2860,2073,2025
0.050092,8512,2054,2046
0.051014,11090,2131,2163
0.051015,7745,2086,2109
0.050126,4089,2083,2096
0.050111,2446,2081,2058
0.050034,6697,2071,2037
0.050140,6931,2032,2034
0.050038,6128,2070,2069
0.050041,4203,2077,2081
0.050059,4289,1992,1984
0.050010,4547,2008,2015
0.050019,5613,1873,1871
0.050045,2332,1692,1691
0.050186,3754,1566,1564
0.050009,10757,1402,1397
0.051048,8386,1254,1263
0.050021,4361,1043,1049
0.050287,6503,898,904
0.050041,5142,724,724
0.050157,2362,553,541
0.050022,6727,389,364
0.051037,7206,237,242
0.051034,8099,124,143
0.050018,7453,21,160
0.051069,8688,-161,290
0.050339,27426,-301,437
0.051052,90430,-621,602
0.050040,137833,-917,978
0.050211,153804,-1044,1132
0.050191,163903,-1102,1153
0.050014,154255,-1118,1172
0.050290,156173,-1143,1181
0.050028,153477,-1122,1132
0.051031,151660,-1134,1138
0.050011,144450,-1077,1080
0.050137,150483,-1094,1103
0.050053,151959,-1105,1099
0.050164,151611,-1108,1111
0.050008,144788,-1094,1077
0.050009,152212,-1108,1105
0.050065,151838,-1110,1103
0.050114,150524,-1075,1078
0.051066,150210,-1123,1121
0.050066,145285,-1070,1066
0.050016,151642,-1100,1105
0.050215,150437,-1093,1090
0.050214,148507,-1079,1095
0.050092,149506,-1097,1094
0.050133,142072,-1057,1064
0.051037,151391,-1131,1127
0.051064,160687,-1101,1119
0.050073,143271,-1039,1042
0.050044,141552,-947,940
0.050125,121121,-821,798
0.050073,109770,-670,640
0.050151,80516,-493,452
0.051050,53408,-341,299
0.051058,18383,-185,144
0.051027,3305,-103,123
0.050004,1631,-51,13
0.050139,2442,-38,5
0.050193,1982,-10,-4
0.051049,2228,199,-159
0.051033,-6505,395,-282
0.050100,-33253,307,-266
0.050147,-43090,304,-340
0.051014,-41944,217,-273
0.050256,-31164,139,-136
0.050071,-13426,79,-87
0.050070,3176,57,-54
0.051052,14048,45,-64
0.050577,12746,18,-1
0.050846,9851,28,0
0.050722,6412,43,0
0.050862,4800,16,1
0.050858,5446,68,31
0.050776,2800,261,234
0.050954,-12777,432,458
0.050754,-13099,779,563
0.050167,1782,1048,968
0.051003,7524,1229,1230
0.050137,10486,1261,1295
0.050988,8800,1314,1352
0.050251,6251,1311,1329
0.050852,4093,1274,1285
0.050771,4417,1308,1328
0.050807,2278,1263,1253
0.051046,4464,1292,1224
0.050910,6804,1237,1220
0.050473,10337,1255,1258
0.050970,13171,1309,1343
0.050665,11242,1376,1438
0.050990,8499,1425,1461
0.050238,3205,1517,1505
0.050890,2250,1576,1543
0.050448,2826,1671,1643
0.050983,4448,1672,1656
0.050253,7038,1667,1692
0.050729,5211,1678,1719
0.050609,5151,1732,1739
0.050462,8477,1720,1719
0.050646,8904,1718,1729
0.050767,9097,1737,1742
0.050999,8580,1751,1758
0.050805,6093,1771,1782
0.050625,4970,1748,1753
0.050553,5593,1768,1766
0.050482,5434,1786,1789
0.050444,6380,1788,1790
0.050411,8513,1781,1795
0.050435,5533,1821,1846
0.050110,356,1825,1810
0.050383,730,1843,1829
0.050434,2623,1861,1840
0.050504,3432,1835,1814
0.050406,5390,1850,1828
0.050523,5854,1884,1876
0.050429,5919,1844,1829
0.050441,6785,1813,1817
0.050367,5936,1836,1840
0.050444,4391,1836,1827
0.050429,4915,1857,1853
0.050491,5451,1849,1850
0.050440,6082,1841,1840
0.050592,5995,1842,1845
0.050267,7804,1851,1864
0.050520,6907,1841,1859
0.050489,5732,1831,1841
0.050452,6225,1877,1881
0.050584,6004,1839,1836
0.050478,5714,1840,1836
0.050452,6758,1822,1831
0.050460,5717,1822,1836
0.050604,2506,1870,1858
0.050466,3550,1829,1799
0.050378,9205,1868,1848
0.050334,12264,1826,1863
0.050427,10824,1836,1882
0.050420,5705,1843,1863
0.050420,4891,1848,1840
0.050468,5057,1860,1839
0.050435,6303,1843,1826
0.050469,6529,1841,1845
0.050526,5920,1834,1833
0.050531,7074,1873,1881
0.050386,6254,1840,1850
0.050406,5558,1842,1841
0.050461,6515,1838,1837
0.050401,6784,1853,1867
0.050471,6554,1814,1826
0.050608,6397,1851,1862
0.050336,6569,1814,1820
0.050338,7194,1830,1840
0.050371,7730,1819,1839
0.050384,3541,1866,1875
0.050748,2447,1857,1840
0.051039,4944,1876,1863
0.050764,5173,1878,1867
0.050516,4807,1841,1837
0.051020,4916,1889,1886
0.050359,4430,1839,1830
0.050901,4843,1881,1877
0.050748,3751,1838,1837
0.050946,2240,1879,1868
0.050790,2365,1834,1823
0.050905,2185,1857,1849
0.050749,3266,1830,1803
0.050770,6251,1851,1842
0.050716,7814,1799,1810
0.050657,8329,1821,1843
0.050938,7637,1789,1807
0.050607,7176,1809,1822
0.050695,6321,1754,1768
0.050666,4758,1746,1765
0.050717,3963,1623,1629
0.050580,5471,1508,1498
0.050648,4070,1302,1301
0.050563,8096,1149,1123
0.050666,5511,972,972
0.050727,4286,819,818
0.050679,5543,631,655
0.050630,10069,478,487
0.050686,8298,293,250
0.050581,1351,144,90
0.050658,808,93,89
0.050550,7816,75,89
0.050709,13666,28,41
0.050708,11350,1,49
0.050496,5414,0,41
0.050597,5558,0,35
0.050704,6558,0,28
0.050094,5910,46,-3
0.050617,4439,276,-187
0.050716,-19127,403,-381
0.050598,-88414,744,-647
0.050677,-148190,1142,-1013
0.050632,-174680,1335,-1275
0.050690,-186959,1401,-1413
0.050665,-187444,1409,-1455
0.050898,-181565,1446,-1471
0.050617,-179887,1413,-1418
0.050508,-181314,1412,-1409
0.050689,-182241,1405,-1414
0.050612,-174457,1415,-1415
0.050754,-190984,1438,-1457
0.050761,-171101,1381,-1394
0.050717,-178471,1425,-1448
0.050825,-179037,1389,-1398
0.050574,-180016,1430,-1425
0.050709,-185505,1429,-1423
0.050607,-185449,1439,-1447
0.050633,-184418,1433,-1453
0.050642,-193125,1458,-1470
0.050656,-174007,1417,-1433
0.050662,-181736,1424,-1430
0.050706,-182029,1429,-1421
0.050612,-180938,1411,-1423
0.050552,-180003,1405,-1427
0.050776,-183223,1412,-1417
0.050703,-186904,1437,-1425
0.050675,-185284,1455,-1448
0.050667,-182353,1473,-1463
0.050726,-181420,1445,-1435
0.050705,-185422,1465,-1445
0.050878,-196192,1601,-1594
0.050689,-220985,1789,-1796
0.050729,-251262,1899,-1899
0.050760,-265622,2009,-1999
0.050711,-270873,2073,-2070
0.050980,-272438,2093,-2096
0.050651,-273119,2052,-2053
0.050083,-272724,2055,-2045
0.050592,-271521,2050,-2031
0.050548,-271553,2098,-2072
0.050729,-271788,2040,-2029
0.050598,-267741,2007,-2008
0.050571,-247882,1955,-1971
0.050672,-261975,1867,-1890
0.050699,-225100,1687,-1712
0.050678,-220543,1519,-1553
0.050652,-189662,1394,-1411
0.050740,-152539,1187,-1210
0.050603,-128314,1017,-1034
0.050670,-108107,873,-882
0.050708,-86079,686,-707
0.050617,-59323,593,-608
0.050727,-45933,668,-544
0.050636,-59745,859,-693
0.050701,-121649,982,-991
0.050708,-187490,1249,-1355
0.050647,-202795,1444,-1513
0.050636,-197518,1339,-1385
0.050623,-181104,1191,-1216
0.050688,-147508,1051,-1064
0.050668,-105041,865,-848
0.050714,-67602,687,-725
0.050599,-54023,526,-513
0.050729,-43880,352,-361
0.050624,-30116,190,-217
0.050680,-12424,104,-129
0.050801,6238,63,-64
0.050634,14179,131,-26
0.050586,16018,318,178
0.050617,-184,406,425
0.050583,-14952,685,530
0.050504,-4182,895,721
0.050533,4521,1046,1008
0.050600,8653,1064,1093
0.050512,8182,1099,1125
0.050470,4399,1087,1101
0.050460,1322,1097,1074
0.050047,7947,1112,1060
0.050662,12784,1100,1124
0.050501,10275,1137,1168
0.050615,11299,1201,1247
0.050532,12625,1208,1248
0.050547,10437,1212,1246
0.050474,5755,1225,1268
0.050604,4034,1240,1270
0.050498,6877,1275,1256
0.050525,5999,1250,1256
0.050325,5780,1270,1262
0.050520,9837,1257,1278
0.050550,9167,1250,1280
0.050577,4477,1254,1264
0.050507,-859,1230,1219
0.050484,-2611,1207,1192
0.050502,-2018,1164,1138
0.050571,-768,1144,1017
0.050543,-2712,1174,887
0.050567,-6510,1214,704
0.050695,-20553,1239,529
0.050532,-45948,1235,348
0.050463,-66988,1213,152
0.050504,-80307,1227,98
0.050413,-73711,1197,108
0.050573,-63991,1196,114
0.050995,-57470,1233,189
0.050575,-54976,1231,341
0.050559,-54908,1244,456
0.050435,-53440,1330,712
0.050568,-38316,1353,874
0.050513,-8945,1333,1046
0.050467,5125,1292,1228
0.050519,6784,1219,1239
0.050444,3209,1102,1125
0.050668,7381,1001,1008
0.050470,10948,853,853
0.050551,5116,757,778
0.050508,7842,604,719
0.050523,13408,455,656
0.051031,18446,292,729
0.050356,35571,116,746
0.050519,66646,-70,767
0.050453,77326,-233,832
0.050421,75927,-272,851
0.050520,80901,-247,893
0.050574,82441,-161,965
0.050574,82814,-29,1050
0.050447,83544,210,1154
0.050461,80911,460,1224
0.050470,48339,699,1312
0.050426,14223,1114,1383
0.050500,7814,1460,1509
0.050532,9960,1570,1590
0.050573,9825,1632,1680
0.050599,7865,1653,1699
0.050455,5132,1666,1685
0.050680,4928,1665,1664
0.050523,5110,1663,1664
0.050525,4401,1674,1675
0.050642,4901,1690,1682
0.050874,6552,1709,1700
0.050051,8854,1723,1735
0.049984,6562,1740,1756
0.050856,4996,1786,1781
0.050989,4319,1812,1810
0.050982,5235,1872,1840
0.050164,2387,1780,1683
0.050869,-441,1808,1567
0.050758,-5640,1845,1414
0.050428,-24938,1812,1315
0.050336,-36463,1887,1522
0.050210,-31916,1845,1566
0.050181,-16674,1811,1458
0.050009,-1872,1788,1472
0.050338,-979,1780,1411
0.050155,-11017,1768,1250
0.050573,-35575,1792,1077
0.050058,-57676,1754,889
0.050151,-67405,1782,828
0.051094,-73630,1817,991
0.051052,-61707,1828,1092
0.050448,-24159,1872,1359
0.050439,263,1870,1710
0.050554,7393,1947,1923
0.051101,13604,2017,2033
0.050933,10310,2047,2100
0.050773,6489,2036,2073
0.050202,6631,2028,2050
0.051038,5381,2082,2113
0.050586,4712,2084,2108
0.050865,6576,2096,2112
0.050322,6279,2035,2057
0.050536,7176,2046,2069
0.050430,7838,2077,2096
0.050079,7634,2042,2069
0.050315,6825,2043,2063
0.050168,6845,2034,2057
0.049983,6773,2043,2070
0.050923,6336,2083,2104
0.050044,7246,2042,2064
0.051073,7312,2094,2121
0.050772,6151,2086,2109
0.050472,5749,2019,2030
0.050584,7070,2092,2106
0.050506,7278,2080,2093
0.050582,7605,2070,2084
0.050667,9274,2071,2094
0.050477,6369,2075,2109
0.050470,4901,2038,2048
0.050417,7399,2085,2094
0.050419,7085,2058,2069
0.050550,7321,2082,2092
0.050650,8242,2067,2088
0.050466,3247,2061,2060
0.050472,5385,2051,2025
0.050477,11866,2069,2081
0.050424,14524,2052,2097
0.050406,13164,2080,2130
0.050490,2781,2054,2080
0.050122,-718,2071,2086
0.050459,3801,2058,2022
0.050408,7012,2068,2069
0.050587,8973,2105,2118
0.050718,8525,2050,2076
0.050996,6880,2098,2117
0.050446,7415,2042,2058
0.050061,7276,2058,2085
0.051048,5700,2101,2124
0.050986,4631,2076,2093
0.050959,7027,2102,2102
0.050993,7311,2065,2090
0.051008,5500,2108,2127
0.050977,4967,2079,2090
0.050959,4463,2109,2116
0.050951,7109,2106,2096
0.050389,9117,2018,2034
0.051004,6324,2105,2129
0.050021,4947,2058,2067
0.051020,4645,2057,2066
0.050056,4646,2076,2079
0.050968,3954,2112,2112
0.050056,5979,2026,2016
0.050048,5497,2072,2080
0.050084,5119,2075,2074
0.050138,6627,2033,2035
0.050052,6993,2091,2106
0.050135,5536,2061,2051
0.050001,8108,2070,2070
0.050987,7174,2057,2071
0.050989,5437,2092,2093
0.050035,7282,2073,2078
0.050970,4427,2075,2088
0.050983,2344,2107,2066
0.051014,8359,2072,2057
0.050980,13241,2109,2133
0.050092,13402,2078,2111
0.050989,5717,2035,2080
0.050978,-1272,2119,2139
0.050869,1147,2096,2070
0.050579,7801,2067,2041
0.051028,6589,2114,2137
0.050007,6276,2074,2087
0.051031,6350,2071,2073
0.051021,8320,2096,2093
0.051032,10102,2105,2117
0.051050,5790,2054,2081
0.050931,4023,2118,2125
0.051040,5035,2097,2101
0.051052,4122,2112,2121
0.050999,5141,2073,2072
0.051013,5081,2128,2128
0.050960,5666,2078,2077
0.050973,5808,2111,2109
0.050883,5848,2114,2116
0.051017,6011,2068,2075
0.050882,4037,2110,2113
0.050133,4786,2071,2069
0.050008,4193,2021,2024
0.051039,1941,2137,2132
0.051005,4532,2120,2092
0.050070,5309,2029,2023
0.050076,4897,2083,2075
0.050992,6816,2119,2113
0.051038,7092,2094,2092
0.050952,5232,2124,2128
0.051007,4937,2127,2127
0.050952,7233,2070,2057
0.050008,6801,2067,2065
0.051071,7766,2109,2112
0.049992,6859,2014,2019
0.050071,3225,2063,2045
0.050973,7254,2062,2041
0.051007,11700,2079,2094
0.050997,12472,1963,1978
0.050451,8653,1802,1804
0.050954,-3241,1636,1639
0.050963,-2199,1503,1502
0.051047,8824,1317,1325
0.050993,10192,1160,1155
0.050308,8709,958,961
0.050044,2712,788,786
0.050136,-185,603,691
0.050065,22495,444,888
0.050099,41525,307,1079
0.050150,69114,101,1220
0.050074,117997,-100,1554
0.050080,150469,-319,1899
0.050139,173104,-607,2011
0.050137,216095,-971,2118
0.050107,245663,-1393,2118
0.050057,267830,-1762,2124
0.050082,266742,-1952,2106
0.050169,282105,-2055,2118
0.050106,279049,-2029,2058
0.050999,274238,-1951,1936
0.050034,261402,-1837,1805
0.050034,231178,-1668,1613
0.050165,214671,-1471,1418
0.050074,172383,-1340,1306
0.050110,157256,-1165,1150
0.050204,139435,-983,980
0.050049,120187,-812,798
0.050086,88286,-650,630
0.050089,62213,-459,456
0.050121,42785,-307,311
0.050096,24911,-161,142
0.050054,7376,-101,88
0.050041,-155,-124,127
0.050145,2941,-316,280
0.050037,40299,-368,395
0.050022,100024,-644,641
0.050047,130454,-828,815
0.050150,126786,-812,823
0.050077,105448,-667,686
0.050071,90754,-521,522
0.050135,68949,-355,345
0.050098,35803,-180,143
0.050078,-1299,-96,90
0.050026,-8140,-81,53
0.050434,-5748,-27,32
0.051054,61,-2,6
0.051074,5304,0,4
0.050011,6917,0,7
0.051048,7622,1,0
0.050002,6364,34,-5
0.050027,4996,226,-169
0.051045,-6425,461,-436
0.051047,-68447,550,-547
0.050016,-104829,743,-696
0.050029,-108575,727,-728
0.050984,-94765,614,-616
0.050946,-75116,427,-428
0.051014,-38548,265,-259
0.051015,7927,118,-122
0.050177,20064,77,-93
0.050066,17564,69,-22
0.050063,11244,-13,2
0.050108,7718,-190,150
0.050064,12452,-453,432
0.050043,68991,-476,452
0.050068,116058,-729,702
0.050068,112755,-748,724
0.050149,106022,-635,653
0.050094,83494,-470,483
0.050051,66186,-310,316
0.050049,32685,-150,150
0.050009,-2895,-69,97
0.050998,-9130,-31,126
0.050982,-3139,182,254
0.050999,22188,469,356
0.051027,23078,564,763
0.050983,13926,933,1131
0.051033,23698,1285,1647
0.050408,44377,1393,1963
0.050162,52084,1353,2033
0.050151,56605,1379,2118
0.050106,54472,1380,2146
0.050134,50200,1399,2126
0.050061,45610,1356,2025
0.050685,48749,1402,2087
0.051039,51190,1481,2108
0.050025,46110,1586,2032
0.051043,18678,1808,2083
0.050295,7339,1950,2024
0.050334,5507,2024,2050
0.050347,8104,2076,2105
0.050250,5515,2082,2120
0.050296,2611,2084,2085
0.050264,4854,2071,2047
0.050351,9143,2069,2055
0.050188,8765,2078,2099
0.050127,6981,2057,2039
0.050056,3091,2059,1945
0.050113,-4636,2004,1759
0.050325,-12083,2107,1692
0.050244,-20471,1983,1450
0.050330,-33375,2010,1315
0.050121,-49910,1969,1152
0.050077,-60473,1914,972
0.050217,-66868,1789,799
0.051014,-63082,1784,651
0.049990,-66208,1720,453
0.050061,-77149,1722,369
0.050201,-90419,1820,546
0.050310,-98178,1914,681
0.050161,-87155,1995,787
0.050006,-50913,2037,1126
0.050148,-22357,2079,1594
0.051033,-4944,2121,1935
0.050057,5461,2051,1990
0.050266,9357,2127,2102
0.050245,6371,2097,2119
0.050279,3888,2095,2099
0.049994,2499,2035,2017
0.051004,6699,2128,2108
0.050962,6405,2053,2066
0.050041,5263,2065,2068
0.050051,4423,2075,2062
0.050957,5725,2072,2065
0.050737,5309,2099,2095
0.050989,5309,2133,2125
0.051001,7946,2112,2116
0.050960,8830,2158,2183
0.051071,5725,2114,2134
0.051048,2263,2095,2080
0.050981,5698,2142,2126
0.050970,7105,2120,2119
0.050952,7231,2080,2089
0.050982,3190,2129,2121
0.050973,3457,2055,2025
0.050108,9406,2080,2063
0.050214,13077,2092,2114
0.050096,7344,2092,2121
0.050075,1857,2028,2025
0.051047,3196,2120,2081
0.050725,4813,2083,2052
0.050794,6155,2099,2088
0.050618,5268,2123,2120
0.050591,4653,2091,2090
0.050838,4755,2084,2065
0.050517,6057,2124,2111
0.050673,5994,2085,2087
0.050866,3760,2081,2080
0.050647,4160,2141,2130
0.050692,5107,2067,2056
0.050955,5628,2133,2130
0.050172,5262,2039,2038
0.050894,4890,2139,2136
0.050590,4461,2086,2079
0.050457,4173,2086,2072
0.050171,4902,2089,2078
0.050350,4821,2080,2080
0.050497,4789,2082,2071
0.050291,6517,2085,2090
0.051049,5297,2109,2119
0.050157,4069,2041,2030
0.050170,5214,2086,2076
0.050235,5977,2086,2082
0.050178,5631,2090,2086
0.050785,7585,2096,2097
0.050217,7368,2053,2067
0.050223,5461,1889,1900
0.050415,-821,1811,1806
0.050209,-5829,1658,1654
0.050388,5985,1490,1479
0.050164,14013,1308,1309
0.050405,9665,1173,1174
0.050190,3253,948,958
0.050347,3115,825,931
0.050123,5154,630,1032
0.050174,28756,462,1123
0.050047,91916,299,1413
0.051054,126966,116,1856
0.050692,146047,-87,2071
0.050924,161917,-235,2109
0.050955,183939,-641,2157
0.050965,221888,-1012,2151
0.051008,231067,-1420,2088
0.051052,280083,-1811,2136
0.050976,280955,-2002,2136
0.050991,284061,-2007,2064
0.051064,275518,-1998,1980
0.050009,263312,-1815,1777
0.050919,250170,-1710,1680
0.050073,218413,-1501,1470
0.050041,197767,-1315,1305
0.050193,152861,-1130,1109
0.051025,126084,-1003,997
0.050055,105403,-810,797
0.051029,91370,-641,637
0.051030,80372,-577,575
0.051021,65129,-711,688
0.050065,68574,-803,856
0.050726,123584,-925,948
0.050048,174933,-1307,1258
0.050164,222989,-1624,1580
0.050077,238228,-1658,1636
0.050210,232971,-1567,1582
0.050185,206748,-1427,1447
0.050421,196300,-1277,1284
0.050044,168857,-1092,1246
0.050099,146928,-925,1349
0.051054,124612,-753,1505
0.050177,138967,-599,1526
0.050996,159056,-424,1805
0.050021,157619,-235,2058
0.051037,150404,-37,2159
0.051041,141357,157,2165
0.050006,124813,428,2083
0.050113,95928,766,2093
0.051026,67240,1169,2091
0.051033,40085,1583,1994
0.050111,11783,1834,1826
0.050676,-3562,1939,1653
0.051053,-16518,2031,1517
0.051025,-38732,2028,1339
0.050952,-55476,2051,1162
0.050003,-60142,1981,945
0.051039,-76861,2078,804
0.050057,-88206,2054,604
0.050019,-96922,2046,423
0.050062,-115231,2000,242
0.051060,-127710,2080,80
0.051050,-139758,2078,-1
0.051042,-138403,2053,-9
0.051023,-129132,1953,-4
0.051038,-122884,1975,-12
0.051005,-125489,1920,-2
0.050102,-111508,1848,37
0.050050,-118532,1927,228
0.051047,-119478,2011,499
0.050033,-103799,2040,674
0.050490,-66235,2030,954
0.050971,-30891,2097,1501
0.050017,-6023,1984,1784
0.051004,4745,1914,1876
0.051045,8032,1833,1857
0.050984,7160,1637,1677
0.051044,16096,1447,1456
0.050667,10529,1254,1267
0.051039,4308,1114,1134
0.050985,4487,939,937
0.050980,5910,746,747
0.051044,7116,581,592
0.051043,5163,404,393
0.051008,3808,215,181
0.050983,5463,117,129
0.051016,9649,88,98
0.050143,8369,41,31
0.051039,3732,39,3
0.051022,5731,25,5
0.050025,6259,3,4
0.051070,6269,0,-1
0.051007,5590,0,0
0.051032,6293,-1,0
0.050106,5689,0,0
0.050093,6079,0,0
0.051019,5923,0,0
0.050091,5992,0,0
0.051048,5828,0,0
0.050058,5734,0,0
0.051049,5906,0,0
0.051039,6362,0,0
0.050074,5918,0,0
0.050002,5732,0,0
0.050114,5954,0,0
0.050967,5943,0,0
0.050001,5625,0,0
0.051031,6423,0,0
0.050007,5874,0,0
0.050108,5723,0,0
0.050025,6002,0,0
0.051000,6106,0,0
0.051031,6356,0,0
0.050014,5853,0,0
0.051014,5921,0,0
0.051015,5895,0,0
0.050031,5961,0,0
0.050028,5808,0,0
0.050542,5971,0,0
0.050041,6012,0,0
0.050031,6014,0,0
0.051015,5963,0,0
0.051038,5966,0,0
0.051041,5955,0,0
0.051046,5817,0,0
0.051033,6250,0,0
0.051043,5772,0,0
0.051004,6443,0,0
0.050004,5858,0,0
0.051048,6329,0,0
0.050974,5830,0,0
